[4.876s] DEBUG:colcon:Command line arguments: ['/bin/colcon', 'build']
[4.877s] DEBUG:colcon:Parsed command line arguments: Namespace(allow_overriding=[], ament_cmake_args=None, base_paths=['.'], build_base='build', catkin_cmake_args=None, catkin_skip_building_tests=False, cmake_args=None, cmake_clean_cache=False, cmake_clean_first=False, cmake_force_configure=False, cmake_target=None, cmake_target_skip_unavailable=False, continue_on_error=False, event_handlers=None, executor='parallel', ignore_user_meta=False, install_base='install', log_base=None, log_level=None, main=<bound method BuildVerb.main of <colcon_core.verb.build.BuildVerb object at 0x7f33b2fb4280>>, merge_install=False, metas=['./colcon.meta'], packages_above=None, packages_above_and_dependencies=None, packages_above_depth=None, packages_end=None, packages_ignore=None, packages_ignore_regex=None, packages_select=None, packages_select_build_failed=False, packages_select_by_dep=None, packages_select_regex=None, packages_select_test_failures=False, packages_skip=None, packages_skip_build_finished=False, packages_skip_by_dep=None, packages_skip_regex=None, packages_skip_test_passed=False, packages_skip_up_to=None, packages_start=None, packages_up_to=None, packages_up_to_regex=None, parallel_workers=4, paths=None, symlink_install=False, test_result_base=None, verb_extension=<colcon_core.verb.build.BuildVerb object at 0x7f33b2fb4280>, verb_name='build', verb_parser=<colcon_defaults.argument_parser.defaults.DefaultArgumentsDecorator object at 0x7f33b2fb4730>)
[7.755s] Level 1:colcon.colcon_core.package_discovery:discover_packages(colcon_meta) check parameters
[7.756s] Level 1:colcon.colcon_core.package_discovery:discover_packages(recursive) check parameters
[7.756s] Level 1:colcon.colcon_core.package_discovery:discover_packages(ignore) check parameters
[7.756s] Level 1:colcon.colcon_core.package_discovery:discover_packages(path) check parameters
[7.756s] Level 1:colcon.colcon_core.package_discovery:discover_packages(colcon_meta) discover
[7.756s] Level 1:colcon.colcon_core.package_discovery:discover_packages(recursive) discover
[7.757s] INFO:colcon.colcon_core.package_discovery:Crawling recursively for packages in '/home/dwd/Documents/project/esp_ws'
[7.757s] Level 1:colcon.colcon_core.package_identification:_identify(.) by extensions ['ignore', 'ignore_ament_install']
[7.757s] Level 1:colcon.colcon_core.package_identification:_identify(.) by extension 'ignore'
[7.757s] Level 1:colcon.colcon_core.package_identification:_identify(.) by extension 'ignore_ament_install'
[7.758s] Level 1:colcon.colcon_core.package_identification:_identify(.) by extensions ['colcon_pkg']
[7.758s] Level 1:colcon.colcon_core.package_identification:_identify(.) by extension 'colcon_pkg'
[7.758s] Level 1:colcon.colcon_core.package_identification:_identify(.) by extensions ['colcon_meta']
[7.758s] Level 1:colcon.colcon_core.package_identification:_identify(.) by extension 'colcon_meta'
[7.758s] Level 1:colcon.colcon_core.package_identification:_identify(.) by extensions ['ros']
[7.759s] Level 1:colcon.colcon_core.package_identification:_identify(.) by extension 'ros'
[7.931s] Level 1:colcon.colcon_core.package_identification:_identify(.) by extensions ['cmake', 'python']
[7.931s] Level 1:colcon.colcon_core.package_identification:_identify(.) by extension 'cmake'
[7.931s] Level 1:colcon.colcon_core.package_identification:_identify(.) by extension 'python'
[7.931s] Level 1:colcon.colcon_core.package_identification:_identify(.) by extensions ['python_setup_py']
[7.931s] Level 1:colcon.colcon_core.package_identification:_identify(.) by extension 'python_setup_py'
[7.932s] Level 1:colcon.colcon_core.package_identification:_identify(build) by extensions ['ignore', 'ignore_ament_install']
[7.932s] Level 1:colcon.colcon_core.package_identification:_identify(build) by extension 'ignore'
[7.932s] Level 1:colcon.colcon_core.package_identification:_identify(build) ignored
[7.933s] Level 1:colcon.colcon_core.package_identification:_identify(car_description) by extensions ['ignore', 'ignore_ament_install']
[7.933s] Level 1:colcon.colcon_core.package_identification:_identify(car_description) by extension 'ignore'
[7.933s] Level 1:colcon.colcon_core.package_identification:_identify(car_description) by extension 'ignore_ament_install'
[7.934s] Level 1:colcon.colcon_core.package_identification:_identify(car_description) by extensions ['colcon_pkg']
[7.934s] Level 1:colcon.colcon_core.package_identification:_identify(car_description) by extension 'colcon_pkg'
[7.934s] Level 1:colcon.colcon_core.package_identification:_identify(car_description) by extensions ['colcon_meta']
[7.934s] Level 1:colcon.colcon_core.package_identification:_identify(car_description) by extension 'colcon_meta'
[7.934s] Level 1:colcon.colcon_core.package_identification:_identify(car_description) by extensions ['ros']
[7.934s] Level 1:colcon.colcon_core.package_identification:_identify(car_description) by extension 'ros'
[8.002s] DEBUG:colcon.colcon_core.package_identification:Found ROS schema reference in package manifest in 'car_description'
[8.003s] WARNING:colcon.colcon_core.package_identification:Failed to parse ROS package manifest in 'car_description': Error(s) in package 'car_description/package.xml':
Invalid email "xuetingdeng98@gmail" for person "dwd"
[8.003s] Level 1:colcon.colcon_core.package_identification:_identify(car_description) by extensions ['cmake', 'python']
[8.003s] Level 1:colcon.colcon_core.package_identification:_identify(car_description) by extension 'cmake'
[8.003s] Level 1:colcon.colcon_core.package_identification:_identify(car_description) by extension 'python'
[8.043s] DEBUG:colcon.colcon_core.package_identification:Python package in 'car_description' passes arguments to the setup() function which requires a different identification extension than 'python'
[8.044s] Level 1:colcon.colcon_core.package_identification:_identify(car_description) by extensions ['python_setup_py']
[8.044s] Level 1:colcon.colcon_core.package_identification:_identify(car_description) by extension 'python_setup_py'
[8.439s] DEBUG:colcon.colcon_core.package_identification:Package 'car_description' with type 'python' and name 'car_description'
[8.439s] Level 1:colcon.colcon_core.package_identification:_identify(install) by extensions ['ignore', 'ignore_ament_install']
[8.439s] Level 1:colcon.colcon_core.package_identification:_identify(install) by extension 'ignore'
[8.440s] Level 1:colcon.colcon_core.package_identification:_identify(install) ignored
[8.440s] Level 1:colcon.colcon_core.package_identification:_identify(launch) by extensions ['ignore', 'ignore_ament_install']
[8.440s] Level 1:colcon.colcon_core.package_identification:_identify(launch) by extension 'ignore'
[8.440s] Level 1:colcon.colcon_core.package_identification:_identify(launch) by extension 'ignore_ament_install'
[8.440s] Level 1:colcon.colcon_core.package_identification:_identify(launch) by extensions ['colcon_pkg']
[8.440s] Level 1:colcon.colcon_core.package_identification:_identify(launch) by extension 'colcon_pkg'
[8.440s] Level 1:colcon.colcon_core.package_identification:_identify(launch) by extensions ['colcon_meta']
[8.440s] Level 1:colcon.colcon_core.package_identification:_identify(launch) by extension 'colcon_meta'
[8.440s] Level 1:colcon.colcon_core.package_identification:_identify(launch) by extensions ['ros']
[8.441s] Level 1:colcon.colcon_core.package_identification:_identify(launch) by extension 'ros'
[8.441s] Level 1:colcon.colcon_core.package_identification:_identify(launch) by extensions ['cmake', 'python']
[8.441s] Level 1:colcon.colcon_core.package_identification:_identify(launch) by extension 'cmake'
[8.441s] Level 1:colcon.colcon_core.package_identification:_identify(launch) by extension 'python'
[8.441s] Level 1:colcon.colcon_core.package_identification:_identify(launch) by extensions ['python_setup_py']
[8.441s] Level 1:colcon.colcon_core.package_identification:_identify(launch) by extension 'python_setup_py'
[8.441s] Level 1:colcon.colcon_core.package_identification:_identify(log) by extensions ['ignore', 'ignore_ament_install']
[8.441s] Level 1:colcon.colcon_core.package_identification:_identify(log) by extension 'ignore'
[8.441s] Level 1:colcon.colcon_core.package_identification:_identify(log) ignored
[8.441s] Level 1:colcon.colcon_core.package_identification:_identify(micro_controller_code) by extensions ['ignore', 'ignore_ament_install']
[8.442s] Level 1:colcon.colcon_core.package_identification:_identify(micro_controller_code) by extension 'ignore'
[8.442s] Level 1:colcon.colcon_core.package_identification:_identify(micro_controller_code) by extension 'ignore_ament_install'
[8.442s] Level 1:colcon.colcon_core.package_identification:_identify(micro_controller_code) by extensions ['colcon_pkg']
[8.442s] Level 1:colcon.colcon_core.package_identification:_identify(micro_controller_code) by extension 'colcon_pkg'
[8.442s] Level 1:colcon.colcon_core.package_identification:_identify(micro_controller_code) by extensions ['colcon_meta']
[8.442s] Level 1:colcon.colcon_core.package_identification:_identify(micro_controller_code) by extension 'colcon_meta'
[8.442s] Level 1:colcon.colcon_core.package_identification:_identify(micro_controller_code) by extensions ['ros']
[8.442s] Level 1:colcon.colcon_core.package_identification:_identify(micro_controller_code) by extension 'ros'
[8.442s] Level 1:colcon.colcon_core.package_identification:_identify(micro_controller_code) by extensions ['cmake', 'python']
[8.442s] Level 1:colcon.colcon_core.package_identification:_identify(micro_controller_code) by extension 'cmake'
[8.442s] Level 1:colcon.colcon_core.package_identification:_identify(micro_controller_code) by extension 'python'
[8.442s] Level 1:colcon.colcon_core.package_identification:_identify(micro_controller_code) by extensions ['python_setup_py']
[8.442s] Level 1:colcon.colcon_core.package_identification:_identify(micro_controller_code) by extension 'python_setup_py'
[8.442s] Level 1:colcon.colcon_core.package_identification:_identify(micro_controller_code/control_car) by extensions ['ignore', 'ignore_ament_install']
[8.443s] Level 1:colcon.colcon_core.package_identification:_identify(micro_controller_code/control_car) by extension 'ignore'
[8.443s] Level 1:colcon.colcon_core.package_identification:_identify(micro_controller_code/control_car) by extension 'ignore_ament_install'
[8.443s] Level 1:colcon.colcon_core.package_identification:_identify(micro_controller_code/control_car) by extensions ['colcon_pkg']
[8.443s] Level 1:colcon.colcon_core.package_identification:_identify(micro_controller_code/control_car) by extension 'colcon_pkg'
[8.443s] Level 1:colcon.colcon_core.package_identification:_identify(micro_controller_code/control_car) by extensions ['colcon_meta']
[8.443s] Level 1:colcon.colcon_core.package_identification:_identify(micro_controller_code/control_car) by extension 'colcon_meta'
[8.443s] Level 1:colcon.colcon_core.package_identification:_identify(micro_controller_code/control_car) by extensions ['ros']
[8.443s] Level 1:colcon.colcon_core.package_identification:_identify(micro_controller_code/control_car) by extension 'ros'
[8.443s] Level 1:colcon.colcon_core.package_identification:_identify(micro_controller_code/control_car) by extensions ['cmake', 'python']
[8.443s] Level 1:colcon.colcon_core.package_identification:_identify(micro_controller_code/control_car) by extension 'cmake'
[8.443s] Level 1:colcon.colcon_core.package_identification:_identify(micro_controller_code/control_car) by extension 'python'
[8.443s] Level 1:colcon.colcon_core.package_identification:_identify(micro_controller_code/control_car) by extensions ['python_setup_py']
[8.443s] Level 1:colcon.colcon_core.package_identification:_identify(micro_controller_code/control_car) by extension 'python_setup_py'
[8.443s] Level 1:colcon.colcon_core.package_identification:_identify(micro_controller_code/micro-ros_publisher_wifi) by extensions ['ignore', 'ignore_ament_install']
[8.444s] Level 1:colcon.colcon_core.package_identification:_identify(micro_controller_code/micro-ros_publisher_wifi) by extension 'ignore'
[8.444s] Level 1:colcon.colcon_core.package_identification:_identify(micro_controller_code/micro-ros_publisher_wifi) by extension 'ignore_ament_install'
[8.444s] Level 1:colcon.colcon_core.package_identification:_identify(micro_controller_code/micro-ros_publisher_wifi) by extensions ['colcon_pkg']
[8.444s] Level 1:colcon.colcon_core.package_identification:_identify(micro_controller_code/micro-ros_publisher_wifi) by extension 'colcon_pkg'
[8.444s] Level 1:colcon.colcon_core.package_identification:_identify(micro_controller_code/micro-ros_publisher_wifi) by extensions ['colcon_meta']
[8.444s] Level 1:colcon.colcon_core.package_identification:_identify(micro_controller_code/micro-ros_publisher_wifi) by extension 'colcon_meta'
[8.444s] Level 1:colcon.colcon_core.package_identification:_identify(micro_controller_code/micro-ros_publisher_wifi) by extensions ['ros']
[8.444s] Level 1:colcon.colcon_core.package_identification:_identify(micro_controller_code/micro-ros_publisher_wifi) by extension 'ros'
[8.444s] Level 1:colcon.colcon_core.package_identification:_identify(micro_controller_code/micro-ros_publisher_wifi) by extensions ['cmake', 'python']
[8.444s] Level 1:colcon.colcon_core.package_identification:_identify(micro_controller_code/micro-ros_publisher_wifi) by extension 'cmake'
[8.444s] Level 1:colcon.colcon_core.package_identification:_identify(micro_controller_code/micro-ros_publisher_wifi) by extension 'python'
[8.444s] Level 1:colcon.colcon_core.package_identification:_identify(micro_controller_code/micro-ros_publisher_wifi) by extensions ['python_setup_py']
[8.444s] Level 1:colcon.colcon_core.package_identification:_identify(micro_controller_code/micro-ros_publisher_wifi) by extension 'python_setup_py'
[8.444s] Level 1:colcon.colcon_core.package_identification:_identify(micro_controller_code/motor_drive_test) by extensions ['ignore', 'ignore_ament_install']
[8.445s] Level 1:colcon.colcon_core.package_identification:_identify(micro_controller_code/motor_drive_test) by extension 'ignore'
[8.445s] Level 1:colcon.colcon_core.package_identification:_identify(micro_controller_code/motor_drive_test) by extension 'ignore_ament_install'
[8.445s] Level 1:colcon.colcon_core.package_identification:_identify(micro_controller_code/motor_drive_test) by extensions ['colcon_pkg']
[8.445s] Level 1:colcon.colcon_core.package_identification:_identify(micro_controller_code/motor_drive_test) by extension 'colcon_pkg'
[8.445s] Level 1:colcon.colcon_core.package_identification:_identify(micro_controller_code/motor_drive_test) by extensions ['colcon_meta']
[8.445s] Level 1:colcon.colcon_core.package_identification:_identify(micro_controller_code/motor_drive_test) by extension 'colcon_meta'
[8.445s] Level 1:colcon.colcon_core.package_identification:_identify(micro_controller_code/motor_drive_test) by extensions ['ros']
[8.445s] Level 1:colcon.colcon_core.package_identification:_identify(micro_controller_code/motor_drive_test) by extension 'ros'
[8.445s] Level 1:colcon.colcon_core.package_identification:_identify(micro_controller_code/motor_drive_test) by extensions ['cmake', 'python']
[8.445s] Level 1:colcon.colcon_core.package_identification:_identify(micro_controller_code/motor_drive_test) by extension 'cmake'
[8.445s] Level 1:colcon.colcon_core.package_identification:_identify(micro_controller_code/motor_drive_test) by extension 'python'
[8.445s] Level 1:colcon.colcon_core.package_identification:_identify(micro_controller_code/motor_drive_test) by extensions ['python_setup_py']
[8.445s] Level 1:colcon.colcon_core.package_identification:_identify(micro_controller_code/motor_drive_test) by extension 'python_setup_py'
[8.445s] Level 1:colcon.colcon_core.package_identification:_identify(micro_controller_code/odem) by extensions ['ignore', 'ignore_ament_install']
[8.445s] Level 1:colcon.colcon_core.package_identification:_identify(micro_controller_code/odem) by extension 'ignore'
[8.446s] Level 1:colcon.colcon_core.package_identification:_identify(micro_controller_code/odem) by extension 'ignore_ament_install'
[8.446s] Level 1:colcon.colcon_core.package_identification:_identify(micro_controller_code/odem) by extensions ['colcon_pkg']
[8.446s] Level 1:colcon.colcon_core.package_identification:_identify(micro_controller_code/odem) by extension 'colcon_pkg'
[8.446s] Level 1:colcon.colcon_core.package_identification:_identify(micro_controller_code/odem) by extensions ['colcon_meta']
[8.446s] Level 1:colcon.colcon_core.package_identification:_identify(micro_controller_code/odem) by extension 'colcon_meta'
[8.446s] Level 1:colcon.colcon_core.package_identification:_identify(micro_controller_code/odem) by extensions ['ros']
[8.446s] Level 1:colcon.colcon_core.package_identification:_identify(micro_controller_code/odem) by extension 'ros'
[8.446s] Level 1:colcon.colcon_core.package_identification:_identify(micro_controller_code/odem) by extensions ['cmake', 'python']
[8.446s] Level 1:colcon.colcon_core.package_identification:_identify(micro_controller_code/odem) by extension 'cmake'
[8.446s] Level 1:colcon.colcon_core.package_identification:_identify(micro_controller_code/odem) by extension 'python'
[8.446s] Level 1:colcon.colcon_core.package_identification:_identify(micro_controller_code/odem) by extensions ['python_setup_py']
[8.446s] Level 1:colcon.colcon_core.package_identification:_identify(micro_controller_code/odem) by extension 'python_setup_py'
[8.446s] Level 1:colcon.colcon_core.package_identification:_identify(micro_controller_code/pid_control_new) by extensions ['ignore', 'ignore_ament_install']
[8.446s] Level 1:colcon.colcon_core.package_identification:_identify(micro_controller_code/pid_control_new) by extension 'ignore'
[8.446s] Level 1:colcon.colcon_core.package_identification:_identify(micro_controller_code/pid_control_new) by extension 'ignore_ament_install'
[8.447s] Level 1:colcon.colcon_core.package_identification:_identify(micro_controller_code/pid_control_new) by extensions ['colcon_pkg']
[8.447s] Level 1:colcon.colcon_core.package_identification:_identify(micro_controller_code/pid_control_new) by extension 'colcon_pkg'
[8.447s] Level 1:colcon.colcon_core.package_identification:_identify(micro_controller_code/pid_control_new) by extensions ['colcon_meta']
[8.447s] Level 1:colcon.colcon_core.package_identification:_identify(micro_controller_code/pid_control_new) by extension 'colcon_meta'
[8.447s] Level 1:colcon.colcon_core.package_identification:_identify(micro_controller_code/pid_control_new) by extensions ['ros']
[8.447s] Level 1:colcon.colcon_core.package_identification:_identify(micro_controller_code/pid_control_new) by extension 'ros'
[8.447s] Level 1:colcon.colcon_core.package_identification:_identify(micro_controller_code/pid_control_new) by extensions ['cmake', 'python']
[8.447s] Level 1:colcon.colcon_core.package_identification:_identify(micro_controller_code/pid_control_new) by extension 'cmake'
[8.447s] Level 1:colcon.colcon_core.package_identification:_identify(micro_controller_code/pid_control_new) by extension 'python'
[8.447s] Level 1:colcon.colcon_core.package_identification:_identify(micro_controller_code/pid_control_new) by extensions ['python_setup_py']
[8.447s] Level 1:colcon.colcon_core.package_identification:_identify(micro_controller_code/pid_control_new) by extension 'python_setup_py'
[8.447s] Level 1:colcon.colcon_core.package_identification:_identify(micro_controller_code/read_encoder) by extensions ['ignore', 'ignore_ament_install']
[8.447s] Level 1:colcon.colcon_core.package_identification:_identify(micro_controller_code/read_encoder) by extension 'ignore'
[8.447s] Level 1:colcon.colcon_core.package_identification:_identify(micro_controller_code/read_encoder) by extension 'ignore_ament_install'
[8.447s] Level 1:colcon.colcon_core.package_identification:_identify(micro_controller_code/read_encoder) by extensions ['colcon_pkg']
[8.448s] Level 1:colcon.colcon_core.package_identification:_identify(micro_controller_code/read_encoder) by extension 'colcon_pkg'
[8.448s] Level 1:colcon.colcon_core.package_identification:_identify(micro_controller_code/read_encoder) by extensions ['colcon_meta']
[8.448s] Level 1:colcon.colcon_core.package_identification:_identify(micro_controller_code/read_encoder) by extension 'colcon_meta'
[8.448s] Level 1:colcon.colcon_core.package_identification:_identify(micro_controller_code/read_encoder) by extensions ['ros']
[8.448s] Level 1:colcon.colcon_core.package_identification:_identify(micro_controller_code/read_encoder) by extension 'ros'
[8.448s] Level 1:colcon.colcon_core.package_identification:_identify(micro_controller_code/read_encoder) by extensions ['cmake', 'python']
[8.448s] Level 1:colcon.colcon_core.package_identification:_identify(micro_controller_code/read_encoder) by extension 'cmake'
[8.448s] Level 1:colcon.colcon_core.package_identification:_identify(micro_controller_code/read_encoder) by extension 'python'
[8.448s] Level 1:colcon.colcon_core.package_identification:_identify(micro_controller_code/read_encoder) by extensions ['python_setup_py']
[8.448s] Level 1:colcon.colcon_core.package_identification:_identify(micro_controller_code/read_encoder) by extension 'python_setup_py'
[8.448s] Level 1:colcon.colcon_core.package_identification:_identify(src) by extensions ['ignore', 'ignore_ament_install']
[8.448s] Level 1:colcon.colcon_core.package_identification:_identify(src) by extension 'ignore'
[8.448s] Level 1:colcon.colcon_core.package_identification:_identify(src) by extension 'ignore_ament_install'
[8.448s] Level 1:colcon.colcon_core.package_identification:_identify(src) by extensions ['colcon_pkg']
[8.448s] Level 1:colcon.colcon_core.package_identification:_identify(src) by extension 'colcon_pkg'
[8.449s] Level 1:colcon.colcon_core.package_identification:_identify(src) by extensions ['colcon_meta']
[8.449s] Level 1:colcon.colcon_core.package_identification:_identify(src) by extension 'colcon_meta'
[8.449s] Level 1:colcon.colcon_core.package_identification:_identify(src) by extensions ['ros']
[8.449s] Level 1:colcon.colcon_core.package_identification:_identify(src) by extension 'ros'
[8.449s] Level 1:colcon.colcon_core.package_identification:_identify(src) by extensions ['cmake', 'python']
[8.449s] Level 1:colcon.colcon_core.package_identification:_identify(src) by extension 'cmake'
[8.449s] Level 1:colcon.colcon_core.package_identification:_identify(src) by extension 'python'
[8.449s] Level 1:colcon.colcon_core.package_identification:_identify(src) by extensions ['python_setup_py']
[8.449s] Level 1:colcon.colcon_core.package_identification:_identify(src) by extension 'python_setup_py'
[8.449s] Level 1:colcon.colcon_core.package_identification:_identify(src/micro_ros_setup) by extensions ['ignore', 'ignore_ament_install']
[8.449s] Level 1:colcon.colcon_core.package_identification:_identify(src/micro_ros_setup) by extension 'ignore'
[8.449s] Level 1:colcon.colcon_core.package_identification:_identify(src/micro_ros_setup) by extension 'ignore_ament_install'
[8.449s] Level 1:colcon.colcon_core.package_identification:_identify(src/micro_ros_setup) by extensions ['colcon_pkg']
[8.449s] Level 1:colcon.colcon_core.package_identification:_identify(src/micro_ros_setup) by extension 'colcon_pkg'
[8.449s] Level 1:colcon.colcon_core.package_identification:_identify(src/micro_ros_setup) by extensions ['colcon_meta']
[8.450s] Level 1:colcon.colcon_core.package_identification:_identify(src/micro_ros_setup) by extension 'colcon_meta'
[8.450s] Level 1:colcon.colcon_core.package_identification:_identify(src/micro_ros_setup) by extensions ['ros']
[8.450s] Level 1:colcon.colcon_core.package_identification:_identify(src/micro_ros_setup) by extension 'ros'
[8.451s] DEBUG:colcon.colcon_core.package_identification:Package 'src/micro_ros_setup' with type 'ros.ament_cmake' and name 'micro_ros_setup'
[8.451s] Level 1:colcon.colcon_core.package_identification:_identify(src/uros) by extensions ['ignore', 'ignore_ament_install']
[8.451s] Level 1:colcon.colcon_core.package_identification:_identify(src/uros) by extension 'ignore'
[8.452s] Level 1:colcon.colcon_core.package_identification:_identify(src/uros) by extension 'ignore_ament_install'
[8.452s] Level 1:colcon.colcon_core.package_identification:_identify(src/uros) by extensions ['colcon_pkg']
[8.452s] Level 1:colcon.colcon_core.package_identification:_identify(src/uros) by extension 'colcon_pkg'
[8.452s] Level 1:colcon.colcon_core.package_identification:_identify(src/uros) by extensions ['colcon_meta']
[8.452s] Level 1:colcon.colcon_core.package_identification:_identify(src/uros) by extension 'colcon_meta'
[8.452s] Level 1:colcon.colcon_core.package_identification:_identify(src/uros) by extensions ['ros']
[8.452s] Level 1:colcon.colcon_core.package_identification:_identify(src/uros) by extension 'ros'
[8.452s] Level 1:colcon.colcon_core.package_identification:_identify(src/uros) by extensions ['cmake', 'python']
[8.452s] Level 1:colcon.colcon_core.package_identification:_identify(src/uros) by extension 'cmake'
[8.452s] Level 1:colcon.colcon_core.package_identification:_identify(src/uros) by extension 'python'
[8.452s] Level 1:colcon.colcon_core.package_identification:_identify(src/uros) by extensions ['python_setup_py']
[8.452s] Level 1:colcon.colcon_core.package_identification:_identify(src/uros) by extension 'python_setup_py'
[8.452s] Level 1:colcon.colcon_core.package_identification:_identify(src/uros/drive_base) by extensions ['ignore', 'ignore_ament_install']
[8.452s] Level 1:colcon.colcon_core.package_identification:_identify(src/uros/drive_base) by extension 'ignore'
[8.453s] Level 1:colcon.colcon_core.package_identification:_identify(src/uros/drive_base) by extension 'ignore_ament_install'
[8.453s] Level 1:colcon.colcon_core.package_identification:_identify(src/uros/drive_base) by extensions ['colcon_pkg']
[8.453s] Level 1:colcon.colcon_core.package_identification:_identify(src/uros/drive_base) by extension 'colcon_pkg'
[8.453s] Level 1:colcon.colcon_core.package_identification:_identify(src/uros/drive_base) by extensions ['colcon_meta']
[8.453s] Level 1:colcon.colcon_core.package_identification:_identify(src/uros/drive_base) by extension 'colcon_meta'
[8.453s] Level 1:colcon.colcon_core.package_identification:_identify(src/uros/drive_base) by extensions ['ros']
[8.453s] Level 1:colcon.colcon_core.package_identification:_identify(src/uros/drive_base) by extension 'ros'
[8.453s] Level 1:colcon.colcon_core.package_identification:_identify(src/uros/drive_base) by extensions ['cmake', 'python']
[8.453s] Level 1:colcon.colcon_core.package_identification:_identify(src/uros/drive_base) by extension 'cmake'
[8.453s] Level 1:colcon.colcon_core.package_identification:_identify(src/uros/drive_base) by extension 'python'
[8.453s] Level 1:colcon.colcon_core.package_identification:_identify(src/uros/drive_base) by extensions ['python_setup_py']
[8.453s] Level 1:colcon.colcon_core.package_identification:_identify(src/uros/drive_base) by extension 'python_setup_py'
[8.453s] Level 1:colcon.colcon_core.package_identification:_identify(src/uros/drive_base/drive_base_msgs) by extensions ['ignore', 'ignore_ament_install']
[8.453s] Level 1:colcon.colcon_core.package_identification:_identify(src/uros/drive_base/drive_base_msgs) by extension 'ignore'
[8.453s] Level 1:colcon.colcon_core.package_identification:_identify(src/uros/drive_base/drive_base_msgs) by extension 'ignore_ament_install'
[8.454s] Level 1:colcon.colcon_core.package_identification:_identify(src/uros/drive_base/drive_base_msgs) by extensions ['colcon_pkg']
[8.454s] Level 1:colcon.colcon_core.package_identification:_identify(src/uros/drive_base/drive_base_msgs) by extension 'colcon_pkg'
[8.454s] Level 1:colcon.colcon_core.package_identification:_identify(src/uros/drive_base/drive_base_msgs) by extensions ['colcon_meta']
[8.454s] Level 1:colcon.colcon_core.package_identification:_identify(src/uros/drive_base/drive_base_msgs) by extension 'colcon_meta'
[8.454s] Level 1:colcon.colcon_core.package_identification:_identify(src/uros/drive_base/drive_base_msgs) by extensions ['ros']
[8.454s] Level 1:colcon.colcon_core.package_identification:_identify(src/uros/drive_base/drive_base_msgs) by extension 'ros'
[8.455s] DEBUG:colcon.colcon_core.package_identification:Package 'src/uros/drive_base/drive_base_msgs' with type 'ros.ament_cmake' and name 'drive_base_msgs'
[8.455s] Level 1:colcon.colcon_core.package_identification:_identify(src/uros/micro-ROS-Agent) by extensions ['ignore', 'ignore_ament_install']
[8.455s] Level 1:colcon.colcon_core.package_identification:_identify(src/uros/micro-ROS-Agent) by extension 'ignore'
[8.455s] Level 1:colcon.colcon_core.package_identification:_identify(src/uros/micro-ROS-Agent) by extension 'ignore_ament_install'
[8.455s] Level 1:colcon.colcon_core.package_identification:_identify(src/uros/micro-ROS-Agent) by extensions ['colcon_pkg']
[8.455s] Level 1:colcon.colcon_core.package_identification:_identify(src/uros/micro-ROS-Agent) by extension 'colcon_pkg'
[8.455s] Level 1:colcon.colcon_core.package_identification:_identify(src/uros/micro-ROS-Agent) by extensions ['colcon_meta']
[8.455s] Level 1:colcon.colcon_core.package_identification:_identify(src/uros/micro-ROS-Agent) by extension 'colcon_meta'
[8.455s] Level 1:colcon.colcon_core.package_identification:_identify(src/uros/micro-ROS-Agent) by extensions ['ros']
[8.455s] Level 1:colcon.colcon_core.package_identification:_identify(src/uros/micro-ROS-Agent) by extension 'ros'
[8.455s] Level 1:colcon.colcon_core.package_identification:_identify(src/uros/micro-ROS-Agent) by extensions ['cmake', 'python']
[8.455s] Level 1:colcon.colcon_core.package_identification:_identify(src/uros/micro-ROS-Agent) by extension 'cmake'
[8.455s] Level 1:colcon.colcon_core.package_identification:_identify(src/uros/micro-ROS-Agent) by extension 'python'
[8.456s] Level 1:colcon.colcon_core.package_identification:_identify(src/uros/micro-ROS-Agent) by extensions ['python_setup_py']
[8.456s] Level 1:colcon.colcon_core.package_identification:_identify(src/uros/micro-ROS-Agent) by extension 'python_setup_py'
[8.456s] Level 1:colcon.colcon_core.package_identification:_identify(src/uros/micro-ROS-Agent/micro_ros_agent) by extensions ['ignore', 'ignore_ament_install']
[8.456s] Level 1:colcon.colcon_core.package_identification:_identify(src/uros/micro-ROS-Agent/micro_ros_agent) by extension 'ignore'
[8.456s] Level 1:colcon.colcon_core.package_identification:_identify(src/uros/micro-ROS-Agent/micro_ros_agent) by extension 'ignore_ament_install'
[8.456s] Level 1:colcon.colcon_core.package_identification:_identify(src/uros/micro-ROS-Agent/micro_ros_agent) by extensions ['colcon_pkg']
[8.456s] Level 1:colcon.colcon_core.package_identification:_identify(src/uros/micro-ROS-Agent/micro_ros_agent) by extension 'colcon_pkg'
[8.456s] Level 1:colcon.colcon_core.package_identification:_identify(src/uros/micro-ROS-Agent/micro_ros_agent) by extensions ['colcon_meta']
[8.456s] Level 1:colcon.colcon_core.package_identification:_identify(src/uros/micro-ROS-Agent/micro_ros_agent) by extension 'colcon_meta'
[8.456s] Level 1:colcon.colcon_core.package_identification:_identify(src/uros/micro-ROS-Agent/micro_ros_agent) by extensions ['ros']
[8.456s] Level 1:colcon.colcon_core.package_identification:_identify(src/uros/micro-ROS-Agent/micro_ros_agent) by extension 'ros'
[8.457s] DEBUG:colcon.colcon_core.package_identification:Package 'src/uros/micro-ROS-Agent/micro_ros_agent' with type 'ros.ament_cmake' and name 'micro_ros_agent'
[8.457s] Level 1:colcon.colcon_core.package_identification:_identify(src/uros/micro-ROS-Agent/snap) by extensions ['ignore', 'ignore_ament_install']
[8.458s] Level 1:colcon.colcon_core.package_identification:_identify(src/uros/micro-ROS-Agent/snap) by extension 'ignore'
[8.458s] Level 1:colcon.colcon_core.package_identification:_identify(src/uros/micro-ROS-Agent/snap) by extension 'ignore_ament_install'
[8.458s] Level 1:colcon.colcon_core.package_identification:_identify(src/uros/micro-ROS-Agent/snap) by extensions ['colcon_pkg']
[8.458s] Level 1:colcon.colcon_core.package_identification:_identify(src/uros/micro-ROS-Agent/snap) by extension 'colcon_pkg'
[8.458s] Level 1:colcon.colcon_core.package_identification:_identify(src/uros/micro-ROS-Agent/snap) by extensions ['colcon_meta']
[8.458s] Level 1:colcon.colcon_core.package_identification:_identify(src/uros/micro-ROS-Agent/snap) by extension 'colcon_meta'
[8.458s] Level 1:colcon.colcon_core.package_identification:_identify(src/uros/micro-ROS-Agent/snap) by extensions ['ros']
[8.458s] Level 1:colcon.colcon_core.package_identification:_identify(src/uros/micro-ROS-Agent/snap) by extension 'ros'
[8.458s] Level 1:colcon.colcon_core.package_identification:_identify(src/uros/micro-ROS-Agent/snap) by extensions ['cmake', 'python']
[8.458s] Level 1:colcon.colcon_core.package_identification:_identify(src/uros/micro-ROS-Agent/snap) by extension 'cmake'
[8.458s] Level 1:colcon.colcon_core.package_identification:_identify(src/uros/micro-ROS-Agent/snap) by extension 'python'
[8.458s] Level 1:colcon.colcon_core.package_identification:_identify(src/uros/micro-ROS-Agent/snap) by extensions ['python_setup_py']
[8.458s] Level 1:colcon.colcon_core.package_identification:_identify(src/uros/micro-ROS-Agent/snap) by extension 'python_setup_py'
[8.458s] Level 1:colcon.colcon_core.package_identification:_identify(src/uros/micro-ROS-Agent/snap/hooks) by extensions ['ignore', 'ignore_ament_install']
[8.459s] Level 1:colcon.colcon_core.package_identification:_identify(src/uros/micro-ROS-Agent/snap/hooks) by extension 'ignore'
[8.459s] Level 1:colcon.colcon_core.package_identification:_identify(src/uros/micro-ROS-Agent/snap/hooks) by extension 'ignore_ament_install'
[8.459s] Level 1:colcon.colcon_core.package_identification:_identify(src/uros/micro-ROS-Agent/snap/hooks) by extensions ['colcon_pkg']
[8.459s] Level 1:colcon.colcon_core.package_identification:_identify(src/uros/micro-ROS-Agent/snap/hooks) by extension 'colcon_pkg'
[8.459s] Level 1:colcon.colcon_core.package_identification:_identify(src/uros/micro-ROS-Agent/snap/hooks) by extensions ['colcon_meta']
[8.459s] Level 1:colcon.colcon_core.package_identification:_identify(src/uros/micro-ROS-Agent/snap/hooks) by extension 'colcon_meta'
[8.459s] Level 1:colcon.colcon_core.package_identification:_identify(src/uros/micro-ROS-Agent/snap/hooks) by extensions ['ros']
[8.459s] Level 1:colcon.colcon_core.package_identification:_identify(src/uros/micro-ROS-Agent/snap/hooks) by extension 'ros'
[8.459s] Level 1:colcon.colcon_core.package_identification:_identify(src/uros/micro-ROS-Agent/snap/hooks) by extensions ['cmake', 'python']
[8.459s] Level 1:colcon.colcon_core.package_identification:_identify(src/uros/micro-ROS-Agent/snap/hooks) by extension 'cmake'
[8.459s] Level 1:colcon.colcon_core.package_identification:_identify(src/uros/micro-ROS-Agent/snap/hooks) by extension 'python'
[8.459s] Level 1:colcon.colcon_core.package_identification:_identify(src/uros/micro-ROS-Agent/snap/hooks) by extensions ['python_setup_py']
[8.459s] Level 1:colcon.colcon_core.package_identification:_identify(src/uros/micro-ROS-Agent/snap/hooks) by extension 'python_setup_py'
[8.459s] Level 1:colcon.colcon_core.package_identification:_identify(src/uros/micro-ROS-Agent/snap/local) by extensions ['ignore', 'ignore_ament_install']
[8.460s] Level 1:colcon.colcon_core.package_identification:_identify(src/uros/micro-ROS-Agent/snap/local) by extension 'ignore'
[8.460s] Level 1:colcon.colcon_core.package_identification:_identify(src/uros/micro-ROS-Agent/snap/local) by extension 'ignore_ament_install'
[8.460s] Level 1:colcon.colcon_core.package_identification:_identify(src/uros/micro-ROS-Agent/snap/local) by extensions ['colcon_pkg']
[8.460s] Level 1:colcon.colcon_core.package_identification:_identify(src/uros/micro-ROS-Agent/snap/local) by extension 'colcon_pkg'
[8.460s] Level 1:colcon.colcon_core.package_identification:_identify(src/uros/micro-ROS-Agent/snap/local) by extensions ['colcon_meta']
[8.460s] Level 1:colcon.colcon_core.package_identification:_identify(src/uros/micro-ROS-Agent/snap/local) by extension 'colcon_meta'
[8.460s] Level 1:colcon.colcon_core.package_identification:_identify(src/uros/micro-ROS-Agent/snap/local) by extensions ['ros']
[8.460s] Level 1:colcon.colcon_core.package_identification:_identify(src/uros/micro-ROS-Agent/snap/local) by extension 'ros'
[8.460s] Level 1:colcon.colcon_core.package_identification:_identify(src/uros/micro-ROS-Agent/snap/local) by extensions ['cmake', 'python']
[8.460s] Level 1:colcon.colcon_core.package_identification:_identify(src/uros/micro-ROS-Agent/snap/local) by extension 'cmake'
[8.460s] Level 1:colcon.colcon_core.package_identification:_identify(src/uros/micro-ROS-Agent/snap/local) by extension 'python'
[8.460s] Level 1:colcon.colcon_core.package_identification:_identify(src/uros/micro-ROS-Agent/snap/local) by extensions ['python_setup_py']
[8.460s] Level 1:colcon.colcon_core.package_identification:_identify(src/uros/micro-ROS-Agent/snap/local) by extension 'python_setup_py'
[8.460s] Level 1:colcon.colcon_core.package_identification:_identify(src/uros/micro_ros_msgs) by extensions ['ignore', 'ignore_ament_install']
[8.461s] Level 1:colcon.colcon_core.package_identification:_identify(src/uros/micro_ros_msgs) by extension 'ignore'
[8.461s] Level 1:colcon.colcon_core.package_identification:_identify(src/uros/micro_ros_msgs) by extension 'ignore_ament_install'
[8.461s] Level 1:colcon.colcon_core.package_identification:_identify(src/uros/micro_ros_msgs) by extensions ['colcon_pkg']
[8.461s] Level 1:colcon.colcon_core.package_identification:_identify(src/uros/micro_ros_msgs) by extension 'colcon_pkg'
[8.461s] Level 1:colcon.colcon_core.package_identification:_identify(src/uros/micro_ros_msgs) by extensions ['colcon_meta']
[8.461s] Level 1:colcon.colcon_core.package_identification:_identify(src/uros/micro_ros_msgs) by extension 'colcon_meta'
[8.461s] Level 1:colcon.colcon_core.package_identification:_identify(src/uros/micro_ros_msgs) by extensions ['ros']
[8.461s] Level 1:colcon.colcon_core.package_identification:_identify(src/uros/micro_ros_msgs) by extension 'ros'
[8.462s] DEBUG:colcon.colcon_core.package_identification:Package 'src/uros/micro_ros_msgs' with type 'ros.ament_cmake' and name 'micro_ros_msgs'
[8.462s] Level 1:colcon.colcon_core.package_discovery:discover_packages(recursive) using defaults
[8.462s] Level 1:colcon.colcon_core.package_discovery:discover_packages(ignore) discover
[8.462s] Level 1:colcon.colcon_core.package_discovery:discover_packages(ignore) using defaults
[8.462s] Level 1:colcon.colcon_core.package_discovery:discover_packages(path) discover
[8.462s] Level 1:colcon.colcon_core.package_discovery:discover_packages(path) using defaults
[9.075s] Level 1:colcon.colcon_core.package_discovery:discover_packages(prefix_path) check parameters
[9.076s] Level 1:colcon.colcon_core.package_discovery:discover_packages(prefix_path) discover
[9.162s] DEBUG:colcon.colcon_installed_package_information.package_discovery:Found 3 installed packages in /home/dwd/Documents/project/esp_ws/install
[9.167s] DEBUG:colcon.colcon_installed_package_information.package_discovery:Found 289 installed packages in /opt/ros/foxy
[9.175s] Level 1:colcon.colcon_core.package_discovery:discover_packages(prefix_path) using defaults
[11.081s] Level 5:colcon.colcon_core.verb:set package 'car_description' build argument 'cmake_args' from command line to 'None'
[11.081s] Level 5:colcon.colcon_core.verb:set package 'car_description' build argument 'cmake_target' from command line to 'None'
[11.081s] Level 5:colcon.colcon_core.verb:set package 'car_description' build argument 'cmake_target_skip_unavailable' from command line to 'False'
[11.081s] Level 5:colcon.colcon_core.verb:set package 'car_description' build argument 'cmake_clean_cache' from command line to 'False'
[11.082s] Level 5:colcon.colcon_core.verb:set package 'car_description' build argument 'cmake_clean_first' from command line to 'False'
[11.082s] Level 5:colcon.colcon_core.verb:set package 'car_description' build argument 'cmake_force_configure' from command line to 'False'
[11.082s] Level 5:colcon.colcon_core.verb:set package 'car_description' build argument 'ament_cmake_args' from command line to 'None'
[11.082s] Level 5:colcon.colcon_core.verb:set package 'car_description' build argument 'catkin_cmake_args' from command line to 'None'
[11.082s] Level 5:colcon.colcon_core.verb:set package 'car_description' build argument 'catkin_skip_building_tests' from command line to 'False'
[11.082s] DEBUG:colcon.colcon_core.verb:Building package 'car_description' with the following arguments: {'ament_cmake_args': None, 'build_base': '/home/dwd/Documents/project/esp_ws/build/car_description', 'catkin_cmake_args': None, 'catkin_skip_building_tests': False, 'cmake_args': None, 'cmake_clean_cache': False, 'cmake_clean_first': False, 'cmake_force_configure': False, 'cmake_target': None, 'cmake_target_skip_unavailable': False, 'install_base': '/home/dwd/Documents/project/esp_ws/install/car_description', 'merge_install': False, 'path': '/home/dwd/Documents/project/esp_ws/car_description', 'symlink_install': False, 'test_result_base': None}
[11.084s] Level 5:colcon.colcon_core.verb:set package 'drive_base_msgs' build argument 'cmake_args' from command line to 'None'
[11.084s] Level 5:colcon.colcon_core.verb:set package 'drive_base_msgs' build argument 'cmake_target' from command line to 'None'
[11.084s] Level 5:colcon.colcon_core.verb:set package 'drive_base_msgs' build argument 'cmake_target_skip_unavailable' from command line to 'False'
[11.084s] Level 5:colcon.colcon_core.verb:set package 'drive_base_msgs' build argument 'cmake_clean_cache' from command line to 'False'
[11.084s] Level 5:colcon.colcon_core.verb:set package 'drive_base_msgs' build argument 'cmake_clean_first' from command line to 'False'
[11.084s] Level 5:colcon.colcon_core.verb:set package 'drive_base_msgs' build argument 'cmake_force_configure' from command line to 'False'
[11.084s] Level 5:colcon.colcon_core.verb:set package 'drive_base_msgs' build argument 'ament_cmake_args' from command line to 'None'
[11.084s] Level 5:colcon.colcon_core.verb:set package 'drive_base_msgs' build argument 'catkin_cmake_args' from command line to 'None'
[11.084s] Level 5:colcon.colcon_core.verb:set package 'drive_base_msgs' build argument 'catkin_skip_building_tests' from command line to 'False'
[11.085s] DEBUG:colcon.colcon_core.verb:Building package 'drive_base_msgs' with the following arguments: {'ament_cmake_args': None, 'build_base': '/home/dwd/Documents/project/esp_ws/build/drive_base_msgs', 'catkin_cmake_args': None, 'catkin_skip_building_tests': False, 'cmake_args': None, 'cmake_clean_cache': False, 'cmake_clean_first': False, 'cmake_force_configure': False, 'cmake_target': None, 'cmake_target_skip_unavailable': False, 'install_base': '/home/dwd/Documents/project/esp_ws/install/drive_base_msgs', 'merge_install': False, 'path': '/home/dwd/Documents/project/esp_ws/src/uros/drive_base/drive_base_msgs', 'symlink_install': False, 'test_result_base': None}
[11.086s] Level 5:colcon.colcon_core.verb:set package 'micro_ros_msgs' build argument 'cmake_args' from command line to 'None'
[11.086s] Level 5:colcon.colcon_core.verb:set package 'micro_ros_msgs' build argument 'cmake_target' from command line to 'None'
[11.086s] Level 5:colcon.colcon_core.verb:set package 'micro_ros_msgs' build argument 'cmake_target_skip_unavailable' from command line to 'False'
[11.086s] Level 5:colcon.colcon_core.verb:set package 'micro_ros_msgs' build argument 'cmake_clean_cache' from command line to 'False'
[11.086s] Level 5:colcon.colcon_core.verb:set package 'micro_ros_msgs' build argument 'cmake_clean_first' from command line to 'False'
[11.086s] Level 5:colcon.colcon_core.verb:set package 'micro_ros_msgs' build argument 'cmake_force_configure' from command line to 'False'
[11.087s] Level 5:colcon.colcon_core.verb:set package 'micro_ros_msgs' build argument 'ament_cmake_args' from command line to 'None'
[11.087s] Level 5:colcon.colcon_core.verb:set package 'micro_ros_msgs' build argument 'catkin_cmake_args' from command line to 'None'
[11.087s] Level 5:colcon.colcon_core.verb:set package 'micro_ros_msgs' build argument 'catkin_skip_building_tests' from command line to 'False'
[11.087s] DEBUG:colcon.colcon_core.verb:Building package 'micro_ros_msgs' with the following arguments: {'ament_cmake_args': None, 'build_base': '/home/dwd/Documents/project/esp_ws/build/micro_ros_msgs', 'catkin_cmake_args': None, 'catkin_skip_building_tests': False, 'cmake_args': None, 'cmake_clean_cache': False, 'cmake_clean_first': False, 'cmake_force_configure': False, 'cmake_target': None, 'cmake_target_skip_unavailable': False, 'install_base': '/home/dwd/Documents/project/esp_ws/install/micro_ros_msgs', 'merge_install': False, 'path': '/home/dwd/Documents/project/esp_ws/src/uros/micro_ros_msgs', 'symlink_install': False, 'test_result_base': None}
[11.088s] Level 5:colcon.colcon_core.verb:set package 'micro_ros_setup' build argument 'cmake_args' from command line to 'None'
[11.088s] Level 5:colcon.colcon_core.verb:set package 'micro_ros_setup' build argument 'cmake_target' from command line to 'None'
[11.088s] Level 5:colcon.colcon_core.verb:set package 'micro_ros_setup' build argument 'cmake_target_skip_unavailable' from command line to 'False'
[11.089s] Level 5:colcon.colcon_core.verb:set package 'micro_ros_setup' build argument 'cmake_clean_cache' from command line to 'False'
[11.089s] Level 5:colcon.colcon_core.verb:set package 'micro_ros_setup' build argument 'cmake_clean_first' from command line to 'False'
[11.089s] Level 5:colcon.colcon_core.verb:set package 'micro_ros_setup' build argument 'cmake_force_configure' from command line to 'False'
[11.089s] Level 5:colcon.colcon_core.verb:set package 'micro_ros_setup' build argument 'ament_cmake_args' from command line to 'None'
[11.089s] Level 5:colcon.colcon_core.verb:set package 'micro_ros_setup' build argument 'catkin_cmake_args' from command line to 'None'
[11.089s] Level 5:colcon.colcon_core.verb:set package 'micro_ros_setup' build argument 'catkin_skip_building_tests' from command line to 'False'
[11.089s] DEBUG:colcon.colcon_core.verb:Building package 'micro_ros_setup' with the following arguments: {'ament_cmake_args': None, 'build_base': '/home/dwd/Documents/project/esp_ws/build/micro_ros_setup', 'catkin_cmake_args': None, 'catkin_skip_building_tests': False, 'cmake_args': None, 'cmake_clean_cache': False, 'cmake_clean_first': False, 'cmake_force_configure': False, 'cmake_target': None, 'cmake_target_skip_unavailable': False, 'install_base': '/home/dwd/Documents/project/esp_ws/install/micro_ros_setup', 'merge_install': False, 'path': '/home/dwd/Documents/project/esp_ws/src/micro_ros_setup', 'symlink_install': False, 'test_result_base': None}
[11.090s] Level 5:colcon.colcon_core.verb:set package 'micro_ros_agent' build argument 'cmake_args' from command line to 'None'
[11.091s] Level 5:colcon.colcon_core.verb:set package 'micro_ros_agent' build argument 'cmake_target' from command line to 'None'
[11.091s] Level 5:colcon.colcon_core.verb:set package 'micro_ros_agent' build argument 'cmake_target_skip_unavailable' from command line to 'False'
[11.091s] Level 5:colcon.colcon_core.verb:set package 'micro_ros_agent' build argument 'cmake_clean_cache' from command line to 'False'
[11.091s] Level 5:colcon.colcon_core.verb:set package 'micro_ros_agent' build argument 'cmake_clean_first' from command line to 'False'
[11.091s] Level 5:colcon.colcon_core.verb:set package 'micro_ros_agent' build argument 'cmake_force_configure' from command line to 'False'
[11.091s] Level 5:colcon.colcon_core.verb:set package 'micro_ros_agent' build argument 'ament_cmake_args' from command line to 'None'
[11.091s] Level 5:colcon.colcon_core.verb:set package 'micro_ros_agent' build argument 'catkin_cmake_args' from command line to 'None'
[11.091s] Level 5:colcon.colcon_core.verb:set package 'micro_ros_agent' build argument 'catkin_skip_building_tests' from command line to 'False'
[11.091s] DEBUG:colcon.colcon_core.verb:Building package 'micro_ros_agent' with the following arguments: {'ament_cmake_args': None, 'build_base': '/home/dwd/Documents/project/esp_ws/build/micro_ros_agent', 'catkin_cmake_args': None, 'catkin_skip_building_tests': False, 'cmake_args': None, 'cmake_clean_cache': False, 'cmake_clean_first': False, 'cmake_force_configure': False, 'cmake_target': None, 'cmake_target_skip_unavailable': False, 'install_base': '/home/dwd/Documents/project/esp_ws/install/micro_ros_agent', 'merge_install': False, 'path': '/home/dwd/Documents/project/esp_ws/src/uros/micro-ROS-Agent/micro_ros_agent', 'symlink_install': False, 'test_result_base': None}
[11.091s] INFO:colcon.colcon_core.executor:Executing jobs using 'parallel' executor
[11.094s] DEBUG:colcon.colcon_parallel_executor.executor.parallel:run_until_complete
[11.094s] INFO:colcon.colcon_ros.task.ament_cmake.build:Building ROS package in '/home/dwd/Documents/project/esp_ws/src/uros/micro_ros_msgs' with build type 'ament_cmake'
[11.095s] INFO:colcon.colcon_cmake.task.cmake.build:Building CMake package in '/home/dwd/Documents/project/esp_ws/src/uros/micro_ros_msgs'
[11.463s] INFO:colcon.colcon_core.plugin_system:Skipping extension 'colcon_core.shell.bat': Not used on non-Windows systems
[11.464s] INFO:colcon.colcon_core.shell:Skip shell extension 'powershell' for command environment: Not usable outside of PowerShell
[11.464s] DEBUG:colcon.colcon_core.shell:Skip shell extension 'dsv' for command environment
[11.573s] INFO:colcon.colcon_core.task.python.build:Building Python package in '/home/dwd/Documents/project/esp_ws/car_description'
[11.576s] INFO:colcon.colcon_core.shell:Skip shell extension 'powershell' for command environment: Not usable outside of PowerShell
[11.576s] DEBUG:colcon.colcon_core.shell:Skip shell extension 'dsv' for command environment
[11.587s] INFO:colcon.colcon_ros.task.ament_cmake.build:Building ROS package in '/home/dwd/Documents/project/esp_ws/src/uros/drive_base/drive_base_msgs' with build type 'ament_cmake'
[11.588s] INFO:colcon.colcon_cmake.task.cmake.build:Building CMake package in '/home/dwd/Documents/project/esp_ws/src/uros/drive_base/drive_base_msgs'
[11.589s] INFO:colcon.colcon_core.shell:Skip shell extension 'powershell' for command environment: Not usable outside of PowerShell
[11.589s] DEBUG:colcon.colcon_core.shell:Skip shell extension 'dsv' for command environment
[11.596s] INFO:colcon.colcon_ros.task.ament_cmake.build:Building ROS package in '/home/dwd/Documents/project/esp_ws/src/micro_ros_setup' with build type 'ament_cmake'
[11.596s] INFO:colcon.colcon_cmake.task.cmake.build:Building CMake package in '/home/dwd/Documents/project/esp_ws/src/micro_ros_setup'
[11.597s] INFO:colcon.colcon_core.shell:Skip shell extension 'powershell' for command environment: Not usable outside of PowerShell
[11.597s] DEBUG:colcon.colcon_core.shell:Skip shell extension 'dsv' for command environment
[11.924s] DEBUG:colcon.colcon_core.event_handler.log_command:Invoking command in '/home/dwd/Documents/project/esp_ws/build/micro_ros_msgs': CMAKE_PREFIX_PATH=${CMAKE_PREFIX_PATH}:/opt/ros/foxy /bin/cmake /home/dwd/Documents/project/esp_ws/src/uros/micro_ros_msgs -DCMAKE_INSTALL_PREFIX=/home/dwd/Documents/project/esp_ws/install/micro_ros_msgs
[12.660s] DEBUG:colcon.colcon_core.event_handler.log_command:Invoking command in '/home/dwd/Documents/project/esp_ws/build/drive_base_msgs': CMAKE_PREFIX_PATH=${CMAKE_PREFIX_PATH}:/opt/ros/foxy /bin/cmake /home/dwd/Documents/project/esp_ws/src/uros/drive_base/drive_base_msgs -DCMAKE_INSTALL_PREFIX=/home/dwd/Documents/project/esp_ws/install/drive_base_msgs
[13.043s] DEBUG:colcon.colcon_core.event_handler.log_command:Invoking command in '/home/dwd/Documents/project/esp_ws/build/micro_ros_setup': CMAKE_PREFIX_PATH=${CMAKE_PREFIX_PATH}:/opt/ros/foxy /bin/cmake --build /home/dwd/Documents/project/esp_ws/build/micro_ros_setup -- -j4 -l4
[18.955s] DEBUG:colcon.colcon_core.event_handler.log_command:Invoked command in '/home/dwd/Documents/project/esp_ws/build/micro_ros_setup' returned '0': CMAKE_PREFIX_PATH=${CMAKE_PREFIX_PATH}:/opt/ros/foxy /bin/cmake --build /home/dwd/Documents/project/esp_ws/build/micro_ros_setup -- -j4 -l4
[19.015s] DEBUG:colcon.colcon_core.event_handler.log_command:Invoking command in '/home/dwd/Documents/project/esp_ws/build/micro_ros_setup': CMAKE_PREFIX_PATH=${CMAKE_PREFIX_PATH}:/opt/ros/foxy /bin/cmake --install /home/dwd/Documents/project/esp_ws/build/micro_ros_setup
[19.078s] Level 1:colcon.colcon_core.environment:create_environment_scripts_only(micro_ros_setup)
[19.089s] DEBUG:colcon.colcon_core.event_handler.log_command:Invoked command in '/home/dwd/Documents/project/esp_ws/build/micro_ros_setup' returned '0': CMAKE_PREFIX_PATH=${CMAKE_PREFIX_PATH}:/opt/ros/foxy /bin/cmake --install /home/dwd/Documents/project/esp_ws/build/micro_ros_setup
[19.687s] Level 1:colcon.colcon_core.environment:checking '/home/dwd/Documents/project/esp_ws/install/micro_ros_setup' for CMake module files
[19.689s] Level 1:colcon.colcon_core.environment:checking '/home/dwd/Documents/project/esp_ws/install/micro_ros_setup' for CMake config files
[19.690s] Level 1:colcon.colcon_core.shell:create_environment_hook('micro_ros_setup', 'cmake_prefix_path')
[19.691s] INFO:colcon.colcon_core.shell:Creating environment hook '/home/dwd/Documents/project/esp_ws/install/micro_ros_setup/share/micro_ros_setup/hook/cmake_prefix_path.ps1'
[19.811s] INFO:colcon.colcon_core.shell:Creating environment descriptor '/home/dwd/Documents/project/esp_ws/install/micro_ros_setup/share/micro_ros_setup/hook/cmake_prefix_path.dsv'
[19.866s] INFO:colcon.colcon_core.shell:Creating environment hook '/home/dwd/Documents/project/esp_ws/install/micro_ros_setup/share/micro_ros_setup/hook/cmake_prefix_path.sh'
[19.870s] Level 1:colcon.colcon_core.environment:checking '/home/dwd/Documents/project/esp_ws/install/micro_ros_setup/lib'
[19.870s] Level 1:colcon.colcon_core.environment:checking '/home/dwd/Documents/project/esp_ws/install/micro_ros_setup/bin'
[19.870s] Level 1:colcon.colcon_core.environment:checking '/home/dwd/Documents/project/esp_ws/install/micro_ros_setup/lib/pkgconfig/micro_ros_setup.pc'
[19.871s] Level 1:colcon.colcon_core.environment:checking '/home/dwd/Documents/project/esp_ws/install/micro_ros_setup/lib/python3.8/site-packages'
[19.872s] Level 1:colcon.colcon_core.environment:checking '/home/dwd/Documents/project/esp_ws/install/micro_ros_setup/bin'
[19.873s] INFO:colcon.colcon_core.shell:Creating package script '/home/dwd/Documents/project/esp_ws/install/micro_ros_setup/share/micro_ros_setup/package.ps1'
[19.875s] INFO:colcon.colcon_core.shell:Creating package descriptor '/home/dwd/Documents/project/esp_ws/install/micro_ros_setup/share/micro_ros_setup/package.dsv'
[19.910s] INFO:colcon.colcon_core.shell:Creating package script '/home/dwd/Documents/project/esp_ws/install/micro_ros_setup/share/micro_ros_setup/package.sh'
[19.913s] INFO:colcon.colcon_core.shell:Creating package script '/home/dwd/Documents/project/esp_ws/install/micro_ros_setup/share/micro_ros_setup/package.bash'
[20.025s] INFO:colcon.colcon_core.shell:Creating package script '/home/dwd/Documents/project/esp_ws/install/micro_ros_setup/share/micro_ros_setup/package.zsh'
[20.118s] Level 1:colcon.colcon_core.environment:create_file_with_runtime_dependencies(/home/dwd/Documents/project/esp_ws/install/micro_ros_setup/share/colcon-core/packages/micro_ros_setup)
[20.120s] Level 1:colcon.colcon_core.environment:create_environment_scripts_only(micro_ros_setup)
[20.121s] Level 1:colcon.colcon_core.environment:checking '/home/dwd/Documents/project/esp_ws/install/micro_ros_setup' for CMake module files
[20.123s] Level 1:colcon.colcon_core.environment:checking '/home/dwd/Documents/project/esp_ws/install/micro_ros_setup' for CMake config files
[20.124s] Level 1:colcon.colcon_core.shell:create_environment_hook('micro_ros_setup', 'cmake_prefix_path')
[20.125s] INFO:colcon.colcon_core.shell:Creating environment hook '/home/dwd/Documents/project/esp_ws/install/micro_ros_setup/share/micro_ros_setup/hook/cmake_prefix_path.ps1'
[20.126s] INFO:colcon.colcon_core.shell:Creating environment descriptor '/home/dwd/Documents/project/esp_ws/install/micro_ros_setup/share/micro_ros_setup/hook/cmake_prefix_path.dsv'
[20.127s] INFO:colcon.colcon_core.shell:Creating environment hook '/home/dwd/Documents/project/esp_ws/install/micro_ros_setup/share/micro_ros_setup/hook/cmake_prefix_path.sh'
[20.129s] Level 1:colcon.colcon_core.environment:checking '/home/dwd/Documents/project/esp_ws/install/micro_ros_setup/lib'
[20.130s] Level 1:colcon.colcon_core.environment:checking '/home/dwd/Documents/project/esp_ws/install/micro_ros_setup/bin'
[20.130s] Level 1:colcon.colcon_core.environment:checking '/home/dwd/Documents/project/esp_ws/install/micro_ros_setup/lib/pkgconfig/micro_ros_setup.pc'
[20.130s] Level 1:colcon.colcon_core.environment:checking '/home/dwd/Documents/project/esp_ws/install/micro_ros_setup/lib/python3.8/site-packages'
[20.131s] Level 1:colcon.colcon_core.environment:checking '/home/dwd/Documents/project/esp_ws/install/micro_ros_setup/bin'
[20.132s] INFO:colcon.colcon_core.shell:Creating package script '/home/dwd/Documents/project/esp_ws/install/micro_ros_setup/share/micro_ros_setup/package.ps1'
[20.134s] INFO:colcon.colcon_core.shell:Creating package descriptor '/home/dwd/Documents/project/esp_ws/install/micro_ros_setup/share/micro_ros_setup/package.dsv'
[20.135s] INFO:colcon.colcon_core.shell:Creating package script '/home/dwd/Documents/project/esp_ws/install/micro_ros_setup/share/micro_ros_setup/package.sh'
[20.137s] INFO:colcon.colcon_core.shell:Creating package script '/home/dwd/Documents/project/esp_ws/install/micro_ros_setup/share/micro_ros_setup/package.bash'
[20.138s] INFO:colcon.colcon_core.shell:Creating package script '/home/dwd/Documents/project/esp_ws/install/micro_ros_setup/share/micro_ros_setup/package.zsh'
[20.140s] Level 1:colcon.colcon_core.environment:create_file_with_runtime_dependencies(/home/dwd/Documents/project/esp_ws/install/micro_ros_setup/share/colcon-core/packages/micro_ros_setup)
[24.530s] DEBUG:colcon.colcon_core.event_handler.log_command:Invoking command in '/home/dwd/Documents/project/esp_ws/car_description': PYTHONPATH=/home/dwd/Documents/project/esp_ws/build/car_description/prefix_override:/usr/lib/python3/dist-packages/colcon_core/task/python/colcon_distutils_commands:/home/dwd/Documents/project/esp_ws/install/car_description/lib/python3.8/site-packages:${PYTHONPATH} /usr/bin/python3 -W ignore:setup.py install is deprecated -W ignore:easy_install command is deprecated setup.py egg_info --egg-base ../build/car_description build --build-base /home/dwd/Documents/project/esp_ws/build/car_description/build install --record /home/dwd/Documents/project/esp_ws/build/car_description/install.log --install-scripts $base/lib/car_description --single-version-externally-managed install_data
[25.073s] Level 1:colcon.colcon_core.environment:checking '/home/dwd/Documents/project/esp_ws/install/car_description' for CMake module files
[25.074s] DEBUG:colcon.colcon_core.event_handler.log_command:Invoked command in '/home/dwd/Documents/project/esp_ws/car_description' returned '0': PYTHONPATH=/home/dwd/Documents/project/esp_ws/build/car_description/prefix_override:/usr/lib/python3/dist-packages/colcon_core/task/python/colcon_distutils_commands:/home/dwd/Documents/project/esp_ws/install/car_description/lib/python3.8/site-packages:${PYTHONPATH} /usr/bin/python3 -W ignore:setup.py install is deprecated -W ignore:easy_install command is deprecated setup.py egg_info --egg-base ../build/car_description build --build-base /home/dwd/Documents/project/esp_ws/build/car_description/build install --record /home/dwd/Documents/project/esp_ws/build/car_description/install.log --install-scripts $base/lib/car_description --single-version-externally-managed install_data
[25.074s] Level 1:colcon.colcon_core.environment:checking '/home/dwd/Documents/project/esp_ws/install/car_description' for CMake config files
[25.075s] Level 1:colcon.colcon_core.environment:checking '/home/dwd/Documents/project/esp_ws/install/car_description/lib'
[25.075s] Level 1:colcon.colcon_core.environment:checking '/home/dwd/Documents/project/esp_ws/install/car_description/bin'
[25.075s] Level 1:colcon.colcon_core.environment:checking '/home/dwd/Documents/project/esp_ws/install/car_description/lib/pkgconfig/car_description.pc'
[25.075s] Level 1:colcon.colcon_core.environment:checking '/home/dwd/Documents/project/esp_ws/install/car_description/lib/python3.8/site-packages'
[25.075s] Level 1:colcon.colcon_core.shell:create_environment_hook('car_description', 'pythonpath')
[25.076s] INFO:colcon.colcon_core.shell:Creating environment hook '/home/dwd/Documents/project/esp_ws/install/car_description/share/car_description/hook/pythonpath.ps1'
[25.076s] INFO:colcon.colcon_core.shell:Creating environment descriptor '/home/dwd/Documents/project/esp_ws/install/car_description/share/car_description/hook/pythonpath.dsv'
[25.077s] INFO:colcon.colcon_core.shell:Creating environment hook '/home/dwd/Documents/project/esp_ws/install/car_description/share/car_description/hook/pythonpath.sh'
[25.077s] Level 1:colcon.colcon_core.environment:checking '/home/dwd/Documents/project/esp_ws/install/car_description/bin'
[25.078s] Level 1:colcon.colcon_core.environment:create_environment_scripts_only(car_description)
[25.078s] INFO:colcon.colcon_core.shell:Creating package script '/home/dwd/Documents/project/esp_ws/install/car_description/share/car_description/package.ps1'
[25.079s] INFO:colcon.colcon_core.shell:Creating package descriptor '/home/dwd/Documents/project/esp_ws/install/car_description/share/car_description/package.dsv'
[25.079s] INFO:colcon.colcon_core.shell:Creating package script '/home/dwd/Documents/project/esp_ws/install/car_description/share/car_description/package.sh'
[25.079s] INFO:colcon.colcon_core.shell:Creating package script '/home/dwd/Documents/project/esp_ws/install/car_description/share/car_description/package.bash'
[25.080s] INFO:colcon.colcon_core.shell:Creating package script '/home/dwd/Documents/project/esp_ws/install/car_description/share/car_description/package.zsh'
[25.080s] Level 1:colcon.colcon_core.environment:create_file_with_runtime_dependencies(/home/dwd/Documents/project/esp_ws/install/car_description/share/colcon-core/packages/car_description)
[54.186s] DEBUG:colcon.colcon_core.event_handler.log_command:Invoked command in '/home/dwd/Documents/project/esp_ws/build/micro_ros_msgs' returned '0': CMAKE_PREFIX_PATH=${CMAKE_PREFIX_PATH}:/opt/ros/foxy /bin/cmake /home/dwd/Documents/project/esp_ws/src/uros/micro_ros_msgs -DCMAKE_INSTALL_PREFIX=/home/dwd/Documents/project/esp_ws/install/micro_ros_msgs
[54.190s] DEBUG:colcon.colcon_core.event_handler.log_command:Invoking command in '/home/dwd/Documents/project/esp_ws/build/micro_ros_msgs': CMAKE_PREFIX_PATH=${CMAKE_PREFIX_PATH}:/opt/ros/foxy /bin/cmake --build /home/dwd/Documents/project/esp_ws/build/micro_ros_msgs -- -j4 -l4
[54.197s] DEBUG:colcon.colcon_core.event_handler.log_command:Invoked command in '/home/dwd/Documents/project/esp_ws/build/drive_base_msgs' returned '0': CMAKE_PREFIX_PATH=${CMAKE_PREFIX_PATH}:/opt/ros/foxy /bin/cmake /home/dwd/Documents/project/esp_ws/src/uros/drive_base/drive_base_msgs -DCMAKE_INSTALL_PREFIX=/home/dwd/Documents/project/esp_ws/install/drive_base_msgs
[54.201s] DEBUG:colcon.colcon_core.event_handler.log_command:Invoking command in '/home/dwd/Documents/project/esp_ws/build/drive_base_msgs': CMAKE_PREFIX_PATH=${CMAKE_PREFIX_PATH}:/opt/ros/foxy /bin/cmake --build /home/dwd/Documents/project/esp_ws/build/drive_base_msgs -- -j4 -l4
[56.204s] DEBUG:colcon.colcon_core.event_handler.log_command:Invoked command in '/home/dwd/Documents/project/esp_ws/build/micro_ros_msgs' returned '0': CMAKE_PREFIX_PATH=${CMAKE_PREFIX_PATH}:/opt/ros/foxy /bin/cmake --build /home/dwd/Documents/project/esp_ws/build/micro_ros_msgs -- -j4 -l4
[56.255s] DEBUG:colcon.colcon_core.event_handler.log_command:Invoking command in '/home/dwd/Documents/project/esp_ws/build/micro_ros_msgs': CMAKE_PREFIX_PATH=${CMAKE_PREFIX_PATH}:/opt/ros/foxy /bin/cmake --install /home/dwd/Documents/project/esp_ws/build/micro_ros_msgs
[57.876s] Level 1:colcon.colcon_core.environment:create_environment_scripts_only(micro_ros_msgs)
[57.876s] Level 1:colcon.colcon_core.environment:checking '/home/dwd/Documents/project/esp_ws/install/micro_ros_msgs' for CMake module files
[57.877s] Level 1:colcon.colcon_core.environment:checking '/home/dwd/Documents/project/esp_ws/install/micro_ros_msgs' for CMake config files
[57.877s] Level 1:colcon.colcon_core.shell:create_environment_hook('micro_ros_msgs', 'cmake_prefix_path')
[57.878s] INFO:colcon.colcon_core.shell:Creating environment hook '/home/dwd/Documents/project/esp_ws/install/micro_ros_msgs/share/micro_ros_msgs/hook/cmake_prefix_path.ps1'
[57.878s] INFO:colcon.colcon_core.shell:Creating environment descriptor '/home/dwd/Documents/project/esp_ws/install/micro_ros_msgs/share/micro_ros_msgs/hook/cmake_prefix_path.dsv'
[57.879s] INFO:colcon.colcon_core.shell:Creating environment hook '/home/dwd/Documents/project/esp_ws/install/micro_ros_msgs/share/micro_ros_msgs/hook/cmake_prefix_path.sh'
[57.879s] DEBUG:colcon.colcon_core.event_handler.log_command:Invoked command in '/home/dwd/Documents/project/esp_ws/build/micro_ros_msgs' returned '0': CMAKE_PREFIX_PATH=${CMAKE_PREFIX_PATH}:/opt/ros/foxy /bin/cmake --install /home/dwd/Documents/project/esp_ws/build/micro_ros_msgs
[57.880s] Level 1:colcon.colcon_core.environment:checking '/home/dwd/Documents/project/esp_ws/install/micro_ros_msgs/lib'
[57.880s] Level 1:colcon.colcon_core.shell:create_environment_hook('micro_ros_msgs', 'ld_library_path_lib')
[57.881s] INFO:colcon.colcon_core.shell:Creating environment hook '/home/dwd/Documents/project/esp_ws/install/micro_ros_msgs/share/micro_ros_msgs/hook/ld_library_path_lib.ps1'
[57.881s] INFO:colcon.colcon_core.shell:Creating environment descriptor '/home/dwd/Documents/project/esp_ws/install/micro_ros_msgs/share/micro_ros_msgs/hook/ld_library_path_lib.dsv'
[57.881s] INFO:colcon.colcon_core.shell:Creating environment hook '/home/dwd/Documents/project/esp_ws/install/micro_ros_msgs/share/micro_ros_msgs/hook/ld_library_path_lib.sh'
[57.882s] Level 1:colcon.colcon_core.environment:checking '/home/dwd/Documents/project/esp_ws/install/micro_ros_msgs/bin'
[57.882s] Level 1:colcon.colcon_core.environment:checking '/home/dwd/Documents/project/esp_ws/install/micro_ros_msgs/lib/pkgconfig/micro_ros_msgs.pc'
[57.882s] Level 1:colcon.colcon_core.environment:checking '/home/dwd/Documents/project/esp_ws/install/micro_ros_msgs/lib/python3.8/site-packages'
[57.883s] Level 1:colcon.colcon_core.shell:create_environment_hook('micro_ros_msgs', 'pythonpath')
[57.883s] INFO:colcon.colcon_core.shell:Creating environment hook '/home/dwd/Documents/project/esp_ws/install/micro_ros_msgs/share/micro_ros_msgs/hook/pythonpath.ps1'
[57.883s] INFO:colcon.colcon_core.shell:Creating environment descriptor '/home/dwd/Documents/project/esp_ws/install/micro_ros_msgs/share/micro_ros_msgs/hook/pythonpath.dsv'
[57.886s] INFO:colcon.colcon_core.shell:Creating environment hook '/home/dwd/Documents/project/esp_ws/install/micro_ros_msgs/share/micro_ros_msgs/hook/pythonpath.sh'
[57.886s] Level 1:colcon.colcon_core.environment:checking '/home/dwd/Documents/project/esp_ws/install/micro_ros_msgs/bin'
[57.887s] INFO:colcon.colcon_core.shell:Creating package script '/home/dwd/Documents/project/esp_ws/install/micro_ros_msgs/share/micro_ros_msgs/package.ps1'
[57.887s] INFO:colcon.colcon_core.shell:Creating package descriptor '/home/dwd/Documents/project/esp_ws/install/micro_ros_msgs/share/micro_ros_msgs/package.dsv'
[57.889s] INFO:colcon.colcon_core.shell:Creating package script '/home/dwd/Documents/project/esp_ws/install/micro_ros_msgs/share/micro_ros_msgs/package.sh'
[57.890s] INFO:colcon.colcon_core.shell:Creating package script '/home/dwd/Documents/project/esp_ws/install/micro_ros_msgs/share/micro_ros_msgs/package.bash'
[57.891s] INFO:colcon.colcon_core.shell:Creating package script '/home/dwd/Documents/project/esp_ws/install/micro_ros_msgs/share/micro_ros_msgs/package.zsh'
[57.894s] Level 1:colcon.colcon_core.environment:create_file_with_runtime_dependencies(/home/dwd/Documents/project/esp_ws/install/micro_ros_msgs/share/colcon-core/packages/micro_ros_msgs)
[57.895s] Level 1:colcon.colcon_core.environment:create_environment_scripts_only(micro_ros_msgs)
[57.896s] Level 1:colcon.colcon_core.environment:checking '/home/dwd/Documents/project/esp_ws/install/micro_ros_msgs' for CMake module files
[57.896s] Level 1:colcon.colcon_core.environment:checking '/home/dwd/Documents/project/esp_ws/install/micro_ros_msgs' for CMake config files
[57.897s] Level 1:colcon.colcon_core.shell:create_environment_hook('micro_ros_msgs', 'cmake_prefix_path')
[57.897s] INFO:colcon.colcon_core.shell:Creating environment hook '/home/dwd/Documents/project/esp_ws/install/micro_ros_msgs/share/micro_ros_msgs/hook/cmake_prefix_path.ps1'
[57.898s] INFO:colcon.colcon_core.shell:Creating environment descriptor '/home/dwd/Documents/project/esp_ws/install/micro_ros_msgs/share/micro_ros_msgs/hook/cmake_prefix_path.dsv'
[57.899s] INFO:colcon.colcon_core.shell:Creating environment hook '/home/dwd/Documents/project/esp_ws/install/micro_ros_msgs/share/micro_ros_msgs/hook/cmake_prefix_path.sh'
[57.900s] Level 1:colcon.colcon_core.environment:checking '/home/dwd/Documents/project/esp_ws/install/micro_ros_msgs/lib'
[57.900s] Level 1:colcon.colcon_core.shell:create_environment_hook('micro_ros_msgs', 'ld_library_path_lib')
[57.901s] INFO:colcon.colcon_core.shell:Creating environment hook '/home/dwd/Documents/project/esp_ws/install/micro_ros_msgs/share/micro_ros_msgs/hook/ld_library_path_lib.ps1'
[57.901s] INFO:colcon.colcon_core.shell:Creating environment descriptor '/home/dwd/Documents/project/esp_ws/install/micro_ros_msgs/share/micro_ros_msgs/hook/ld_library_path_lib.dsv'
[57.902s] INFO:colcon.colcon_core.shell:Creating environment hook '/home/dwd/Documents/project/esp_ws/install/micro_ros_msgs/share/micro_ros_msgs/hook/ld_library_path_lib.sh'
[57.903s] Level 1:colcon.colcon_core.environment:checking '/home/dwd/Documents/project/esp_ws/install/micro_ros_msgs/bin'
[57.903s] Level 1:colcon.colcon_core.environment:checking '/home/dwd/Documents/project/esp_ws/install/micro_ros_msgs/lib/pkgconfig/micro_ros_msgs.pc'
[57.904s] Level 1:colcon.colcon_core.environment:checking '/home/dwd/Documents/project/esp_ws/install/micro_ros_msgs/lib/python3.8/site-packages'
[57.904s] Level 1:colcon.colcon_core.shell:create_environment_hook('micro_ros_msgs', 'pythonpath')
[57.904s] INFO:colcon.colcon_core.shell:Creating environment hook '/home/dwd/Documents/project/esp_ws/install/micro_ros_msgs/share/micro_ros_msgs/hook/pythonpath.ps1'
[57.905s] INFO:colcon.colcon_core.shell:Creating environment descriptor '/home/dwd/Documents/project/esp_ws/install/micro_ros_msgs/share/micro_ros_msgs/hook/pythonpath.dsv'
[57.907s] INFO:colcon.colcon_core.shell:Creating environment hook '/home/dwd/Documents/project/esp_ws/install/micro_ros_msgs/share/micro_ros_msgs/hook/pythonpath.sh'
[57.908s] Level 1:colcon.colcon_core.environment:checking '/home/dwd/Documents/project/esp_ws/install/micro_ros_msgs/bin'
[57.909s] INFO:colcon.colcon_core.shell:Creating package script '/home/dwd/Documents/project/esp_ws/install/micro_ros_msgs/share/micro_ros_msgs/package.ps1'
[57.910s] INFO:colcon.colcon_core.shell:Creating package descriptor '/home/dwd/Documents/project/esp_ws/install/micro_ros_msgs/share/micro_ros_msgs/package.dsv'
[57.911s] INFO:colcon.colcon_core.shell:Creating package script '/home/dwd/Documents/project/esp_ws/install/micro_ros_msgs/share/micro_ros_msgs/package.sh'
[57.912s] INFO:colcon.colcon_core.shell:Creating package script '/home/dwd/Documents/project/esp_ws/install/micro_ros_msgs/share/micro_ros_msgs/package.bash'
[57.913s] INFO:colcon.colcon_core.shell:Creating package script '/home/dwd/Documents/project/esp_ws/install/micro_ros_msgs/share/micro_ros_msgs/package.zsh'
[57.914s] Level 1:colcon.colcon_core.environment:create_file_with_runtime_dependencies(/home/dwd/Documents/project/esp_ws/install/micro_ros_msgs/share/colcon-core/packages/micro_ros_msgs)
[57.916s] INFO:colcon.colcon_ros.task.ament_cmake.build:Building ROS package in '/home/dwd/Documents/project/esp_ws/src/uros/micro-ROS-Agent/micro_ros_agent' with build type 'ament_cmake'
[57.916s] INFO:colcon.colcon_cmake.task.cmake.build:Building CMake package in '/home/dwd/Documents/project/esp_ws/src/uros/micro-ROS-Agent/micro_ros_agent'
[57.917s] INFO:colcon.colcon_core.shell:Skip shell extension 'powershell' for command environment: Not usable outside of PowerShell
[57.917s] DEBUG:colcon.colcon_core.shell:Skip shell extension 'dsv' for command environment
[58.158s] DEBUG:colcon.colcon_core.event_handler.log_command:Invoking command in '/home/dwd/Documents/project/esp_ws/build/micro_ros_agent': CMAKE_PREFIX_PATH=/home/dwd/Documents/project/esp_ws/install/micro_ros_msgs:/home/dwd/Documents/project/esp_ws/install/micro_ros_setup:/home/dwd/Documents/project/esp_ws/install/micro_ros_agent:/opt/ros/foxy LD_LIBRARY_PATH=/home/dwd/Documents/project/esp_ws/install/micro_ros_msgs/lib:/home/dwd/Documents/project/esp_ws/install/micro_ros_agent/lib:/usr/lib/x86_64-linux-gnu/gazebo-11/plugins:/opt/ros/foxy/opt/yaml_cpp_vendor/lib:/opt/ros/foxy/opt/rviz_ogre_vendor/lib:/opt/ros/foxy/lib/x86_64-linux-gnu:/opt/ros/foxy/lib /bin/cmake /home/dwd/Documents/project/esp_ws/src/uros/micro-ROS-Agent/micro_ros_agent -DCMAKE_INSTALL_PREFIX=/home/dwd/Documents/project/esp_ws/install/micro_ros_agent
[63.700s] DEBUG:colcon.colcon_core.event_handler.log_command:Invoked command in '/home/dwd/Documents/project/esp_ws/build/micro_ros_agent' returned '0': CMAKE_PREFIX_PATH=/home/dwd/Documents/project/esp_ws/install/micro_ros_msgs:/home/dwd/Documents/project/esp_ws/install/micro_ros_setup:/home/dwd/Documents/project/esp_ws/install/micro_ros_agent:/opt/ros/foxy LD_LIBRARY_PATH=/home/dwd/Documents/project/esp_ws/install/micro_ros_msgs/lib:/home/dwd/Documents/project/esp_ws/install/micro_ros_agent/lib:/usr/lib/x86_64-linux-gnu/gazebo-11/plugins:/opt/ros/foxy/opt/yaml_cpp_vendor/lib:/opt/ros/foxy/opt/rviz_ogre_vendor/lib:/opt/ros/foxy/lib/x86_64-linux-gnu:/opt/ros/foxy/lib /bin/cmake /home/dwd/Documents/project/esp_ws/src/uros/micro-ROS-Agent/micro_ros_agent -DCMAKE_INSTALL_PREFIX=/home/dwd/Documents/project/esp_ws/install/micro_ros_agent
[63.703s] DEBUG:colcon.colcon_core.event_handler.log_command:Invoking command in '/home/dwd/Documents/project/esp_ws/build/micro_ros_agent': CMAKE_PREFIX_PATH=/home/dwd/Documents/project/esp_ws/install/micro_ros_msgs:/home/dwd/Documents/project/esp_ws/install/micro_ros_setup:/home/dwd/Documents/project/esp_ws/install/micro_ros_agent:/opt/ros/foxy LD_LIBRARY_PATH=/home/dwd/Documents/project/esp_ws/install/micro_ros_msgs/lib:/home/dwd/Documents/project/esp_ws/install/micro_ros_agent/lib:/usr/lib/x86_64-linux-gnu/gazebo-11/plugins:/opt/ros/foxy/opt/yaml_cpp_vendor/lib:/opt/ros/foxy/opt/rviz_ogre_vendor/lib:/opt/ros/foxy/lib/x86_64-linux-gnu:/opt/ros/foxy/lib /bin/cmake --build /home/dwd/Documents/project/esp_ws/build/micro_ros_agent -- -j4 -l4
[64.488s] DEBUG:colcon.colcon_core.event_handler.log_command:Invoked command in '/home/dwd/Documents/project/esp_ws/build/micro_ros_agent' returned '0': CMAKE_PREFIX_PATH=/home/dwd/Documents/project/esp_ws/install/micro_ros_msgs:/home/dwd/Documents/project/esp_ws/install/micro_ros_setup:/home/dwd/Documents/project/esp_ws/install/micro_ros_agent:/opt/ros/foxy LD_LIBRARY_PATH=/home/dwd/Documents/project/esp_ws/install/micro_ros_msgs/lib:/home/dwd/Documents/project/esp_ws/install/micro_ros_agent/lib:/usr/lib/x86_64-linux-gnu/gazebo-11/plugins:/opt/ros/foxy/opt/yaml_cpp_vendor/lib:/opt/ros/foxy/opt/rviz_ogre_vendor/lib:/opt/ros/foxy/lib/x86_64-linux-gnu:/opt/ros/foxy/lib /bin/cmake --build /home/dwd/Documents/project/esp_ws/build/micro_ros_agent -- -j4 -l4
[65.075s] DEBUG:colcon.colcon_core.event_handler.log_command:Invoking command in '/home/dwd/Documents/project/esp_ws/build/micro_ros_agent': CMAKE_PREFIX_PATH=/home/dwd/Documents/project/esp_ws/install/micro_ros_msgs:/home/dwd/Documents/project/esp_ws/install/micro_ros_setup:/home/dwd/Documents/project/esp_ws/install/micro_ros_agent:/opt/ros/foxy LD_LIBRARY_PATH=/home/dwd/Documents/project/esp_ws/install/micro_ros_msgs/lib:/home/dwd/Documents/project/esp_ws/install/micro_ros_agent/lib:/usr/lib/x86_64-linux-gnu/gazebo-11/plugins:/opt/ros/foxy/opt/yaml_cpp_vendor/lib:/opt/ros/foxy/opt/rviz_ogre_vendor/lib:/opt/ros/foxy/lib/x86_64-linux-gnu:/opt/ros/foxy/lib /bin/cmake --install /home/dwd/Documents/project/esp_ws/build/micro_ros_agent
[65.360s] Level 1:colcon.colcon_core.environment:create_environment_scripts_only(micro_ros_agent)
[65.361s] Level 1:colcon.colcon_core.environment:checking '/home/dwd/Documents/project/esp_ws/install/micro_ros_agent' for CMake module files
[65.361s] DEBUG:colcon.colcon_core.event_handler.log_command:Invoked command in '/home/dwd/Documents/project/esp_ws/build/micro_ros_agent' returned '0': CMAKE_PREFIX_PATH=/home/dwd/Documents/project/esp_ws/install/micro_ros_msgs:/home/dwd/Documents/project/esp_ws/install/micro_ros_setup:/home/dwd/Documents/project/esp_ws/install/micro_ros_agent:/opt/ros/foxy LD_LIBRARY_PATH=/home/dwd/Documents/project/esp_ws/install/micro_ros_msgs/lib:/home/dwd/Documents/project/esp_ws/install/micro_ros_agent/lib:/usr/lib/x86_64-linux-gnu/gazebo-11/plugins:/opt/ros/foxy/opt/yaml_cpp_vendor/lib:/opt/ros/foxy/opt/rviz_ogre_vendor/lib:/opt/ros/foxy/lib/x86_64-linux-gnu:/opt/ros/foxy/lib /bin/cmake --install /home/dwd/Documents/project/esp_ws/build/micro_ros_agent
[65.362s] Level 1:colcon.colcon_core.environment:checking '/home/dwd/Documents/project/esp_ws/install/micro_ros_agent' for CMake config files
[65.362s] Level 1:colcon.colcon_core.shell:create_environment_hook('micro_ros_agent', 'cmake_prefix_path')
[65.363s] INFO:colcon.colcon_core.shell:Creating environment hook '/home/dwd/Documents/project/esp_ws/install/micro_ros_agent/share/micro_ros_agent/hook/cmake_prefix_path.ps1'
[65.363s] INFO:colcon.colcon_core.shell:Creating environment descriptor '/home/dwd/Documents/project/esp_ws/install/micro_ros_agent/share/micro_ros_agent/hook/cmake_prefix_path.dsv'
[65.364s] INFO:colcon.colcon_core.shell:Creating environment hook '/home/dwd/Documents/project/esp_ws/install/micro_ros_agent/share/micro_ros_agent/hook/cmake_prefix_path.sh'
[65.366s] Level 1:colcon.colcon_core.environment:checking '/home/dwd/Documents/project/esp_ws/install/micro_ros_agent/lib'
[65.366s] Level 1:colcon.colcon_core.shell:create_environment_hook('micro_ros_agent', 'ld_library_path_lib')
[65.366s] INFO:colcon.colcon_core.shell:Creating environment hook '/home/dwd/Documents/project/esp_ws/install/micro_ros_agent/share/micro_ros_agent/hook/ld_library_path_lib.ps1'
[65.367s] INFO:colcon.colcon_core.shell:Creating environment descriptor '/home/dwd/Documents/project/esp_ws/install/micro_ros_agent/share/micro_ros_agent/hook/ld_library_path_lib.dsv'
[65.368s] INFO:colcon.colcon_core.shell:Creating environment hook '/home/dwd/Documents/project/esp_ws/install/micro_ros_agent/share/micro_ros_agent/hook/ld_library_path_lib.sh'
[65.368s] Level 1:colcon.colcon_core.environment:checking '/home/dwd/Documents/project/esp_ws/install/micro_ros_agent/bin'
[65.369s] Level 1:colcon.colcon_core.environment:checking '/home/dwd/Documents/project/esp_ws/install/micro_ros_agent/lib/pkgconfig/micro_ros_agent.pc'
[65.369s] Level 1:colcon.colcon_core.environment:checking '/home/dwd/Documents/project/esp_ws/install/micro_ros_agent/lib/python3.8/site-packages'
[65.370s] Level 1:colcon.colcon_core.environment:checking '/home/dwd/Documents/project/esp_ws/install/micro_ros_agent/bin'
[65.370s] INFO:colcon.colcon_core.shell:Creating package script '/home/dwd/Documents/project/esp_ws/install/micro_ros_agent/share/micro_ros_agent/package.ps1'
[65.371s] INFO:colcon.colcon_core.shell:Creating package descriptor '/home/dwd/Documents/project/esp_ws/install/micro_ros_agent/share/micro_ros_agent/package.dsv'
[65.372s] INFO:colcon.colcon_core.shell:Creating package script '/home/dwd/Documents/project/esp_ws/install/micro_ros_agent/share/micro_ros_agent/package.sh'
[65.373s] INFO:colcon.colcon_core.shell:Creating package script '/home/dwd/Documents/project/esp_ws/install/micro_ros_agent/share/micro_ros_agent/package.bash'
[65.374s] INFO:colcon.colcon_core.shell:Creating package script '/home/dwd/Documents/project/esp_ws/install/micro_ros_agent/share/micro_ros_agent/package.zsh'
[65.375s] Level 1:colcon.colcon_core.environment:create_file_with_runtime_dependencies(/home/dwd/Documents/project/esp_ws/install/micro_ros_agent/share/colcon-core/packages/micro_ros_agent)
[65.377s] Level 1:colcon.colcon_core.environment:create_environment_scripts_only(micro_ros_agent)
[65.377s] Level 1:colcon.colcon_core.environment:checking '/home/dwd/Documents/project/esp_ws/install/micro_ros_agent' for CMake module files
[65.378s] Level 1:colcon.colcon_core.environment:checking '/home/dwd/Documents/project/esp_ws/install/micro_ros_agent' for CMake config files
[65.378s] Level 1:colcon.colcon_core.shell:create_environment_hook('micro_ros_agent', 'cmake_prefix_path')
[65.378s] INFO:colcon.colcon_core.shell:Creating environment hook '/home/dwd/Documents/project/esp_ws/install/micro_ros_agent/share/micro_ros_agent/hook/cmake_prefix_path.ps1'
[65.379s] INFO:colcon.colcon_core.shell:Creating environment descriptor '/home/dwd/Documents/project/esp_ws/install/micro_ros_agent/share/micro_ros_agent/hook/cmake_prefix_path.dsv'
[65.380s] INFO:colcon.colcon_core.shell:Creating environment hook '/home/dwd/Documents/project/esp_ws/install/micro_ros_agent/share/micro_ros_agent/hook/cmake_prefix_path.sh'
[65.381s] Level 1:colcon.colcon_core.environment:checking '/home/dwd/Documents/project/esp_ws/install/micro_ros_agent/lib'
[65.382s] Level 1:colcon.colcon_core.shell:create_environment_hook('micro_ros_agent', 'ld_library_path_lib')
[65.382s] INFO:colcon.colcon_core.shell:Creating environment hook '/home/dwd/Documents/project/esp_ws/install/micro_ros_agent/share/micro_ros_agent/hook/ld_library_path_lib.ps1'
[65.383s] INFO:colcon.colcon_core.shell:Creating environment descriptor '/home/dwd/Documents/project/esp_ws/install/micro_ros_agent/share/micro_ros_agent/hook/ld_library_path_lib.dsv'
[65.384s] INFO:colcon.colcon_core.shell:Creating environment hook '/home/dwd/Documents/project/esp_ws/install/micro_ros_agent/share/micro_ros_agent/hook/ld_library_path_lib.sh'
[65.385s] Level 1:colcon.colcon_core.environment:checking '/home/dwd/Documents/project/esp_ws/install/micro_ros_agent/bin'
[65.385s] Level 1:colcon.colcon_core.environment:checking '/home/dwd/Documents/project/esp_ws/install/micro_ros_agent/lib/pkgconfig/micro_ros_agent.pc'
[65.385s] Level 1:colcon.colcon_core.environment:checking '/home/dwd/Documents/project/esp_ws/install/micro_ros_agent/lib/python3.8/site-packages'
[65.386s] Level 1:colcon.colcon_core.environment:checking '/home/dwd/Documents/project/esp_ws/install/micro_ros_agent/bin'
[65.386s] INFO:colcon.colcon_core.shell:Creating package script '/home/dwd/Documents/project/esp_ws/install/micro_ros_agent/share/micro_ros_agent/package.ps1'
[65.387s] INFO:colcon.colcon_core.shell:Creating package descriptor '/home/dwd/Documents/project/esp_ws/install/micro_ros_agent/share/micro_ros_agent/package.dsv'
[65.388s] INFO:colcon.colcon_core.shell:Creating package script '/home/dwd/Documents/project/esp_ws/install/micro_ros_agent/share/micro_ros_agent/package.sh'
[65.389s] INFO:colcon.colcon_core.shell:Creating package script '/home/dwd/Documents/project/esp_ws/install/micro_ros_agent/share/micro_ros_agent/package.bash'
[65.390s] INFO:colcon.colcon_core.shell:Creating package script '/home/dwd/Documents/project/esp_ws/install/micro_ros_agent/share/micro_ros_agent/package.zsh'
[65.391s] Level 1:colcon.colcon_core.environment:create_file_with_runtime_dependencies(/home/dwd/Documents/project/esp_ws/install/micro_ros_agent/share/colcon-core/packages/micro_ros_agent)
[80.715s] DEBUG:colcon.colcon_core.event_handler.log_command:Invoked command in '/home/dwd/Documents/project/esp_ws/build/drive_base_msgs' returned '0': CMAKE_PREFIX_PATH=${CMAKE_PREFIX_PATH}:/opt/ros/foxy /bin/cmake --build /home/dwd/Documents/project/esp_ws/build/drive_base_msgs -- -j4 -l4
[80.718s] DEBUG:colcon.colcon_core.event_handler.log_command:Invoking command in '/home/dwd/Documents/project/esp_ws/build/drive_base_msgs': CMAKE_PREFIX_PATH=${CMAKE_PREFIX_PATH}:/opt/ros/foxy /bin/cmake --install /home/dwd/Documents/project/esp_ws/build/drive_base_msgs
[80.818s] Level 1:colcon.colcon_core.environment:create_environment_scripts_only(drive_base_msgs)
[80.818s] Level 1:colcon.colcon_core.environment:checking '/home/dwd/Documents/project/esp_ws/install/drive_base_msgs' for CMake module files
[80.819s] Level 1:colcon.colcon_core.environment:checking '/home/dwd/Documents/project/esp_ws/install/drive_base_msgs' for CMake config files
[80.819s] Level 1:colcon.colcon_core.shell:create_environment_hook('drive_base_msgs', 'cmake_prefix_path')
[80.820s] INFO:colcon.colcon_core.shell:Creating environment hook '/home/dwd/Documents/project/esp_ws/install/drive_base_msgs/share/drive_base_msgs/hook/cmake_prefix_path.ps1'
[80.820s] INFO:colcon.colcon_core.shell:Creating environment descriptor '/home/dwd/Documents/project/esp_ws/install/drive_base_msgs/share/drive_base_msgs/hook/cmake_prefix_path.dsv'
[80.821s] INFO:colcon.colcon_core.shell:Creating environment hook '/home/dwd/Documents/project/esp_ws/install/drive_base_msgs/share/drive_base_msgs/hook/cmake_prefix_path.sh'
[80.821s] Level 1:colcon.colcon_core.environment:checking '/home/dwd/Documents/project/esp_ws/install/drive_base_msgs/lib'
[80.822s] Level 1:colcon.colcon_core.shell:create_environment_hook('drive_base_msgs', 'ld_library_path_lib')
[80.822s] INFO:colcon.colcon_core.shell:Creating environment hook '/home/dwd/Documents/project/esp_ws/install/drive_base_msgs/share/drive_base_msgs/hook/ld_library_path_lib.ps1'
[80.822s] DEBUG:colcon.colcon_core.event_handler.log_command:Invoked command in '/home/dwd/Documents/project/esp_ws/build/drive_base_msgs' returned '0': CMAKE_PREFIX_PATH=${CMAKE_PREFIX_PATH}:/opt/ros/foxy /bin/cmake --install /home/dwd/Documents/project/esp_ws/build/drive_base_msgs
[80.823s] INFO:colcon.colcon_core.shell:Creating environment descriptor '/home/dwd/Documents/project/esp_ws/install/drive_base_msgs/share/drive_base_msgs/hook/ld_library_path_lib.dsv'
[80.823s] INFO:colcon.colcon_core.shell:Creating environment hook '/home/dwd/Documents/project/esp_ws/install/drive_base_msgs/share/drive_base_msgs/hook/ld_library_path_lib.sh'
[80.823s] Level 1:colcon.colcon_core.environment:checking '/home/dwd/Documents/project/esp_ws/install/drive_base_msgs/bin'
[80.824s] Level 1:colcon.colcon_core.environment:checking '/home/dwd/Documents/project/esp_ws/install/drive_base_msgs/lib/pkgconfig/drive_base_msgs.pc'
[80.824s] Level 1:colcon.colcon_core.environment:checking '/home/dwd/Documents/project/esp_ws/install/drive_base_msgs/lib/python3.8/site-packages'
[80.824s] Level 1:colcon.colcon_core.shell:create_environment_hook('drive_base_msgs', 'pythonpath')
[80.824s] INFO:colcon.colcon_core.shell:Creating environment hook '/home/dwd/Documents/project/esp_ws/install/drive_base_msgs/share/drive_base_msgs/hook/pythonpath.ps1'
[80.825s] INFO:colcon.colcon_core.shell:Creating environment descriptor '/home/dwd/Documents/project/esp_ws/install/drive_base_msgs/share/drive_base_msgs/hook/pythonpath.dsv'
[80.825s] INFO:colcon.colcon_core.shell:Creating environment hook '/home/dwd/Documents/project/esp_ws/install/drive_base_msgs/share/drive_base_msgs/hook/pythonpath.sh'
[80.826s] Level 1:colcon.colcon_core.environment:checking '/home/dwd/Documents/project/esp_ws/install/drive_base_msgs/bin'
[80.826s] INFO:colcon.colcon_core.shell:Creating package script '/home/dwd/Documents/project/esp_ws/install/drive_base_msgs/share/drive_base_msgs/package.ps1'
[80.827s] INFO:colcon.colcon_core.shell:Creating package descriptor '/home/dwd/Documents/project/esp_ws/install/drive_base_msgs/share/drive_base_msgs/package.dsv'
[80.827s] INFO:colcon.colcon_core.shell:Creating package script '/home/dwd/Documents/project/esp_ws/install/drive_base_msgs/share/drive_base_msgs/package.sh'
[80.828s] INFO:colcon.colcon_core.shell:Creating package script '/home/dwd/Documents/project/esp_ws/install/drive_base_msgs/share/drive_base_msgs/package.bash'
[80.828s] INFO:colcon.colcon_core.shell:Creating package script '/home/dwd/Documents/project/esp_ws/install/drive_base_msgs/share/drive_base_msgs/package.zsh'
[80.829s] Level 1:colcon.colcon_core.environment:create_file_with_runtime_dependencies(/home/dwd/Documents/project/esp_ws/install/drive_base_msgs/share/colcon-core/packages/drive_base_msgs)
[80.830s] Level 1:colcon.colcon_core.environment:create_environment_scripts_only(drive_base_msgs)
[80.830s] Level 1:colcon.colcon_core.environment:checking '/home/dwd/Documents/project/esp_ws/install/drive_base_msgs' for CMake module files
[80.831s] Level 1:colcon.colcon_core.environment:checking '/home/dwd/Documents/project/esp_ws/install/drive_base_msgs' for CMake config files
[80.832s] Level 1:colcon.colcon_core.shell:create_environment_hook('drive_base_msgs', 'cmake_prefix_path')
[80.832s] INFO:colcon.colcon_core.shell:Creating environment hook '/home/dwd/Documents/project/esp_ws/install/drive_base_msgs/share/drive_base_msgs/hook/cmake_prefix_path.ps1'
[80.833s] INFO:colcon.colcon_core.shell:Creating environment descriptor '/home/dwd/Documents/project/esp_ws/install/drive_base_msgs/share/drive_base_msgs/hook/cmake_prefix_path.dsv'
[80.833s] INFO:colcon.colcon_core.shell:Creating environment hook '/home/dwd/Documents/project/esp_ws/install/drive_base_msgs/share/drive_base_msgs/hook/cmake_prefix_path.sh'
[80.834s] Level 1:colcon.colcon_core.environment:checking '/home/dwd/Documents/project/esp_ws/install/drive_base_msgs/lib'
[80.834s] Level 1:colcon.colcon_core.shell:create_environment_hook('drive_base_msgs', 'ld_library_path_lib')
[80.834s] INFO:colcon.colcon_core.shell:Creating environment hook '/home/dwd/Documents/project/esp_ws/install/drive_base_msgs/share/drive_base_msgs/hook/ld_library_path_lib.ps1'
[80.834s] INFO:colcon.colcon_core.shell:Creating environment descriptor '/home/dwd/Documents/project/esp_ws/install/drive_base_msgs/share/drive_base_msgs/hook/ld_library_path_lib.dsv'
[80.835s] INFO:colcon.colcon_core.shell:Creating environment hook '/home/dwd/Documents/project/esp_ws/install/drive_base_msgs/share/drive_base_msgs/hook/ld_library_path_lib.sh'
[80.835s] Level 1:colcon.colcon_core.environment:checking '/home/dwd/Documents/project/esp_ws/install/drive_base_msgs/bin'
[80.835s] Level 1:colcon.colcon_core.environment:checking '/home/dwd/Documents/project/esp_ws/install/drive_base_msgs/lib/pkgconfig/drive_base_msgs.pc'
[80.836s] Level 1:colcon.colcon_core.environment:checking '/home/dwd/Documents/project/esp_ws/install/drive_base_msgs/lib/python3.8/site-packages'
[80.836s] Level 1:colcon.colcon_core.shell:create_environment_hook('drive_base_msgs', 'pythonpath')
[80.836s] INFO:colcon.colcon_core.shell:Creating environment hook '/home/dwd/Documents/project/esp_ws/install/drive_base_msgs/share/drive_base_msgs/hook/pythonpath.ps1'
[80.836s] INFO:colcon.colcon_core.shell:Creating environment descriptor '/home/dwd/Documents/project/esp_ws/install/drive_base_msgs/share/drive_base_msgs/hook/pythonpath.dsv'
[80.837s] INFO:colcon.colcon_core.shell:Creating environment hook '/home/dwd/Documents/project/esp_ws/install/drive_base_msgs/share/drive_base_msgs/hook/pythonpath.sh'
[80.837s] Level 1:colcon.colcon_core.environment:checking '/home/dwd/Documents/project/esp_ws/install/drive_base_msgs/bin'
[80.838s] INFO:colcon.colcon_core.shell:Creating package script '/home/dwd/Documents/project/esp_ws/install/drive_base_msgs/share/drive_base_msgs/package.ps1'
[80.838s] INFO:colcon.colcon_core.shell:Creating package descriptor '/home/dwd/Documents/project/esp_ws/install/drive_base_msgs/share/drive_base_msgs/package.dsv'
[80.839s] INFO:colcon.colcon_core.shell:Creating package script '/home/dwd/Documents/project/esp_ws/install/drive_base_msgs/share/drive_base_msgs/package.sh'
[80.840s] INFO:colcon.colcon_core.shell:Creating package script '/home/dwd/Documents/project/esp_ws/install/drive_base_msgs/share/drive_base_msgs/package.bash'
[80.840s] INFO:colcon.colcon_core.shell:Creating package script '/home/dwd/Documents/project/esp_ws/install/drive_base_msgs/share/drive_base_msgs/package.zsh'
[80.841s] Level 1:colcon.colcon_core.environment:create_file_with_runtime_dependencies(/home/dwd/Documents/project/esp_ws/install/drive_base_msgs/share/colcon-core/packages/drive_base_msgs)
[80.841s] DEBUG:colcon.colcon_parallel_executor.executor.parallel:closing loop
[80.842s] DEBUG:colcon.colcon_parallel_executor.executor.parallel:loop closed
[80.842s] DEBUG:colcon.colcon_parallel_executor.executor.parallel:run_until_complete finished with '0'
[80.842s] DEBUG:colcon.colcon_core.event_reactor:joining thread
[80.973s] INFO:colcon.colcon_core.plugin_system:Skipping extension 'colcon_notification.desktop_notification.terminal_notifier': Not used on non-Darwin systems
[80.974s] INFO:colcon.colcon_core.plugin_system:Skipping extension 'colcon_notification.desktop_notification.win32': Not used on non-Windows systems
[80.974s] INFO:colcon.colcon_notification.desktop_notification:Sending desktop notification using 'notify2'
[85.006s] DEBUG:colcon.colcon_core.event_reactor:joined thread
[85.007s] INFO:colcon.colcon_core.shell:Creating prefix script '/home/dwd/Documents/project/esp_ws/install/local_setup.ps1'
[85.065s] INFO:colcon.colcon_core.shell:Creating prefix util module '/home/dwd/Documents/project/esp_ws/install/_local_setup_util_ps1.py'
[85.089s] INFO:colcon.colcon_core.shell:Creating prefix chain script '/home/dwd/Documents/project/esp_ws/install/setup.ps1'
[85.091s] INFO:colcon.colcon_core.shell:Creating prefix script '/home/dwd/Documents/project/esp_ws/install/local_setup.sh'
[85.110s] INFO:colcon.colcon_core.shell:Creating prefix util module '/home/dwd/Documents/project/esp_ws/install/_local_setup_util_sh.py'
[85.111s] INFO:colcon.colcon_core.shell:Creating prefix chain script '/home/dwd/Documents/project/esp_ws/install/setup.sh'
[85.113s] INFO:colcon.colcon_core.shell:Creating prefix script '/home/dwd/Documents/project/esp_ws/install/local_setup.bash'
[85.147s] INFO:colcon.colcon_core.shell:Creating prefix chain script '/home/dwd/Documents/project/esp_ws/install/setup.bash'
[85.148s] INFO:colcon.colcon_core.shell:Creating prefix script '/home/dwd/Documents/project/esp_ws/install/local_setup.zsh'
[85.195s] INFO:colcon.colcon_core.shell:Creating prefix chain script '/home/dwd/Documents/project/esp_ws/install/setup.zsh'
