[0.219s] DEBUG:colcon:Command line arguments: ['/bin/colcon', 'build', '--packages-up-to', 'micro_ros_agent', '--cmake-args', '-DUAGENT_BUILD_EXECUTABLE=OFF', '-DUAGENT_P2P_PROFILE=OFF', '--no-warn-unused-cli']
[0.219s] DEBUG:colcon:Parsed command line arguments: Namespace(allow_overriding=[], ament_cmake_args=None, base_paths=['.'], build_base='build', catkin_cmake_args=None, catkin_skip_building_tests=False, cmake_args=['-DUAGENT_BUILD_EXECUTABLE=OFF', '-DUAGENT_P2P_PROFILE=OFF', '--no-warn-unused-cli'], cmake_clean_cache=False, cmake_clean_first=False, cmake_force_configure=False, cmake_target=None, cmake_target_skip_unavailable=False, continue_on_error=False, event_handlers=None, executor='parallel', ignore_user_meta=False, install_base='install', log_base=None, log_level=None, main=<bound method BuildVerb.main of <colcon_core.verb.build.BuildVerb object at 0x7ff5051b82e0>>, merge_install=False, metas=['./colcon.meta'], packages_above=None, packages_above_and_dependencies=None, packages_above_depth=None, packages_end=None, packages_ignore=None, packages_ignore_regex=None, packages_select=None, packages_select_build_failed=False, packages_select_by_dep=None, packages_select_regex=None, packages_select_test_failures=False, packages_skip=None, packages_skip_build_finished=False, packages_skip_by_dep=None, packages_skip_regex=None, packages_skip_test_passed=False, packages_skip_up_to=None, packages_start=None, packages_up_to=['micro_ros_agent'], packages_up_to_regex=None, parallel_workers=4, paths=None, symlink_install=False, test_result_base=None, verb_extension=<colcon_core.verb.build.BuildVerb object at 0x7ff5051b82e0>, verb_name='build', verb_parser=<colcon_defaults.argument_parser.defaults.DefaultArgumentsDecorator object at 0x7ff5051b8820>)
[0.404s] Level 1:colcon.colcon_core.package_discovery:discover_packages(colcon_meta) check parameters
[0.404s] Level 1:colcon.colcon_core.package_discovery:discover_packages(recursive) check parameters
[0.404s] Level 1:colcon.colcon_core.package_discovery:discover_packages(ignore) check parameters
[0.405s] Level 1:colcon.colcon_core.package_discovery:discover_packages(path) check parameters
[0.405s] Level 1:colcon.colcon_core.package_discovery:discover_packages(colcon_meta) discover
[0.405s] Level 1:colcon.colcon_core.package_discovery:discover_packages(recursive) discover
[0.405s] INFO:colcon.colcon_core.package_discovery:Crawling recursively for packages in '/home/dwd/Documents/project/esp_ws'
[0.405s] Level 1:colcon.colcon_core.package_identification:_identify(.) by extensions ['ignore', 'ignore_ament_install']
[0.405s] Level 1:colcon.colcon_core.package_identification:_identify(.) by extension 'ignore'
[0.405s] Level 1:colcon.colcon_core.package_identification:_identify(.) by extension 'ignore_ament_install'
[0.405s] Level 1:colcon.colcon_core.package_identification:_identify(.) by extensions ['colcon_pkg']
[0.405s] Level 1:colcon.colcon_core.package_identification:_identify(.) by extension 'colcon_pkg'
[0.405s] Level 1:colcon.colcon_core.package_identification:_identify(.) by extensions ['colcon_meta']
[0.405s] Level 1:colcon.colcon_core.package_identification:_identify(.) by extension 'colcon_meta'
[0.405s] Level 1:colcon.colcon_core.package_identification:_identify(.) by extensions ['ros']
[0.405s] Level 1:colcon.colcon_core.package_identification:_identify(.) by extension 'ros'
[0.419s] Level 1:colcon.colcon_core.package_identification:_identify(.) by extensions ['cmake', 'python']
[0.419s] Level 1:colcon.colcon_core.package_identification:_identify(.) by extension 'cmake'
[0.419s] Level 1:colcon.colcon_core.package_identification:_identify(.) by extension 'python'
[0.419s] Level 1:colcon.colcon_core.package_identification:_identify(.) by extensions ['python_setup_py']
[0.419s] Level 1:colcon.colcon_core.package_identification:_identify(.) by extension 'python_setup_py'
[0.419s] Level 1:colcon.colcon_core.package_identification:_identify(build) by extensions ['ignore', 'ignore_ament_install']
[0.419s] Level 1:colcon.colcon_core.package_identification:_identify(build) by extension 'ignore'
[0.419s] Level 1:colcon.colcon_core.package_identification:_identify(build) ignored
[0.419s] Level 1:colcon.colcon_core.package_identification:_identify(install) by extensions ['ignore', 'ignore_ament_install']
[0.419s] Level 1:colcon.colcon_core.package_identification:_identify(install) by extension 'ignore'
[0.419s] Level 1:colcon.colcon_core.package_identification:_identify(install) ignored
[0.420s] Level 1:colcon.colcon_core.package_identification:_identify(log) by extensions ['ignore', 'ignore_ament_install']
[0.420s] Level 1:colcon.colcon_core.package_identification:_identify(log) by extension 'ignore'
[0.420s] Level 1:colcon.colcon_core.package_identification:_identify(log) ignored
[0.420s] Level 1:colcon.colcon_core.package_identification:_identify(src) by extensions ['ignore', 'ignore_ament_install']
[0.420s] Level 1:colcon.colcon_core.package_identification:_identify(src) by extension 'ignore'
[0.420s] Level 1:colcon.colcon_core.package_identification:_identify(src) by extension 'ignore_ament_install'
[0.420s] Level 1:colcon.colcon_core.package_identification:_identify(src) by extensions ['colcon_pkg']
[0.420s] Level 1:colcon.colcon_core.package_identification:_identify(src) by extension 'colcon_pkg'
[0.420s] Level 1:colcon.colcon_core.package_identification:_identify(src) by extensions ['colcon_meta']
[0.420s] Level 1:colcon.colcon_core.package_identification:_identify(src) by extension 'colcon_meta'
[0.420s] Level 1:colcon.colcon_core.package_identification:_identify(src) by extensions ['ros']
[0.420s] Level 1:colcon.colcon_core.package_identification:_identify(src) by extension 'ros'
[0.420s] Level 1:colcon.colcon_core.package_identification:_identify(src) by extensions ['cmake', 'python']
[0.420s] Level 1:colcon.colcon_core.package_identification:_identify(src) by extension 'cmake'
[0.420s] Level 1:colcon.colcon_core.package_identification:_identify(src) by extension 'python'
[0.420s] Level 1:colcon.colcon_core.package_identification:_identify(src) by extensions ['python_setup_py']
[0.420s] Level 1:colcon.colcon_core.package_identification:_identify(src) by extension 'python_setup_py'
[0.421s] Level 1:colcon.colcon_core.package_identification:_identify(src/micro_ros_setup) by extensions ['ignore', 'ignore_ament_install']
[0.421s] Level 1:colcon.colcon_core.package_identification:_identify(src/micro_ros_setup) by extension 'ignore'
[0.421s] Level 1:colcon.colcon_core.package_identification:_identify(src/micro_ros_setup) by extension 'ignore_ament_install'
[0.421s] Level 1:colcon.colcon_core.package_identification:_identify(src/micro_ros_setup) by extensions ['colcon_pkg']
[0.421s] Level 1:colcon.colcon_core.package_identification:_identify(src/micro_ros_setup) by extension 'colcon_pkg'
[0.421s] Level 1:colcon.colcon_core.package_identification:_identify(src/micro_ros_setup) by extensions ['colcon_meta']
[0.421s] Level 1:colcon.colcon_core.package_identification:_identify(src/micro_ros_setup) by extension 'colcon_meta'
[0.421s] Level 1:colcon.colcon_core.package_identification:_identify(src/micro_ros_setup) by extensions ['ros']
[0.421s] Level 1:colcon.colcon_core.package_identification:_identify(src/micro_ros_setup) by extension 'ros'
[0.425s] DEBUG:colcon.colcon_core.package_identification:Package 'src/micro_ros_setup' with type 'ros.ament_cmake' and name 'micro_ros_setup'
[0.425s] Level 1:colcon.colcon_core.package_identification:_identify(src/uros) by extensions ['ignore', 'ignore_ament_install']
[0.425s] Level 1:colcon.colcon_core.package_identification:_identify(src/uros) by extension 'ignore'
[0.425s] Level 1:colcon.colcon_core.package_identification:_identify(src/uros) by extension 'ignore_ament_install'
[0.425s] Level 1:colcon.colcon_core.package_identification:_identify(src/uros) by extensions ['colcon_pkg']
[0.425s] Level 1:colcon.colcon_core.package_identification:_identify(src/uros) by extension 'colcon_pkg'
[0.425s] Level 1:colcon.colcon_core.package_identification:_identify(src/uros) by extensions ['colcon_meta']
[0.425s] Level 1:colcon.colcon_core.package_identification:_identify(src/uros) by extension 'colcon_meta'
[0.426s] Level 1:colcon.colcon_core.package_identification:_identify(src/uros) by extensions ['ros']
[0.426s] Level 1:colcon.colcon_core.package_identification:_identify(src/uros) by extension 'ros'
[0.426s] Level 1:colcon.colcon_core.package_identification:_identify(src/uros) by extensions ['cmake', 'python']
[0.426s] Level 1:colcon.colcon_core.package_identification:_identify(src/uros) by extension 'cmake'
[0.426s] Level 1:colcon.colcon_core.package_identification:_identify(src/uros) by extension 'python'
[0.426s] Level 1:colcon.colcon_core.package_identification:_identify(src/uros) by extensions ['python_setup_py']
[0.426s] Level 1:colcon.colcon_core.package_identification:_identify(src/uros) by extension 'python_setup_py'
[0.426s] Level 1:colcon.colcon_core.package_identification:_identify(src/uros/drive_base) by extensions ['ignore', 'ignore_ament_install']
[0.426s] Level 1:colcon.colcon_core.package_identification:_identify(src/uros/drive_base) by extension 'ignore'
[0.426s] Level 1:colcon.colcon_core.package_identification:_identify(src/uros/drive_base) by extension 'ignore_ament_install'
[0.426s] Level 1:colcon.colcon_core.package_identification:_identify(src/uros/drive_base) by extensions ['colcon_pkg']
[0.426s] Level 1:colcon.colcon_core.package_identification:_identify(src/uros/drive_base) by extension 'colcon_pkg'
[0.426s] Level 1:colcon.colcon_core.package_identification:_identify(src/uros/drive_base) by extensions ['colcon_meta']
[0.426s] Level 1:colcon.colcon_core.package_identification:_identify(src/uros/drive_base) by extension 'colcon_meta'
[0.427s] Level 1:colcon.colcon_core.package_identification:_identify(src/uros/drive_base) by extensions ['ros']
[0.427s] Level 1:colcon.colcon_core.package_identification:_identify(src/uros/drive_base) by extension 'ros'
[0.427s] Level 1:colcon.colcon_core.package_identification:_identify(src/uros/drive_base) by extensions ['cmake', 'python']
[0.427s] Level 1:colcon.colcon_core.package_identification:_identify(src/uros/drive_base) by extension 'cmake'
[0.427s] Level 1:colcon.colcon_core.package_identification:_identify(src/uros/drive_base) by extension 'python'
[0.427s] Level 1:colcon.colcon_core.package_identification:_identify(src/uros/drive_base) by extensions ['python_setup_py']
[0.427s] Level 1:colcon.colcon_core.package_identification:_identify(src/uros/drive_base) by extension 'python_setup_py'
[0.427s] Level 1:colcon.colcon_core.package_identification:_identify(src/uros/drive_base/drive_base_msgs) by extensions ['ignore', 'ignore_ament_install']
[0.427s] Level 1:colcon.colcon_core.package_identification:_identify(src/uros/drive_base/drive_base_msgs) by extension 'ignore'
[0.427s] Level 1:colcon.colcon_core.package_identification:_identify(src/uros/drive_base/drive_base_msgs) by extension 'ignore_ament_install'
[0.427s] Level 1:colcon.colcon_core.package_identification:_identify(src/uros/drive_base/drive_base_msgs) by extensions ['colcon_pkg']
[0.427s] Level 1:colcon.colcon_core.package_identification:_identify(src/uros/drive_base/drive_base_msgs) by extension 'colcon_pkg'
[0.428s] Level 1:colcon.colcon_core.package_identification:_identify(src/uros/drive_base/drive_base_msgs) by extensions ['colcon_meta']
[0.428s] Level 1:colcon.colcon_core.package_identification:_identify(src/uros/drive_base/drive_base_msgs) by extension 'colcon_meta'
[0.428s] Level 1:colcon.colcon_core.package_identification:_identify(src/uros/drive_base/drive_base_msgs) by extensions ['ros']
[0.428s] Level 1:colcon.colcon_core.package_identification:_identify(src/uros/drive_base/drive_base_msgs) by extension 'ros'
[0.429s] DEBUG:colcon.colcon_core.package_identification:Package 'src/uros/drive_base/drive_base_msgs' with type 'ros.ament_cmake' and name 'drive_base_msgs'
[0.429s] Level 1:colcon.colcon_core.package_identification:_identify(src/uros/micro-ROS-Agent) by extensions ['ignore', 'ignore_ament_install']
[0.429s] Level 1:colcon.colcon_core.package_identification:_identify(src/uros/micro-ROS-Agent) by extension 'ignore'
[0.429s] Level 1:colcon.colcon_core.package_identification:_identify(src/uros/micro-ROS-Agent) by extension 'ignore_ament_install'
[0.429s] Level 1:colcon.colcon_core.package_identification:_identify(src/uros/micro-ROS-Agent) by extensions ['colcon_pkg']
[0.429s] Level 1:colcon.colcon_core.package_identification:_identify(src/uros/micro-ROS-Agent) by extension 'colcon_pkg'
[0.429s] Level 1:colcon.colcon_core.package_identification:_identify(src/uros/micro-ROS-Agent) by extensions ['colcon_meta']
[0.429s] Level 1:colcon.colcon_core.package_identification:_identify(src/uros/micro-ROS-Agent) by extension 'colcon_meta'
[0.429s] Level 1:colcon.colcon_core.package_identification:_identify(src/uros/micro-ROS-Agent) by extensions ['ros']
[0.429s] Level 1:colcon.colcon_core.package_identification:_identify(src/uros/micro-ROS-Agent) by extension 'ros'
[0.430s] Level 1:colcon.colcon_core.package_identification:_identify(src/uros/micro-ROS-Agent) by extensions ['cmake', 'python']
[0.430s] Level 1:colcon.colcon_core.package_identification:_identify(src/uros/micro-ROS-Agent) by extension 'cmake'
[0.430s] Level 1:colcon.colcon_core.package_identification:_identify(src/uros/micro-ROS-Agent) by extension 'python'
[0.430s] Level 1:colcon.colcon_core.package_identification:_identify(src/uros/micro-ROS-Agent) by extensions ['python_setup_py']
[0.430s] Level 1:colcon.colcon_core.package_identification:_identify(src/uros/micro-ROS-Agent) by extension 'python_setup_py'
[0.430s] Level 1:colcon.colcon_core.package_identification:_identify(src/uros/micro-ROS-Agent/micro_ros_agent) by extensions ['ignore', 'ignore_ament_install']
[0.430s] Level 1:colcon.colcon_core.package_identification:_identify(src/uros/micro-ROS-Agent/micro_ros_agent) by extension 'ignore'
[0.430s] Level 1:colcon.colcon_core.package_identification:_identify(src/uros/micro-ROS-Agent/micro_ros_agent) by extension 'ignore_ament_install'
[0.430s] Level 1:colcon.colcon_core.package_identification:_identify(src/uros/micro-ROS-Agent/micro_ros_agent) by extensions ['colcon_pkg']
[0.430s] Level 1:colcon.colcon_core.package_identification:_identify(src/uros/micro-ROS-Agent/micro_ros_agent) by extension 'colcon_pkg'
[0.431s] Level 1:colcon.colcon_core.package_identification:_identify(src/uros/micro-ROS-Agent/micro_ros_agent) by extensions ['colcon_meta']
[0.431s] Level 1:colcon.colcon_core.package_identification:_identify(src/uros/micro-ROS-Agent/micro_ros_agent) by extension 'colcon_meta'
[0.431s] Level 1:colcon.colcon_core.package_identification:_identify(src/uros/micro-ROS-Agent/micro_ros_agent) by extensions ['ros']
[0.431s] Level 1:colcon.colcon_core.package_identification:_identify(src/uros/micro-ROS-Agent/micro_ros_agent) by extension 'ros'
[0.432s] DEBUG:colcon.colcon_core.package_identification:Package 'src/uros/micro-ROS-Agent/micro_ros_agent' with type 'ros.ament_cmake' and name 'micro_ros_agent'
[0.432s] Level 1:colcon.colcon_core.package_identification:_identify(src/uros/micro-ROS-Agent/snap) by extensions ['ignore', 'ignore_ament_install']
[0.432s] Level 1:colcon.colcon_core.package_identification:_identify(src/uros/micro-ROS-Agent/snap) by extension 'ignore'
[0.432s] Level 1:colcon.colcon_core.package_identification:_identify(src/uros/micro-ROS-Agent/snap) by extension 'ignore_ament_install'
[0.433s] Level 1:colcon.colcon_core.package_identification:_identify(src/uros/micro-ROS-Agent/snap) by extensions ['colcon_pkg']
[0.433s] Level 1:colcon.colcon_core.package_identification:_identify(src/uros/micro-ROS-Agent/snap) by extension 'colcon_pkg'
[0.433s] Level 1:colcon.colcon_core.package_identification:_identify(src/uros/micro-ROS-Agent/snap) by extensions ['colcon_meta']
[0.433s] Level 1:colcon.colcon_core.package_identification:_identify(src/uros/micro-ROS-Agent/snap) by extension 'colcon_meta'
[0.433s] Level 1:colcon.colcon_core.package_identification:_identify(src/uros/micro-ROS-Agent/snap) by extensions ['ros']
[0.433s] Level 1:colcon.colcon_core.package_identification:_identify(src/uros/micro-ROS-Agent/snap) by extension 'ros'
[0.433s] Level 1:colcon.colcon_core.package_identification:_identify(src/uros/micro-ROS-Agent/snap) by extensions ['cmake', 'python']
[0.433s] Level 1:colcon.colcon_core.package_identification:_identify(src/uros/micro-ROS-Agent/snap) by extension 'cmake'
[0.433s] Level 1:colcon.colcon_core.package_identification:_identify(src/uros/micro-ROS-Agent/snap) by extension 'python'
[0.433s] Level 1:colcon.colcon_core.package_identification:_identify(src/uros/micro-ROS-Agent/snap) by extensions ['python_setup_py']
[0.433s] Level 1:colcon.colcon_core.package_identification:_identify(src/uros/micro-ROS-Agent/snap) by extension 'python_setup_py'
[0.433s] Level 1:colcon.colcon_core.package_identification:_identify(src/uros/micro-ROS-Agent/snap/hooks) by extensions ['ignore', 'ignore_ament_install']
[0.433s] Level 1:colcon.colcon_core.package_identification:_identify(src/uros/micro-ROS-Agent/snap/hooks) by extension 'ignore'
[0.433s] Level 1:colcon.colcon_core.package_identification:_identify(src/uros/micro-ROS-Agent/snap/hooks) by extension 'ignore_ament_install'
[0.434s] Level 1:colcon.colcon_core.package_identification:_identify(src/uros/micro-ROS-Agent/snap/hooks) by extensions ['colcon_pkg']
[0.434s] Level 1:colcon.colcon_core.package_identification:_identify(src/uros/micro-ROS-Agent/snap/hooks) by extension 'colcon_pkg'
[0.434s] Level 1:colcon.colcon_core.package_identification:_identify(src/uros/micro-ROS-Agent/snap/hooks) by extensions ['colcon_meta']
[0.434s] Level 1:colcon.colcon_core.package_identification:_identify(src/uros/micro-ROS-Agent/snap/hooks) by extension 'colcon_meta'
[0.434s] Level 1:colcon.colcon_core.package_identification:_identify(src/uros/micro-ROS-Agent/snap/hooks) by extensions ['ros']
[0.434s] Level 1:colcon.colcon_core.package_identification:_identify(src/uros/micro-ROS-Agent/snap/hooks) by extension 'ros'
[0.434s] Level 1:colcon.colcon_core.package_identification:_identify(src/uros/micro-ROS-Agent/snap/hooks) by extensions ['cmake', 'python']
[0.434s] Level 1:colcon.colcon_core.package_identification:_identify(src/uros/micro-ROS-Agent/snap/hooks) by extension 'cmake'
[0.434s] Level 1:colcon.colcon_core.package_identification:_identify(src/uros/micro-ROS-Agent/snap/hooks) by extension 'python'
[0.434s] Level 1:colcon.colcon_core.package_identification:_identify(src/uros/micro-ROS-Agent/snap/hooks) by extensions ['python_setup_py']
[0.434s] Level 1:colcon.colcon_core.package_identification:_identify(src/uros/micro-ROS-Agent/snap/hooks) by extension 'python_setup_py'
[0.434s] Level 1:colcon.colcon_core.package_identification:_identify(src/uros/micro-ROS-Agent/snap/local) by extensions ['ignore', 'ignore_ament_install']
[0.435s] Level 1:colcon.colcon_core.package_identification:_identify(src/uros/micro-ROS-Agent/snap/local) by extension 'ignore'
[0.435s] Level 1:colcon.colcon_core.package_identification:_identify(src/uros/micro-ROS-Agent/snap/local) by extension 'ignore_ament_install'
[0.435s] Level 1:colcon.colcon_core.package_identification:_identify(src/uros/micro-ROS-Agent/snap/local) by extensions ['colcon_pkg']
[0.435s] Level 1:colcon.colcon_core.package_identification:_identify(src/uros/micro-ROS-Agent/snap/local) by extension 'colcon_pkg'
[0.435s] Level 1:colcon.colcon_core.package_identification:_identify(src/uros/micro-ROS-Agent/snap/local) by extensions ['colcon_meta']
[0.435s] Level 1:colcon.colcon_core.package_identification:_identify(src/uros/micro-ROS-Agent/snap/local) by extension 'colcon_meta'
[0.435s] Level 1:colcon.colcon_core.package_identification:_identify(src/uros/micro-ROS-Agent/snap/local) by extensions ['ros']
[0.435s] Level 1:colcon.colcon_core.package_identification:_identify(src/uros/micro-ROS-Agent/snap/local) by extension 'ros'
[0.435s] Level 1:colcon.colcon_core.package_identification:_identify(src/uros/micro-ROS-Agent/snap/local) by extensions ['cmake', 'python']
[0.435s] Level 1:colcon.colcon_core.package_identification:_identify(src/uros/micro-ROS-Agent/snap/local) by extension 'cmake'
[0.435s] Level 1:colcon.colcon_core.package_identification:_identify(src/uros/micro-ROS-Agent/snap/local) by extension 'python'
[0.435s] Level 1:colcon.colcon_core.package_identification:_identify(src/uros/micro-ROS-Agent/snap/local) by extensions ['python_setup_py']
[0.435s] Level 1:colcon.colcon_core.package_identification:_identify(src/uros/micro-ROS-Agent/snap/local) by extension 'python_setup_py'
[0.436s] Level 1:colcon.colcon_core.package_identification:_identify(src/uros/micro_ros_msgs) by extensions ['ignore', 'ignore_ament_install']
[0.436s] Level 1:colcon.colcon_core.package_identification:_identify(src/uros/micro_ros_msgs) by extension 'ignore'
[0.436s] Level 1:colcon.colcon_core.package_identification:_identify(src/uros/micro_ros_msgs) by extension 'ignore_ament_install'
[0.436s] Level 1:colcon.colcon_core.package_identification:_identify(src/uros/micro_ros_msgs) by extensions ['colcon_pkg']
[0.436s] Level 1:colcon.colcon_core.package_identification:_identify(src/uros/micro_ros_msgs) by extension 'colcon_pkg'
[0.436s] Level 1:colcon.colcon_core.package_identification:_identify(src/uros/micro_ros_msgs) by extensions ['colcon_meta']
[0.436s] Level 1:colcon.colcon_core.package_identification:_identify(src/uros/micro_ros_msgs) by extension 'colcon_meta'
[0.436s] Level 1:colcon.colcon_core.package_identification:_identify(src/uros/micro_ros_msgs) by extensions ['ros']
[0.436s] Level 1:colcon.colcon_core.package_identification:_identify(src/uros/micro_ros_msgs) by extension 'ros'
[0.437s] DEBUG:colcon.colcon_core.package_identification:Package 'src/uros/micro_ros_msgs' with type 'ros.ament_cmake' and name 'micro_ros_msgs'
[0.437s] Level 1:colcon.colcon_core.package_discovery:discover_packages(recursive) using defaults
[0.437s] Level 1:colcon.colcon_core.package_discovery:discover_packages(ignore) discover
[0.437s] Level 1:colcon.colcon_core.package_discovery:discover_packages(ignore) using defaults
[0.437s] Level 1:colcon.colcon_core.package_discovery:discover_packages(path) discover
[0.437s] Level 1:colcon.colcon_core.package_discovery:discover_packages(path) using defaults
[0.456s] INFO:colcon.colcon_core.package_selection:Skipping package 'micro_ros_setup' in 'src/micro_ros_setup'
[0.456s] INFO:colcon.colcon_core.package_selection:Skipping package 'drive_base_msgs' in 'src/uros/drive_base/drive_base_msgs'
[0.457s] Level 1:colcon.colcon_core.package_discovery:discover_packages(prefix_path) check parameters
[0.457s] Level 1:colcon.colcon_core.package_discovery:discover_packages(prefix_path) discover
[0.458s] WARNING:colcon.colcon_ros.prefix_path.catkin:The path '/home/dwd/Documents/project/esp_ws/install/micro_ros_agent' in the environment variable CMAKE_PREFIX_PATH doesn't exist
[0.459s] DEBUG:colcon.colcon_installed_package_information.package_discovery:Found 1 installed packages in /home/dwd/Documents/project/esp_ws/install
[0.461s] DEBUG:colcon.colcon_installed_package_information.package_discovery:Found 289 installed packages in /opt/ros/foxy
[0.462s] Level 1:colcon.colcon_core.package_discovery:discover_packages(prefix_path) using defaults
[0.557s] Level 5:colcon.colcon_core.verb:set package 'micro_ros_msgs' build argument 'cmake_args' from command line to '['-DUAGENT_BUILD_EXECUTABLE=OFF', '-DUAGENT_P2P_PROFILE=OFF', '--no-warn-unused-cli']'
[0.558s] Level 5:colcon.colcon_core.verb:set package 'micro_ros_msgs' build argument 'cmake_target' from command line to 'None'
[0.558s] Level 5:colcon.colcon_core.verb:set package 'micro_ros_msgs' build argument 'cmake_target_skip_unavailable' from command line to 'False'
[0.558s] Level 5:colcon.colcon_core.verb:set package 'micro_ros_msgs' build argument 'cmake_clean_cache' from command line to 'False'
[0.558s] Level 5:colcon.colcon_core.verb:set package 'micro_ros_msgs' build argument 'cmake_clean_first' from command line to 'False'
[0.558s] Level 5:colcon.colcon_core.verb:set package 'micro_ros_msgs' build argument 'cmake_force_configure' from command line to 'False'
[0.558s] Level 5:colcon.colcon_core.verb:set package 'micro_ros_msgs' build argument 'ament_cmake_args' from command line to 'None'
[0.558s] Level 5:colcon.colcon_core.verb:set package 'micro_ros_msgs' build argument 'catkin_cmake_args' from command line to 'None'
[0.558s] Level 5:colcon.colcon_core.verb:set package 'micro_ros_msgs' build argument 'catkin_skip_building_tests' from command line to 'False'
[0.558s] DEBUG:colcon.colcon_core.verb:Building package 'micro_ros_msgs' with the following arguments: {'ament_cmake_args': None, 'build_base': '/home/dwd/Documents/project/esp_ws/build/micro_ros_msgs', 'catkin_cmake_args': None, 'catkin_skip_building_tests': False, 'cmake_args': ['-DUAGENT_BUILD_EXECUTABLE=OFF', '-DUAGENT_P2P_PROFILE=OFF', '--no-warn-unused-cli'], 'cmake_clean_cache': False, 'cmake_clean_first': False, 'cmake_force_configure': False, 'cmake_target': None, 'cmake_target_skip_unavailable': False, 'install_base': '/home/dwd/Documents/project/esp_ws/install/micro_ros_msgs', 'merge_install': False, 'path': '/home/dwd/Documents/project/esp_ws/src/uros/micro_ros_msgs', 'symlink_install': False, 'test_result_base': None}
[0.558s] Level 5:colcon.colcon_core.verb:set package 'micro_ros_agent' build argument 'cmake_args' from command line to '['-DUAGENT_BUILD_EXECUTABLE=OFF', '-DUAGENT_P2P_PROFILE=OFF', '--no-warn-unused-cli']'
[0.558s] Level 5:colcon.colcon_core.verb:set package 'micro_ros_agent' build argument 'cmake_target' from command line to 'None'
[0.558s] Level 5:colcon.colcon_core.verb:set package 'micro_ros_agent' build argument 'cmake_target_skip_unavailable' from command line to 'False'
[0.559s] Level 5:colcon.colcon_core.verb:set package 'micro_ros_agent' build argument 'cmake_clean_cache' from command line to 'False'
[0.559s] Level 5:colcon.colcon_core.verb:set package 'micro_ros_agent' build argument 'cmake_clean_first' from command line to 'False'
[0.559s] Level 5:colcon.colcon_core.verb:set package 'micro_ros_agent' build argument 'cmake_force_configure' from command line to 'False'
[0.559s] Level 5:colcon.colcon_core.verb:set package 'micro_ros_agent' build argument 'ament_cmake_args' from command line to 'None'
[0.559s] Level 5:colcon.colcon_core.verb:set package 'micro_ros_agent' build argument 'catkin_cmake_args' from command line to 'None'
[0.559s] Level 5:colcon.colcon_core.verb:set package 'micro_ros_agent' build argument 'catkin_skip_building_tests' from command line to 'False'
[0.559s] DEBUG:colcon.colcon_core.verb:Building package 'micro_ros_agent' with the following arguments: {'ament_cmake_args': None, 'build_base': '/home/dwd/Documents/project/esp_ws/build/micro_ros_agent', 'catkin_cmake_args': None, 'catkin_skip_building_tests': False, 'cmake_args': ['-DUAGENT_BUILD_EXECUTABLE=OFF', '-DUAGENT_P2P_PROFILE=OFF', '--no-warn-unused-cli'], 'cmake_clean_cache': False, 'cmake_clean_first': False, 'cmake_force_configure': False, 'cmake_target': None, 'cmake_target_skip_unavailable': False, 'install_base': '/home/dwd/Documents/project/esp_ws/install/micro_ros_agent', 'merge_install': False, 'path': '/home/dwd/Documents/project/esp_ws/src/uros/micro-ROS-Agent/micro_ros_agent', 'symlink_install': False, 'test_result_base': None}
[0.559s] INFO:colcon.colcon_core.executor:Executing jobs using 'parallel' executor
[0.560s] DEBUG:colcon.colcon_parallel_executor.executor.parallel:run_until_complete
[0.561s] INFO:colcon.colcon_ros.task.ament_cmake.build:Building ROS package in '/home/dwd/Documents/project/esp_ws/src/uros/micro_ros_msgs' with build type 'ament_cmake'
[0.561s] INFO:colcon.colcon_cmake.task.cmake.build:Building CMake package in '/home/dwd/Documents/project/esp_ws/src/uros/micro_ros_msgs'
[0.564s] INFO:colcon.colcon_core.plugin_system:Skipping extension 'colcon_core.shell.bat': Not used on non-Windows systems
[0.564s] INFO:colcon.colcon_core.shell:Skip shell extension 'powershell' for command environment: Not usable outside of PowerShell
[0.564s] DEBUG:colcon.colcon_core.shell:Skip shell extension 'dsv' for command environment
[0.579s] DEBUG:colcon.colcon_core.event_handler.log_command:Invoking command in '/home/dwd/Documents/project/esp_ws/build/micro_ros_msgs': CMAKE_PREFIX_PATH=${CMAKE_PREFIX_PATH}:/opt/ros/foxy /bin/cmake /home/dwd/Documents/project/esp_ws/src/uros/micro_ros_msgs -DUAGENT_BUILD_EXECUTABLE=OFF -DUAGENT_P2P_PROFILE=OFF --no-warn-unused-cli -DCMAKE_INSTALL_PREFIX=/home/dwd/Documents/project/esp_ws/install/micro_ros_msgs
[6.984s] DEBUG:colcon.colcon_core.event_handler.log_command:Invoked command in '/home/dwd/Documents/project/esp_ws/build/micro_ros_msgs' returned '0': CMAKE_PREFIX_PATH=${CMAKE_PREFIX_PATH}:/opt/ros/foxy /bin/cmake /home/dwd/Documents/project/esp_ws/src/uros/micro_ros_msgs -DUAGENT_BUILD_EXECUTABLE=OFF -DUAGENT_P2P_PROFILE=OFF --no-warn-unused-cli -DCMAKE_INSTALL_PREFIX=/home/dwd/Documents/project/esp_ws/install/micro_ros_msgs
[6.991s] DEBUG:colcon.colcon_core.event_handler.log_command:Invoking command in '/home/dwd/Documents/project/esp_ws/build/micro_ros_msgs': CMAKE_PREFIX_PATH=${CMAKE_PREFIX_PATH}:/opt/ros/foxy /bin/cmake --build /home/dwd/Documents/project/esp_ws/build/micro_ros_msgs -- -j4 -l4
[16.039s] DEBUG:colcon.colcon_core.event_handler.log_command:Invoked command in '/home/dwd/Documents/project/esp_ws/build/micro_ros_msgs' returned '0': CMAKE_PREFIX_PATH=${CMAKE_PREFIX_PATH}:/opt/ros/foxy /bin/cmake --build /home/dwd/Documents/project/esp_ws/build/micro_ros_msgs -- -j4 -l4
[16.058s] DEBUG:colcon.colcon_core.event_handler.log_command:Invoking command in '/home/dwd/Documents/project/esp_ws/build/micro_ros_msgs': CMAKE_PREFIX_PATH=${CMAKE_PREFIX_PATH}:/opt/ros/foxy /bin/cmake --install /home/dwd/Documents/project/esp_ws/build/micro_ros_msgs
[16.150s] Level 1:colcon.colcon_core.environment:create_environment_scripts_only(micro_ros_msgs)
[16.151s] DEBUG:colcon.colcon_core.event_handler.log_command:Invoked command in '/home/dwd/Documents/project/esp_ws/build/micro_ros_msgs' returned '0': CMAKE_PREFIX_PATH=${CMAKE_PREFIX_PATH}:/opt/ros/foxy /bin/cmake --install /home/dwd/Documents/project/esp_ws/build/micro_ros_msgs
[16.154s] Level 1:colcon.colcon_core.environment:checking '/home/dwd/Documents/project/esp_ws/install/micro_ros_msgs' for CMake module files
[16.155s] Level 1:colcon.colcon_core.environment:checking '/home/dwd/Documents/project/esp_ws/install/micro_ros_msgs' for CMake config files
[16.155s] Level 1:colcon.colcon_core.shell:create_environment_hook('micro_ros_msgs', 'cmake_prefix_path')
[16.155s] INFO:colcon.colcon_core.shell:Creating environment hook '/home/dwd/Documents/project/esp_ws/install/micro_ros_msgs/share/micro_ros_msgs/hook/cmake_prefix_path.ps1'
[16.156s] INFO:colcon.colcon_core.shell:Creating environment descriptor '/home/dwd/Documents/project/esp_ws/install/micro_ros_msgs/share/micro_ros_msgs/hook/cmake_prefix_path.dsv'
[16.157s] INFO:colcon.colcon_core.shell:Creating environment hook '/home/dwd/Documents/project/esp_ws/install/micro_ros_msgs/share/micro_ros_msgs/hook/cmake_prefix_path.sh'
[16.158s] Level 1:colcon.colcon_core.environment:checking '/home/dwd/Documents/project/esp_ws/install/micro_ros_msgs/lib'
[16.158s] Level 1:colcon.colcon_core.shell:create_environment_hook('micro_ros_msgs', 'ld_library_path_lib')
[16.158s] INFO:colcon.colcon_core.shell:Creating environment hook '/home/dwd/Documents/project/esp_ws/install/micro_ros_msgs/share/micro_ros_msgs/hook/ld_library_path_lib.ps1'
[16.159s] INFO:colcon.colcon_core.shell:Creating environment descriptor '/home/dwd/Documents/project/esp_ws/install/micro_ros_msgs/share/micro_ros_msgs/hook/ld_library_path_lib.dsv'
[16.159s] INFO:colcon.colcon_core.shell:Creating environment hook '/home/dwd/Documents/project/esp_ws/install/micro_ros_msgs/share/micro_ros_msgs/hook/ld_library_path_lib.sh'
[16.160s] Level 1:colcon.colcon_core.environment:checking '/home/dwd/Documents/project/esp_ws/install/micro_ros_msgs/bin'
[16.160s] Level 1:colcon.colcon_core.environment:checking '/home/dwd/Documents/project/esp_ws/install/micro_ros_msgs/lib/pkgconfig/micro_ros_msgs.pc'
[16.160s] Level 1:colcon.colcon_core.environment:checking '/home/dwd/Documents/project/esp_ws/install/micro_ros_msgs/lib/python3.8/site-packages'
[16.160s] Level 1:colcon.colcon_core.shell:create_environment_hook('micro_ros_msgs', 'pythonpath')
[16.160s] INFO:colcon.colcon_core.shell:Creating environment hook '/home/dwd/Documents/project/esp_ws/install/micro_ros_msgs/share/micro_ros_msgs/hook/pythonpath.ps1'
[16.161s] INFO:colcon.colcon_core.shell:Creating environment descriptor '/home/dwd/Documents/project/esp_ws/install/micro_ros_msgs/share/micro_ros_msgs/hook/pythonpath.dsv'
[16.161s] INFO:colcon.colcon_core.shell:Creating environment hook '/home/dwd/Documents/project/esp_ws/install/micro_ros_msgs/share/micro_ros_msgs/hook/pythonpath.sh'
[16.162s] Level 1:colcon.colcon_core.environment:checking '/home/dwd/Documents/project/esp_ws/install/micro_ros_msgs/bin'
[16.162s] INFO:colcon.colcon_core.shell:Creating package script '/home/dwd/Documents/project/esp_ws/install/micro_ros_msgs/share/micro_ros_msgs/package.ps1'
[16.163s] INFO:colcon.colcon_core.shell:Creating package descriptor '/home/dwd/Documents/project/esp_ws/install/micro_ros_msgs/share/micro_ros_msgs/package.dsv'
[16.164s] INFO:colcon.colcon_core.shell:Creating package script '/home/dwd/Documents/project/esp_ws/install/micro_ros_msgs/share/micro_ros_msgs/package.sh'
[16.165s] INFO:colcon.colcon_core.shell:Creating package script '/home/dwd/Documents/project/esp_ws/install/micro_ros_msgs/share/micro_ros_msgs/package.bash'
[16.166s] INFO:colcon.colcon_core.shell:Creating package script '/home/dwd/Documents/project/esp_ws/install/micro_ros_msgs/share/micro_ros_msgs/package.zsh'
[16.167s] Level 1:colcon.colcon_core.environment:create_file_with_runtime_dependencies(/home/dwd/Documents/project/esp_ws/install/micro_ros_msgs/share/colcon-core/packages/micro_ros_msgs)
[16.167s] Level 1:colcon.colcon_core.environment:create_environment_scripts_only(micro_ros_msgs)
[16.168s] Level 1:colcon.colcon_core.environment:checking '/home/dwd/Documents/project/esp_ws/install/micro_ros_msgs' for CMake module files
[16.168s] Level 1:colcon.colcon_core.environment:checking '/home/dwd/Documents/project/esp_ws/install/micro_ros_msgs' for CMake config files
[16.169s] Level 1:colcon.colcon_core.shell:create_environment_hook('micro_ros_msgs', 'cmake_prefix_path')
[16.169s] INFO:colcon.colcon_core.shell:Creating environment hook '/home/dwd/Documents/project/esp_ws/install/micro_ros_msgs/share/micro_ros_msgs/hook/cmake_prefix_path.ps1'
[16.169s] INFO:colcon.colcon_core.shell:Creating environment descriptor '/home/dwd/Documents/project/esp_ws/install/micro_ros_msgs/share/micro_ros_msgs/hook/cmake_prefix_path.dsv'
[16.170s] INFO:colcon.colcon_core.shell:Creating environment hook '/home/dwd/Documents/project/esp_ws/install/micro_ros_msgs/share/micro_ros_msgs/hook/cmake_prefix_path.sh'
[16.170s] Level 1:colcon.colcon_core.environment:checking '/home/dwd/Documents/project/esp_ws/install/micro_ros_msgs/lib'
[16.170s] Level 1:colcon.colcon_core.shell:create_environment_hook('micro_ros_msgs', 'ld_library_path_lib')
[16.171s] INFO:colcon.colcon_core.shell:Creating environment hook '/home/dwd/Documents/project/esp_ws/install/micro_ros_msgs/share/micro_ros_msgs/hook/ld_library_path_lib.ps1'
[16.171s] INFO:colcon.colcon_core.shell:Creating environment descriptor '/home/dwd/Documents/project/esp_ws/install/micro_ros_msgs/share/micro_ros_msgs/hook/ld_library_path_lib.dsv'
[16.172s] INFO:colcon.colcon_core.shell:Creating environment hook '/home/dwd/Documents/project/esp_ws/install/micro_ros_msgs/share/micro_ros_msgs/hook/ld_library_path_lib.sh'
[16.172s] Level 1:colcon.colcon_core.environment:checking '/home/dwd/Documents/project/esp_ws/install/micro_ros_msgs/bin'
[16.172s] Level 1:colcon.colcon_core.environment:checking '/home/dwd/Documents/project/esp_ws/install/micro_ros_msgs/lib/pkgconfig/micro_ros_msgs.pc'
[16.172s] Level 1:colcon.colcon_core.environment:checking '/home/dwd/Documents/project/esp_ws/install/micro_ros_msgs/lib/python3.8/site-packages'
[16.172s] Level 1:colcon.colcon_core.shell:create_environment_hook('micro_ros_msgs', 'pythonpath')
[16.173s] INFO:colcon.colcon_core.shell:Creating environment hook '/home/dwd/Documents/project/esp_ws/install/micro_ros_msgs/share/micro_ros_msgs/hook/pythonpath.ps1'
[16.173s] INFO:colcon.colcon_core.shell:Creating environment descriptor '/home/dwd/Documents/project/esp_ws/install/micro_ros_msgs/share/micro_ros_msgs/hook/pythonpath.dsv'
[16.173s] INFO:colcon.colcon_core.shell:Creating environment hook '/home/dwd/Documents/project/esp_ws/install/micro_ros_msgs/share/micro_ros_msgs/hook/pythonpath.sh'
[16.174s] Level 1:colcon.colcon_core.environment:checking '/home/dwd/Documents/project/esp_ws/install/micro_ros_msgs/bin'
[16.175s] INFO:colcon.colcon_core.shell:Creating package script '/home/dwd/Documents/project/esp_ws/install/micro_ros_msgs/share/micro_ros_msgs/package.ps1'
[16.175s] INFO:colcon.colcon_core.shell:Creating package descriptor '/home/dwd/Documents/project/esp_ws/install/micro_ros_msgs/share/micro_ros_msgs/package.dsv'
[16.176s] INFO:colcon.colcon_core.shell:Creating package script '/home/dwd/Documents/project/esp_ws/install/micro_ros_msgs/share/micro_ros_msgs/package.sh'
[16.176s] INFO:colcon.colcon_core.shell:Creating package script '/home/dwd/Documents/project/esp_ws/install/micro_ros_msgs/share/micro_ros_msgs/package.bash'
[16.177s] INFO:colcon.colcon_core.shell:Creating package script '/home/dwd/Documents/project/esp_ws/install/micro_ros_msgs/share/micro_ros_msgs/package.zsh'
[16.177s] Level 1:colcon.colcon_core.environment:create_file_with_runtime_dependencies(/home/dwd/Documents/project/esp_ws/install/micro_ros_msgs/share/colcon-core/packages/micro_ros_msgs)
[16.178s] INFO:colcon.colcon_ros.task.ament_cmake.build:Building ROS package in '/home/dwd/Documents/project/esp_ws/src/uros/micro-ROS-Agent/micro_ros_agent' with build type 'ament_cmake'
[16.178s] INFO:colcon.colcon_cmake.task.cmake.build:Building CMake package in '/home/dwd/Documents/project/esp_ws/src/uros/micro-ROS-Agent/micro_ros_agent'
[16.178s] INFO:colcon.colcon_core.shell:Skip shell extension 'powershell' for command environment: Not usable outside of PowerShell
[16.178s] DEBUG:colcon.colcon_core.shell:Skip shell extension 'dsv' for command environment
[16.195s] DEBUG:colcon.colcon_core.event_handler.log_command:Invoking command in '/home/dwd/Documents/project/esp_ws/build/micro_ros_agent': AMENT_PREFIX_PATH=/home/dwd/Documents/project/esp_ws/install/micro_ros_msgs:${AMENT_PREFIX_PATH} CMAKE_PREFIX_PATH=/home/dwd/Documents/project/esp_ws/install/micro_ros_msgs:/home/dwd/Documents/project/esp_ws/install/micro_ros_setup:/home/dwd/Documents/project/esp_ws/install/micro_ros_agent:/opt/ros/foxy LD_LIBRARY_PATH=/home/dwd/Documents/project/esp_ws/install/micro_ros_msgs/lib:${LD_LIBRARY_PATH} PYTHONPATH=/home/dwd/Documents/project/esp_ws/install/micro_ros_msgs/lib/python3.8/site-packages:${PYTHONPATH} /bin/cmake /home/dwd/Documents/project/esp_ws/src/uros/micro-ROS-Agent/micro_ros_agent -DUAGENT_BUILD_EXECUTABLE=OFF -DUAGENT_P2P_PROFILE=OFF --no-warn-unused-cli -DCMAKE_INSTALL_PREFIX=/home/dwd/Documents/project/esp_ws/install/micro_ros_agent
[16.984s] DEBUG:colcon.colcon_core.event_handler.log_command:Invoked command in '/home/dwd/Documents/project/esp_ws/build/micro_ros_agent' returned '0': AMENT_PREFIX_PATH=/home/dwd/Documents/project/esp_ws/install/micro_ros_msgs:${AMENT_PREFIX_PATH} CMAKE_PREFIX_PATH=/home/dwd/Documents/project/esp_ws/install/micro_ros_msgs:/home/dwd/Documents/project/esp_ws/install/micro_ros_setup:/home/dwd/Documents/project/esp_ws/install/micro_ros_agent:/opt/ros/foxy LD_LIBRARY_PATH=/home/dwd/Documents/project/esp_ws/install/micro_ros_msgs/lib:${LD_LIBRARY_PATH} PYTHONPATH=/home/dwd/Documents/project/esp_ws/install/micro_ros_msgs/lib/python3.8/site-packages:${PYTHONPATH} /bin/cmake /home/dwd/Documents/project/esp_ws/src/uros/micro-ROS-Agent/micro_ros_agent -DUAGENT_BUILD_EXECUTABLE=OFF -DUAGENT_P2P_PROFILE=OFF --no-warn-unused-cli -DCMAKE_INSTALL_PREFIX=/home/dwd/Documents/project/esp_ws/install/micro_ros_agent
[16.988s] DEBUG:colcon.colcon_core.event_handler.log_command:Invoking command in '/home/dwd/Documents/project/esp_ws/build/micro_ros_agent': AMENT_PREFIX_PATH=/home/dwd/Documents/project/esp_ws/install/micro_ros_msgs:${AMENT_PREFIX_PATH} CMAKE_PREFIX_PATH=/home/dwd/Documents/project/esp_ws/install/micro_ros_msgs:/home/dwd/Documents/project/esp_ws/install/micro_ros_setup:/home/dwd/Documents/project/esp_ws/install/micro_ros_agent:/opt/ros/foxy LD_LIBRARY_PATH=/home/dwd/Documents/project/esp_ws/install/micro_ros_msgs/lib:${LD_LIBRARY_PATH} PYTHONPATH=/home/dwd/Documents/project/esp_ws/install/micro_ros_msgs/lib/python3.8/site-packages:${PYTHONPATH} /bin/cmake --build /home/dwd/Documents/project/esp_ws/build/micro_ros_agent -- -j4 -l4
[205.594s] DEBUG:colcon.colcon_core.event_handler.log_command:Invoked command in '/home/dwd/Documents/project/esp_ws/build/micro_ros_agent' returned '0': AMENT_PREFIX_PATH=/home/dwd/Documents/project/esp_ws/install/micro_ros_msgs:${AMENT_PREFIX_PATH} CMAKE_PREFIX_PATH=/home/dwd/Documents/project/esp_ws/install/micro_ros_msgs:/home/dwd/Documents/project/esp_ws/install/micro_ros_setup:/home/dwd/Documents/project/esp_ws/install/micro_ros_agent:/opt/ros/foxy LD_LIBRARY_PATH=/home/dwd/Documents/project/esp_ws/install/micro_ros_msgs/lib:${LD_LIBRARY_PATH} PYTHONPATH=/home/dwd/Documents/project/esp_ws/install/micro_ros_msgs/lib/python3.8/site-packages:${PYTHONPATH} /bin/cmake --build /home/dwd/Documents/project/esp_ws/build/micro_ros_agent -- -j4 -l4
[205.659s] DEBUG:colcon.colcon_core.event_handler.log_command:Invoking command in '/home/dwd/Documents/project/esp_ws/build/micro_ros_agent': AMENT_PREFIX_PATH=/home/dwd/Documents/project/esp_ws/install/micro_ros_msgs:${AMENT_PREFIX_PATH} CMAKE_PREFIX_PATH=/home/dwd/Documents/project/esp_ws/install/micro_ros_msgs:/home/dwd/Documents/project/esp_ws/install/micro_ros_setup:/home/dwd/Documents/project/esp_ws/install/micro_ros_agent:/opt/ros/foxy LD_LIBRARY_PATH=/home/dwd/Documents/project/esp_ws/install/micro_ros_msgs/lib:${LD_LIBRARY_PATH} PYTHONPATH=/home/dwd/Documents/project/esp_ws/install/micro_ros_msgs/lib/python3.8/site-packages:${PYTHONPATH} /bin/cmake --install /home/dwd/Documents/project/esp_ws/build/micro_ros_agent
[205.750s] DEBUG:colcon.colcon_core.event_handler.log_command:Invoked command in '/home/dwd/Documents/project/esp_ws/build/micro_ros_agent' returned '0': AMENT_PREFIX_PATH=/home/dwd/Documents/project/esp_ws/install/micro_ros_msgs:${AMENT_PREFIX_PATH} CMAKE_PREFIX_PATH=/home/dwd/Documents/project/esp_ws/install/micro_ros_msgs:/home/dwd/Documents/project/esp_ws/install/micro_ros_setup:/home/dwd/Documents/project/esp_ws/install/micro_ros_agent:/opt/ros/foxy LD_LIBRARY_PATH=/home/dwd/Documents/project/esp_ws/install/micro_ros_msgs/lib:${LD_LIBRARY_PATH} PYTHONPATH=/home/dwd/Documents/project/esp_ws/install/micro_ros_msgs/lib/python3.8/site-packages:${PYTHONPATH} /bin/cmake --install /home/dwd/Documents/project/esp_ws/build/micro_ros_agent
[205.750s] Level 1:colcon.colcon_core.environment:create_environment_scripts_only(micro_ros_agent)
[205.766s] Level 1:colcon.colcon_core.environment:checking '/home/dwd/Documents/project/esp_ws/install/micro_ros_agent' for CMake module files
[205.767s] Level 1:colcon.colcon_core.environment:checking '/home/dwd/Documents/project/esp_ws/install/micro_ros_agent' for CMake config files
[205.768s] Level 1:colcon.colcon_core.shell:create_environment_hook('micro_ros_agent', 'cmake_prefix_path')
[205.783s] INFO:colcon.colcon_core.shell:Creating environment hook '/home/dwd/Documents/project/esp_ws/install/micro_ros_agent/share/micro_ros_agent/hook/cmake_prefix_path.ps1'
[205.863s] INFO:colcon.colcon_core.shell:Creating environment descriptor '/home/dwd/Documents/project/esp_ws/install/micro_ros_agent/share/micro_ros_agent/hook/cmake_prefix_path.dsv'
[205.911s] INFO:colcon.colcon_core.shell:Creating environment hook '/home/dwd/Documents/project/esp_ws/install/micro_ros_agent/share/micro_ros_agent/hook/cmake_prefix_path.sh'
[205.912s] Level 1:colcon.colcon_core.environment:checking '/home/dwd/Documents/project/esp_ws/install/micro_ros_agent/lib'
[205.912s] Level 1:colcon.colcon_core.shell:create_environment_hook('micro_ros_agent', 'ld_library_path_lib')
[205.912s] INFO:colcon.colcon_core.shell:Creating environment hook '/home/dwd/Documents/project/esp_ws/install/micro_ros_agent/share/micro_ros_agent/hook/ld_library_path_lib.ps1'
[205.913s] INFO:colcon.colcon_core.shell:Creating environment descriptor '/home/dwd/Documents/project/esp_ws/install/micro_ros_agent/share/micro_ros_agent/hook/ld_library_path_lib.dsv'
[205.913s] INFO:colcon.colcon_core.shell:Creating environment hook '/home/dwd/Documents/project/esp_ws/install/micro_ros_agent/share/micro_ros_agent/hook/ld_library_path_lib.sh'
[205.914s] Level 1:colcon.colcon_core.environment:checking '/home/dwd/Documents/project/esp_ws/install/micro_ros_agent/bin'
[205.914s] Level 1:colcon.colcon_core.environment:checking '/home/dwd/Documents/project/esp_ws/install/micro_ros_agent/lib/pkgconfig/micro_ros_agent.pc'
[205.930s] Level 1:colcon.colcon_core.environment:checking '/home/dwd/Documents/project/esp_ws/install/micro_ros_agent/lib/python3.8/site-packages'
[205.930s] Level 1:colcon.colcon_core.environment:checking '/home/dwd/Documents/project/esp_ws/install/micro_ros_agent/bin'
[205.931s] INFO:colcon.colcon_core.shell:Creating package script '/home/dwd/Documents/project/esp_ws/install/micro_ros_agent/share/micro_ros_agent/package.ps1'
[205.944s] INFO:colcon.colcon_core.shell:Creating package descriptor '/home/dwd/Documents/project/esp_ws/install/micro_ros_agent/share/micro_ros_agent/package.dsv'
[205.945s] INFO:colcon.colcon_core.shell:Creating package script '/home/dwd/Documents/project/esp_ws/install/micro_ros_agent/share/micro_ros_agent/package.sh'
[205.946s] INFO:colcon.colcon_core.shell:Creating package script '/home/dwd/Documents/project/esp_ws/install/micro_ros_agent/share/micro_ros_agent/package.bash'
[206.006s] INFO:colcon.colcon_core.shell:Creating package script '/home/dwd/Documents/project/esp_ws/install/micro_ros_agent/share/micro_ros_agent/package.zsh'
[206.042s] Level 1:colcon.colcon_core.environment:create_file_with_runtime_dependencies(/home/dwd/Documents/project/esp_ws/install/micro_ros_agent/share/colcon-core/packages/micro_ros_agent)
[206.043s] Level 1:colcon.colcon_core.environment:create_environment_scripts_only(micro_ros_agent)
[206.043s] Level 1:colcon.colcon_core.environment:checking '/home/dwd/Documents/project/esp_ws/install/micro_ros_agent' for CMake module files
[206.044s] Level 1:colcon.colcon_core.environment:checking '/home/dwd/Documents/project/esp_ws/install/micro_ros_agent' for CMake config files
[206.044s] Level 1:colcon.colcon_core.shell:create_environment_hook('micro_ros_agent', 'cmake_prefix_path')
[206.044s] INFO:colcon.colcon_core.shell:Creating environment hook '/home/dwd/Documents/project/esp_ws/install/micro_ros_agent/share/micro_ros_agent/hook/cmake_prefix_path.ps1'
[206.045s] INFO:colcon.colcon_core.shell:Creating environment descriptor '/home/dwd/Documents/project/esp_ws/install/micro_ros_agent/share/micro_ros_agent/hook/cmake_prefix_path.dsv'
[206.045s] INFO:colcon.colcon_core.shell:Creating environment hook '/home/dwd/Documents/project/esp_ws/install/micro_ros_agent/share/micro_ros_agent/hook/cmake_prefix_path.sh'
[206.046s] Level 1:colcon.colcon_core.environment:checking '/home/dwd/Documents/project/esp_ws/install/micro_ros_agent/lib'
[206.046s] Level 1:colcon.colcon_core.shell:create_environment_hook('micro_ros_agent', 'ld_library_path_lib')
[206.046s] INFO:colcon.colcon_core.shell:Creating environment hook '/home/dwd/Documents/project/esp_ws/install/micro_ros_agent/share/micro_ros_agent/hook/ld_library_path_lib.ps1'
[206.046s] INFO:colcon.colcon_core.shell:Creating environment descriptor '/home/dwd/Documents/project/esp_ws/install/micro_ros_agent/share/micro_ros_agent/hook/ld_library_path_lib.dsv'
[206.047s] INFO:colcon.colcon_core.shell:Creating environment hook '/home/dwd/Documents/project/esp_ws/install/micro_ros_agent/share/micro_ros_agent/hook/ld_library_path_lib.sh'
[206.047s] Level 1:colcon.colcon_core.environment:checking '/home/dwd/Documents/project/esp_ws/install/micro_ros_agent/bin'
[206.047s] Level 1:colcon.colcon_core.environment:checking '/home/dwd/Documents/project/esp_ws/install/micro_ros_agent/lib/pkgconfig/micro_ros_agent.pc'
[206.047s] Level 1:colcon.colcon_core.environment:checking '/home/dwd/Documents/project/esp_ws/install/micro_ros_agent/lib/python3.8/site-packages'
[206.048s] Level 1:colcon.colcon_core.environment:checking '/home/dwd/Documents/project/esp_ws/install/micro_ros_agent/bin'
[206.048s] INFO:colcon.colcon_core.shell:Creating package script '/home/dwd/Documents/project/esp_ws/install/micro_ros_agent/share/micro_ros_agent/package.ps1'
[206.049s] INFO:colcon.colcon_core.shell:Creating package descriptor '/home/dwd/Documents/project/esp_ws/install/micro_ros_agent/share/micro_ros_agent/package.dsv'
[206.049s] INFO:colcon.colcon_core.shell:Creating package script '/home/dwd/Documents/project/esp_ws/install/micro_ros_agent/share/micro_ros_agent/package.sh'
[206.050s] INFO:colcon.colcon_core.shell:Creating package script '/home/dwd/Documents/project/esp_ws/install/micro_ros_agent/share/micro_ros_agent/package.bash'
[206.050s] INFO:colcon.colcon_core.shell:Creating package script '/home/dwd/Documents/project/esp_ws/install/micro_ros_agent/share/micro_ros_agent/package.zsh'
[206.051s] Level 1:colcon.colcon_core.environment:create_file_with_runtime_dependencies(/home/dwd/Documents/project/esp_ws/install/micro_ros_agent/share/colcon-core/packages/micro_ros_agent)
[206.051s] DEBUG:colcon.colcon_parallel_executor.executor.parallel:closing loop
[206.076s] DEBUG:colcon.colcon_parallel_executor.executor.parallel:loop closed
[206.076s] DEBUG:colcon.colcon_parallel_executor.executor.parallel:run_until_complete finished with '0'
[206.076s] DEBUG:colcon.colcon_core.event_reactor:joining thread
[206.434s] INFO:colcon.colcon_core.plugin_system:Skipping extension 'colcon_notification.desktop_notification.terminal_notifier': Not used on non-Darwin systems
[206.434s] INFO:colcon.colcon_core.plugin_system:Skipping extension 'colcon_notification.desktop_notification.win32': Not used on non-Windows systems
[206.434s] INFO:colcon.colcon_notification.desktop_notification:Sending desktop notification using 'notify2'
[207.098s] DEBUG:colcon.colcon_core.event_reactor:joined thread
[207.099s] INFO:colcon.colcon_core.shell:Creating prefix script '/home/dwd/Documents/project/esp_ws/install/local_setup.ps1'
[207.173s] INFO:colcon.colcon_core.shell:Creating prefix util module '/home/dwd/Documents/project/esp_ws/install/_local_setup_util_ps1.py'
[207.234s] INFO:colcon.colcon_core.shell:Creating prefix chain script '/home/dwd/Documents/project/esp_ws/install/setup.ps1'
[207.336s] INFO:colcon.colcon_core.shell:Creating prefix script '/home/dwd/Documents/project/esp_ws/install/local_setup.sh'
[207.413s] INFO:colcon.colcon_core.shell:Creating prefix util module '/home/dwd/Documents/project/esp_ws/install/_local_setup_util_sh.py'
[207.415s] INFO:colcon.colcon_core.shell:Creating prefix chain script '/home/dwd/Documents/project/esp_ws/install/setup.sh'
[207.504s] INFO:colcon.colcon_core.shell:Creating prefix script '/home/dwd/Documents/project/esp_ws/install/local_setup.bash'
[207.521s] INFO:colcon.colcon_core.shell:Creating prefix chain script '/home/dwd/Documents/project/esp_ws/install/setup.bash'
[207.523s] INFO:colcon.colcon_core.shell:Creating prefix script '/home/dwd/Documents/project/esp_ws/install/local_setup.zsh'
[207.548s] INFO:colcon.colcon_core.shell:Creating prefix chain script '/home/dwd/Documents/project/esp_ws/install/setup.zsh'
