[1.072s] Invoking command in '/home/dwd/Documents/project/esp_ws/build/drive_base_msgs': CMAKE_PREFIX_PATH=${CMAKE_PREFIX_PATH}:/opt/ros/foxy /bin/cmake /home/dwd/Documents/project/esp_ws/src/uros/drive_base/drive_base_msgs -DCMAKE_INSTALL_PREFIX=/home/dwd/Documents/project/esp_ws/install/drive_base_msgs
[20.395s] -- The C compiler identification is GNU 9.4.0
[29.066s] -- The CXX compiler identification is GNU 9.4.0
[29.216s] -- Check for working C compiler: /bin/cc
[30.246s] -- Check for working C compiler: /bin/cc -- works
[31.045s] -- Detecting C compiler ABI info
[32.191s] -- Detecting C compiler ABI info - done
[32.235s] -- Detecting C compile features
[32.469s] -- Detecting C compile features - done
[32.560s] -- Check for working CXX compiler: /bin/c++
[32.706s] -- Check for working CXX compiler: /bin/c++ -- works
[32.708s] -- Detecting CXX compiler ABI info
[32.978s] -- Detecting CXX compiler ABI info - done
[32.993s] -- Detecting CXX compile features
[32.993s] -- Detecting CXX compile features - done
[33.046s] -- Found ament_cmake: 0.9.12 (/opt/ros/foxy/share/ament_cmake/cmake)
[33.111s] -- Found PythonInterp: /bin/python3 (found suitable version "3.8.10", minimum required is "3") 
[33.111s] -- Using PYTHON_EXECUTABLE: /bin/python3
[34.329s] -- Found std_msgs: 2.0.5 (/opt/ros/foxy/share/std_msgs/cmake)
[35.712s] -- Using all available rosidl_typesupport_c: rosidl_typesupport_fastrtps_c;rosidl_typesupport_introspection_c
[35.861s] -- Found rosidl_adapter: 1.3.1 (/opt/ros/foxy/share/rosidl_adapter/cmake)
[38.250s] -- Found OpenSSL: /usr/lib/x86_64-linux-gnu/libcrypto.so (found version "1.1.1f")  
[38.305s] -- Found FastRTPS: /opt/ros/foxy/include  
[38.605s] -- Using all available rosidl_typesupport_cpp: rosidl_typesupport_fastrtps_cpp;rosidl_typesupport_introspection_cpp
[39.706s] -- Found rosidl_default_generators: 1.0.1 (/opt/ros/foxy/share/rosidl_default_generators/cmake)
[39.765s] -- Found PythonInterp: /bin/python3 (found version "3.8.10") 
[40.419s] -- Found ament_cmake_cppcheck: 0.9.8 (/opt/ros/foxy/share/ament_cmake_cppcheck/cmake)
[40.423s] -- Found ament_cmake_cpplint: 0.9.8 (/opt/ros/foxy/share/ament_cmake_cpplint/cmake)
[40.427s] -- Found ament_cmake_uncrustify: 0.9.8 (/opt/ros/foxy/share/ament_cmake_uncrustify/cmake)
[40.431s] -- Found ament_cmake_ros: 0.9.2 (/opt/ros/foxy/share/ament_cmake_ros/cmake)
[40.660s] -- Using all available rosidl_typesupport_c: rosidl_typesupport_fastrtps_c;rosidl_typesupport_introspection_c
[40.750s] -- Using all available rosidl_typesupport_cpp: rosidl_typesupport_fastrtps_cpp;rosidl_typesupport_introspection_cpp
[40.782s] -- Found PythonInterp: /bin/python3 (found suitable version "3.8.10", minimum required is "3.5") 
[40.784s] -- Found python_cmake_module: 0.8.1 (/opt/ros/foxy/share/python_cmake_module/cmake)
[40.898s] -- Found PythonLibs: /usr/lib/x86_64-linux-gnu/libpython3.8.so (found suitable version "3.8.10", minimum required is "3.5") 
[40.898s] -- Using PYTHON_EXECUTABLE: /bin/python3
[40.898s] -- Using PYTHON_INCLUDE_DIRS: /usr/include/python3.8
[40.898s] -- Using PYTHON_LIBRARIES: /usr/lib/x86_64-linux-gnu/libpython3.8.so
[41.140s] -- Found PythonExtra: .so  
[41.408s] -- Found ament_cmake_flake8: 0.9.8 (/opt/ros/foxy/share/ament_cmake_flake8/cmake)
[41.411s] -- Found ament_cmake_pep257: 0.9.8 (/opt/ros/foxy/share/ament_cmake_pep257/cmake)
[41.427s] -- Configuring done
[42.565s] -- Generating done
[42.596s] -- Build files have been written to: /home/dwd/Documents/project/esp_ws/build/drive_base_msgs
[42.609s] Invoked command in '/home/dwd/Documents/project/esp_ws/build/drive_base_msgs' returned '0': CMAKE_PREFIX_PATH=${CMAKE_PREFIX_PATH}:/opt/ros/foxy /bin/cmake /home/dwd/Documents/project/esp_ws/src/uros/drive_base/drive_base_msgs -DCMAKE_INSTALL_PREFIX=/home/dwd/Documents/project/esp_ws/install/drive_base_msgs
[42.613s] Invoking command in '/home/dwd/Documents/project/esp_ws/build/drive_base_msgs': CMAKE_PREFIX_PATH=${CMAKE_PREFIX_PATH}:/opt/ros/foxy /bin/cmake --build /home/dwd/Documents/project/esp_ws/build/drive_base_msgs -- -j4 -l4
[43.208s] [35m[1mScanning dependencies of target drive_base_msgs__cpp[0m
[43.209s] [  1%] [34m[1mGenerating C code for ROS interfaces[0m
[43.225s] [  3%] [34m[1mGenerating C++ code for ROS interfaces[0m
[45.456s] [35m[1mScanning dependencies of target drive_base_msgs__rosidl_generator_c[0m
[45.617s] [  3%] Built target drive_base_msgs__cpp
[45.634s] [  7%] [34m[1mGenerating C++ introspection for ROS interfaces[0m
[45.634s] [  7%] [34m[1mGenerating C++ type support dispatch for ROS interfaces[0m
[45.634s] [  9%] [34m[1mGenerating C++ type support for eProsima Fast-RTPS[0m
[46.099s] [ 10%] [32mBuilding C object CMakeFiles/drive_base_msgs__rosidl_generator_c.dir/rosidl_generator_c/drive_base_msgs/msg/detail/command_header__functions.c.o[0m
[46.455s] [35m[1mScanning dependencies of target drive_base_msgs__rosidl_typesupport_cpp[0m
[46.524s] [35m[1mScanning dependencies of target drive_base_msgs__rosidl_typesupport_introspection_cpp[0m
[46.664s] [35m[1mScanning dependencies of target drive_base_msgs__rosidl_typesupport_fastrtps_cpp[0m
[47.044s] [ 12%] [32mBuilding CXX object CMakeFiles/drive_base_msgs__rosidl_typesupport_introspection_cpp.dir/rosidl_typesupport_introspection_cpp/drive_base_msgs/msg/detail/command_header__type_support.cpp.o[0m
[47.070s] [ 14%] [32mBuilding CXX object CMakeFiles/drive_base_msgs__rosidl_typesupport_cpp.dir/rosidl_typesupport_cpp/drive_base_msgs/msg/command_header__type_support.cpp.o[0m
[47.823s] [ 16%] [32mBuilding CXX object CMakeFiles/drive_base_msgs__rosidl_typesupport_fastrtps_cpp.dir/rosidl_typesupport_fastrtps_cpp/drive_base_msgs/msg/detail/dds_fastrtps/command_header__type_support.cpp.o[0m
[50.946s] [ 18%] [32mBuilding C object CMakeFiles/drive_base_msgs__rosidl_generator_c.dir/rosidl_generator_c/drive_base_msgs/msg/detail/base_info__functions.c.o[0m
[51.036s] [ 20%] [32mBuilding C object CMakeFiles/drive_base_msgs__rosidl_generator_c.dir/rosidl_generator_c/drive_base_msgs/msg/detail/command_status__functions.c.o[0m
[51.100s] [ 21%] [32mBuilding C object CMakeFiles/drive_base_msgs__rosidl_generator_c.dir/rosidl_generator_c/drive_base_msgs/msg/detail/trv_command__functions.c.o[0m
[51.163s] [ 23%] [32m[1mLinking C shared library libdrive_base_msgs__rosidl_generator_c.so[0m
[52.788s] [ 23%] Built target drive_base_msgs__rosidl_generator_c
[52.801s] [ 25%] [32mBuilding CXX object CMakeFiles/drive_base_msgs__rosidl_typesupport_fastrtps_cpp.dir/rosidl_typesupport_fastrtps_cpp/drive_base_msgs/msg/detail/dds_fastrtps/base_info__type_support.cpp.o[0m
[53.673s] [ 27%] [32mBuilding CXX object CMakeFiles/drive_base_msgs__rosidl_typesupport_cpp.dir/rosidl_typesupport_cpp/drive_base_msgs/msg/base_info__type_support.cpp.o[0m
[53.675s] [ 29%] [32mBuilding CXX object CMakeFiles/drive_base_msgs__rosidl_typesupport_introspection_cpp.dir/rosidl_typesupport_introspection_cpp/drive_base_msgs/msg/detail/base_info__type_support.cpp.o[0m
[54.014s] [ 30%] [32mBuilding CXX object CMakeFiles/drive_base_msgs__rosidl_typesupport_cpp.dir/rosidl_typesupport_cpp/drive_base_msgs/msg/command_status__type_support.cpp.o[0m
[54.019s] [ 32%] [32mBuilding CXX object CMakeFiles/drive_base_msgs__rosidl_typesupport_introspection_cpp.dir/rosidl_typesupport_introspection_cpp/drive_base_msgs/msg/detail/command_status__type_support.cpp.o[0m
[54.512s] [ 36%] [32mBuilding CXX object CMakeFiles/drive_base_msgs__rosidl_typesupport_cpp.dir/rosidl_typesupport_cpp/drive_base_msgs/msg/trv_command__type_support.cpp.o[0m
[54.512s] [ 36%] [32mBuilding CXX object CMakeFiles/drive_base_msgs__rosidl_typesupport_introspection_cpp.dir/rosidl_typesupport_introspection_cpp/drive_base_msgs/msg/detail/trv_command__type_support.cpp.o[0m
[54.993s] [ 41%] [32mBuilding CXX object CMakeFiles/drive_base_msgs__rosidl_typesupport_fastrtps_cpp.dir/rosidl_typesupport_fastrtps_cpp/drive_base_msgs/msg/detail/dds_fastrtps/trv_command__type_support.cpp.o[0m
[54.993s] [ 41%] [32mBuilding CXX object CMakeFiles/drive_base_msgs__rosidl_typesupport_fastrtps_cpp.dir/rosidl_typesupport_fastrtps_cpp/drive_base_msgs/msg/detail/dds_fastrtps/command_status__type_support.cpp.o[0m
[54.993s] [ 43%] [32m[1mLinking CXX shared library libdrive_base_msgs__rosidl_typesupport_cpp.so[0m
[54.996s] [ 43%] [32m[1mLinking CXX shared library libdrive_base_msgs__rosidl_typesupport_introspection_cpp.so[0m
[55.137s] [ 43%] Built target drive_base_msgs__rosidl_typesupport_cpp
[55.155s] [ 45%] [34m[1mGenerating C introspection for ROS interfaces[0m
[55.174s] [ 45%] Built target drive_base_msgs__rosidl_typesupport_introspection_cpp
[55.190s] [ 47%] [34m[1mGenerating C type support dispatch for ROS interfaces[0m
[55.682s] [ 49%] [32m[1mLinking CXX shared library libdrive_base_msgs__rosidl_typesupport_fastrtps_cpp.so[0m
[56.354s] [35m[1mScanning dependencies of target drive_base_msgs__rosidl_typesupport_c[0m
[56.440s] [35m[1mScanning dependencies of target drive_base_msgs__rosidl_typesupport_introspection_c[0m
[56.457s] [ 52%] [32mBuilding CXX object CMakeFiles/drive_base_msgs__rosidl_typesupport_c.dir/rosidl_typesupport_c/drive_base_msgs/msg/command_header__type_support.cpp.o[0m
[56.458s] [ 52%] [32mBuilding CXX object CMakeFiles/drive_base_msgs__rosidl_typesupport_c.dir/rosidl_typesupport_c/drive_base_msgs/msg/base_info__type_support.cpp.o[0m
[56.517s] [ 54%] [32mBuilding CXX object CMakeFiles/drive_base_msgs__rosidl_typesupport_c.dir/rosidl_typesupport_c/drive_base_msgs/msg/command_status__type_support.cpp.o[0m
[56.526s] [ 56%] [32mBuilding CXX object CMakeFiles/drive_base_msgs__rosidl_typesupport_c.dir/rosidl_typesupport_c/drive_base_msgs/msg/trv_command__type_support.cpp.o[0m
[56.576s] [ 58%] [32m[1mLinking CXX shared library libdrive_base_msgs__rosidl_typesupport_c.so[0m
[56.648s] [ 58%] Built target drive_base_msgs__rosidl_typesupport_c
[56.661s] [ 60%] [32mBuilding C object CMakeFiles/drive_base_msgs__rosidl_typesupport_introspection_c.dir/rosidl_typesupport_introspection_c/drive_base_msgs/msg/detail/command_header__type_support.c.o[0m
[56.666s] [ 61%] [32mBuilding C object CMakeFiles/drive_base_msgs__rosidl_typesupport_introspection_c.dir/rosidl_typesupport_introspection_c/drive_base_msgs/msg/detail/base_info__type_support.c.o[0m
[56.678s] [ 63%] [32mBuilding C object CMakeFiles/drive_base_msgs__rosidl_typesupport_introspection_c.dir/rosidl_typesupport_introspection_c/drive_base_msgs/msg/detail/command_status__type_support.c.o[0m
[56.690s] [ 63%] Built target drive_base_msgs__rosidl_typesupport_fastrtps_cpp
[56.806s] [ 65%] [32mBuilding C object CMakeFiles/drive_base_msgs__rosidl_typesupport_introspection_c.dir/rosidl_typesupport_introspection_c/drive_base_msgs/msg/detail/trv_command__type_support.c.o[0m
[56.809s] [ 67%] [34m[1mGenerating C type support for eProsima Fast-RTPS[0m
[56.873s] [ 69%] [32m[1mLinking C shared library libdrive_base_msgs__rosidl_typesupport_introspection_c.so[0m
[56.944s] [ 69%] Built target drive_base_msgs__rosidl_typesupport_introspection_c
[57.564s] [35m[1mScanning dependencies of target drive_base_msgs__rosidl_typesupport_fastrtps_c[0m
[57.723s] [ 70%] [32mBuilding CXX object CMakeFiles/drive_base_msgs__rosidl_typesupport_fastrtps_c.dir/rosidl_typesupport_fastrtps_c/drive_base_msgs/msg/detail/command_header__type_support_c.cpp.o[0m
[57.723s] [ 72%] [32mBuilding CXX object CMakeFiles/drive_base_msgs__rosidl_typesupport_fastrtps_c.dir/rosidl_typesupport_fastrtps_c/drive_base_msgs/msg/detail/base_info__type_support_c.cpp.o[0m
[57.729s] [ 74%] [32mBuilding CXX object CMakeFiles/drive_base_msgs__rosidl_typesupport_fastrtps_c.dir/rosidl_typesupport_fastrtps_c/drive_base_msgs/msg/detail/command_status__type_support_c.cpp.o[0m
[58.405s] [ 76%] [32mBuilding CXX object CMakeFiles/drive_base_msgs__rosidl_typesupport_fastrtps_c.dir/rosidl_typesupport_fastrtps_c/drive_base_msgs/msg/detail/trv_command__type_support_c.cpp.o[0m
[58.915s] [ 78%] [32m[1mLinking CXX shared library libdrive_base_msgs__rosidl_typesupport_fastrtps_c.so[0m
[59.117s] [ 78%] Built target drive_base_msgs__rosidl_typesupport_fastrtps_c
[59.131s] [35m[1mScanning dependencies of target drive_base_msgs[0m
[59.147s] [ 78%] Built target drive_base_msgs
[59.162s] [35m[1mScanning dependencies of target drive_base_msgs__py[0m
[59.177s] [ 80%] [34m[1mGenerating Python code for ROS interfaces[0m
[66.320s] [ 80%] Built target drive_base_msgs__py
[66.335s] [35m[1mScanning dependencies of target drive_base_msgs__python[0m
[66.798s] [ 81%] [32mBuilding C object CMakeFiles/drive_base_msgs__python.dir/rosidl_generator_py/drive_base_msgs/msg/_command_status_s.c.o[0m
[66.800s] [ 83%] [32mBuilding C object CMakeFiles/drive_base_msgs__python.dir/rosidl_generator_py/drive_base_msgs/msg/_base_info_s.c.o[0m
[66.804s] [ 85%] [32mBuilding C object CMakeFiles/drive_base_msgs__python.dir/rosidl_generator_py/drive_base_msgs/msg/_command_header_s.c.o[0m
[68.420s] [ 87%] [32mBuilding C object CMakeFiles/drive_base_msgs__python.dir/rosidl_generator_py/drive_base_msgs/msg/_trv_command_s.c.o[0m
[68.539s] [ 89%] [32m[1mLinking C shared library rosidl_generator_py/drive_base_msgs/libdrive_base_msgs__python.so[0m
[68.740s] [ 89%] Built target drive_base_msgs__python
[68.755s] [35m[1mScanning dependencies of target drive_base_msgs__rosidl_typesupport_c__pyext[0m
[68.755s] [35m[1mScanning dependencies of target drive_base_msgs__rosidl_typesupport_introspection_c__pyext[0m
[68.755s] [35m[1mScanning dependencies of target drive_base_msgs__rosidl_typesupport_fastrtps_c__pyext[0m
[68.805s] [ 90%] [32mBuilding C object CMakeFiles/drive_base_msgs__rosidl_typesupport_fastrtps_c__pyext.dir/rosidl_generator_py/drive_base_msgs/_drive_base_msgs_s.ep.rosidl_typesupport_fastrtps_c.c.o[0m
[68.817s] [ 92%] [32mBuilding C object CMakeFiles/drive_base_msgs__rosidl_typesupport_introspection_c__pyext.dir/rosidl_generator_py/drive_base_msgs/_drive_base_msgs_s.ep.rosidl_typesupport_introspection_c.c.o[0m
[68.822s] [ 94%] [32mBuilding C object CMakeFiles/drive_base_msgs__rosidl_typesupport_c__pyext.dir/rosidl_generator_py/drive_base_msgs/_drive_base_msgs_s.ep.rosidl_typesupport_c.c.o[0m
[68.973s] [ 96%] [32m[1mLinking CXX shared library rosidl_generator_py/drive_base_msgs/drive_base_msgs_s__rosidl_typesupport_fastrtps_c.cpython-38-x86_64-linux-gnu.so[0m
[68.992s] [ 98%] [32m[1mLinking C shared library rosidl_generator_py/drive_base_msgs/drive_base_msgs_s__rosidl_typesupport_c.cpython-38-x86_64-linux-gnu.so[0m
[68.999s] [100%] [32m[1mLinking C shared library rosidl_generator_py/drive_base_msgs/drive_base_msgs_s__rosidl_typesupport_introspection_c.cpython-38-x86_64-linux-gnu.so[0m
[69.062s] [100%] Built target drive_base_msgs__rosidl_typesupport_introspection_c__pyext
[69.066s] [100%] Built target drive_base_msgs__rosidl_typesupport_c__pyext
[69.110s] [100%] Built target drive_base_msgs__rosidl_typesupport_fastrtps_c__pyext
[69.127s] Invoked command in '/home/dwd/Documents/project/esp_ws/build/drive_base_msgs' returned '0': CMAKE_PREFIX_PATH=${CMAKE_PREFIX_PATH}:/opt/ros/foxy /bin/cmake --build /home/dwd/Documents/project/esp_ws/build/drive_base_msgs -- -j4 -l4
[69.130s] Invoking command in '/home/dwd/Documents/project/esp_ws/build/drive_base_msgs': CMAKE_PREFIX_PATH=${CMAKE_PREFIX_PATH}:/opt/ros/foxy /bin/cmake --install /home/dwd/Documents/project/esp_ws/build/drive_base_msgs
[69.143s] -- Install configuration: ""
[69.143s] -- Installing: /home/dwd/Documents/project/esp_ws/install/drive_base_msgs/share/ament_index/resource_index/rosidl_interfaces/drive_base_msgs
[69.143s] -- Installing: /home/dwd/Documents/project/esp_ws/install/drive_base_msgs/include/drive_base_msgs
[69.143s] -- Installing: /home/dwd/Documents/project/esp_ws/install/drive_base_msgs/include/drive_base_msgs/msg
[69.143s] -- Installing: /home/dwd/Documents/project/esp_ws/install/drive_base_msgs/include/drive_base_msgs/msg/trv_command.h
[69.143s] -- Installing: /home/dwd/Documents/project/esp_ws/install/drive_base_msgs/include/drive_base_msgs/msg/command_status.h
[69.144s] -- Installing: /home/dwd/Documents/project/esp_ws/install/drive_base_msgs/include/drive_base_msgs/msg/base_info.h
[69.144s] -- Installing: /home/dwd/Documents/project/esp_ws/install/drive_base_msgs/include/drive_base_msgs/msg/rosidl_generator_c__visibility_control.h
[69.144s] -- Installing: /home/dwd/Documents/project/esp_ws/install/drive_base_msgs/include/drive_base_msgs/msg/detail
[69.144s] -- Installing: /home/dwd/Documents/project/esp_ws/install/drive_base_msgs/include/drive_base_msgs/msg/detail/base_info__struct.h
[69.144s] -- Installing: /home/dwd/Documents/project/esp_ws/install/drive_base_msgs/include/drive_base_msgs/msg/detail/command_header__type_support.h
[69.144s] -- Installing: /home/dwd/Documents/project/esp_ws/install/drive_base_msgs/include/drive_base_msgs/msg/detail/trv_command__functions.c
[69.144s] -- Installing: /home/dwd/Documents/project/esp_ws/install/drive_base_msgs/include/drive_base_msgs/msg/detail/base_info__functions.c
[69.144s] -- Installing: /home/dwd/Documents/project/esp_ws/install/drive_base_msgs/include/drive_base_msgs/msg/detail/base_info__type_support.h
[69.145s] -- Installing: /home/dwd/Documents/project/esp_ws/install/drive_base_msgs/include/drive_base_msgs/msg/detail/trv_command__struct.h
[69.145s] -- Installing: /home/dwd/Documents/project/esp_ws/install/drive_base_msgs/include/drive_base_msgs/msg/detail/command_status__struct.h
[69.145s] -- Installing: /home/dwd/Documents/project/esp_ws/install/drive_base_msgs/include/drive_base_msgs/msg/detail/command_header__struct.h
[69.145s] -- Installing: /home/dwd/Documents/project/esp_ws/install/drive_base_msgs/include/drive_base_msgs/msg/detail/command_status__functions.c
[69.145s] -- Installing: /home/dwd/Documents/project/esp_ws/install/drive_base_msgs/include/drive_base_msgs/msg/detail/trv_command__functions.h
[69.145s] -- Installing: /home/dwd/Documents/project/esp_ws/install/drive_base_msgs/include/drive_base_msgs/msg/detail/command_status__type_support.h
[69.146s] -- Installing: /home/dwd/Documents/project/esp_ws/install/drive_base_msgs/include/drive_base_msgs/msg/detail/base_info__functions.h
[69.146s] -- Installing: /home/dwd/Documents/project/esp_ws/install/drive_base_msgs/include/drive_base_msgs/msg/detail/trv_command__type_support.h
[69.146s] -- Installing: /home/dwd/Documents/project/esp_ws/install/drive_base_msgs/include/drive_base_msgs/msg/detail/command_header__functions.c
[69.146s] -- Installing: /home/dwd/Documents/project/esp_ws/install/drive_base_msgs/include/drive_base_msgs/msg/detail/command_status__functions.h
[69.146s] -- Installing: /home/dwd/Documents/project/esp_ws/install/drive_base_msgs/include/drive_base_msgs/msg/detail/command_header__functions.h
[69.146s] -- Installing: /home/dwd/Documents/project/esp_ws/install/drive_base_msgs/include/drive_base_msgs/msg/command_header.h
[69.147s] -- Installing: /home/dwd/Documents/project/esp_ws/install/drive_base_msgs/share/drive_base_msgs/environment/library_path.sh
[69.147s] -- Installing: /home/dwd/Documents/project/esp_ws/install/drive_base_msgs/share/drive_base_msgs/environment/library_path.dsv
[69.147s] -- Installing: /home/dwd/Documents/project/esp_ws/install/drive_base_msgs/lib/libdrive_base_msgs__rosidl_generator_c.so
[69.148s] -- Set runtime path of "/home/dwd/Documents/project/esp_ws/install/drive_base_msgs/lib/libdrive_base_msgs__rosidl_generator_c.so" to ""
[69.148s] -- Up-to-date: /home/dwd/Documents/project/esp_ws/install/drive_base_msgs/include/drive_base_msgs
[69.148s] -- Up-to-date: /home/dwd/Documents/project/esp_ws/install/drive_base_msgs/include/drive_base_msgs/msg
[69.148s] -- Installing: /home/dwd/Documents/project/esp_ws/install/drive_base_msgs/include/drive_base_msgs/msg/rosidl_typesupport_fastrtps_c__visibility_control.h
[69.148s] -- Up-to-date: /home/dwd/Documents/project/esp_ws/install/drive_base_msgs/include/drive_base_msgs/msg/detail
[69.149s] -- Installing: /home/dwd/Documents/project/esp_ws/install/drive_base_msgs/include/drive_base_msgs/msg/detail/command_header__rosidl_typesupport_fastrtps_c.h
[69.149s] -- Installing: /home/dwd/Documents/project/esp_ws/install/drive_base_msgs/include/drive_base_msgs/msg/detail/trv_command__rosidl_typesupport_fastrtps_c.h
[69.149s] -- Installing: /home/dwd/Documents/project/esp_ws/install/drive_base_msgs/include/drive_base_msgs/msg/detail/command_status__rosidl_typesupport_fastrtps_c.h
[69.149s] -- Installing: /home/dwd/Documents/project/esp_ws/install/drive_base_msgs/include/drive_base_msgs/msg/detail/base_info__rosidl_typesupport_fastrtps_c.h
[69.149s] -- Installing: /home/dwd/Documents/project/esp_ws/install/drive_base_msgs/lib/libdrive_base_msgs__rosidl_typesupport_fastrtps_c.so
[69.150s] -- Set runtime path of "/home/dwd/Documents/project/esp_ws/install/drive_base_msgs/lib/libdrive_base_msgs__rosidl_typesupport_fastrtps_c.so" to ""
[69.150s] -- Up-to-date: /home/dwd/Documents/project/esp_ws/install/drive_base_msgs/include/drive_base_msgs
[69.150s] -- Up-to-date: /home/dwd/Documents/project/esp_ws/install/drive_base_msgs/include/drive_base_msgs/msg
[69.150s] -- Up-to-date: /home/dwd/Documents/project/esp_ws/install/drive_base_msgs/include/drive_base_msgs/msg/detail
[69.150s] -- Installing: /home/dwd/Documents/project/esp_ws/install/drive_base_msgs/include/drive_base_msgs/msg/detail/trv_command__rosidl_typesupport_fastrtps_cpp.hpp
[69.151s] -- Installing: /home/dwd/Documents/project/esp_ws/install/drive_base_msgs/include/drive_base_msgs/msg/detail/command_header__rosidl_typesupport_fastrtps_cpp.hpp
[69.151s] -- Installing: /home/dwd/Documents/project/esp_ws/install/drive_base_msgs/include/drive_base_msgs/msg/detail/command_status__rosidl_typesupport_fastrtps_cpp.hpp
[69.151s] -- Installing: /home/dwd/Documents/project/esp_ws/install/drive_base_msgs/include/drive_base_msgs/msg/detail/base_info__rosidl_typesupport_fastrtps_cpp.hpp
[69.151s] -- Installing: /home/dwd/Documents/project/esp_ws/install/drive_base_msgs/include/drive_base_msgs/msg/detail/dds_fastrtps
[69.151s] -- Installing: /home/dwd/Documents/project/esp_ws/install/drive_base_msgs/include/drive_base_msgs/msg/rosidl_typesupport_fastrtps_cpp__visibility_control.h
[69.151s] -- Installing: /home/dwd/Documents/project/esp_ws/install/drive_base_msgs/lib/libdrive_base_msgs__rosidl_typesupport_fastrtps_cpp.so
[69.152s] -- Set runtime path of "/home/dwd/Documents/project/esp_ws/install/drive_base_msgs/lib/libdrive_base_msgs__rosidl_typesupport_fastrtps_cpp.so" to ""
[69.152s] -- Up-to-date: /home/dwd/Documents/project/esp_ws/install/drive_base_msgs/include/drive_base_msgs
[69.152s] -- Up-to-date: /home/dwd/Documents/project/esp_ws/install/drive_base_msgs/include/drive_base_msgs/msg
[69.152s] -- Installing: /home/dwd/Documents/project/esp_ws/install/drive_base_msgs/include/drive_base_msgs/msg/rosidl_typesupport_introspection_c__visibility_control.h
[69.152s] -- Up-to-date: /home/dwd/Documents/project/esp_ws/install/drive_base_msgs/include/drive_base_msgs/msg/detail
[69.153s] -- Installing: /home/dwd/Documents/project/esp_ws/install/drive_base_msgs/include/drive_base_msgs/msg/detail/trv_command__type_support.c
[69.153s] -- Installing: /home/dwd/Documents/project/esp_ws/install/drive_base_msgs/include/drive_base_msgs/msg/detail/command_header__rosidl_typesupport_introspection_c.h
[69.153s] -- Installing: /home/dwd/Documents/project/esp_ws/install/drive_base_msgs/include/drive_base_msgs/msg/detail/command_status__rosidl_typesupport_introspection_c.h
[69.153s] -- Installing: /home/dwd/Documents/project/esp_ws/install/drive_base_msgs/include/drive_base_msgs/msg/detail/trv_command__rosidl_typesupport_introspection_c.h
[69.153s] -- Installing: /home/dwd/Documents/project/esp_ws/install/drive_base_msgs/include/drive_base_msgs/msg/detail/command_header__type_support.c
[69.153s] -- Installing: /home/dwd/Documents/project/esp_ws/install/drive_base_msgs/include/drive_base_msgs/msg/detail/command_status__type_support.c
[69.153s] -- Installing: /home/dwd/Documents/project/esp_ws/install/drive_base_msgs/include/drive_base_msgs/msg/detail/base_info__type_support.c
[69.153s] -- Installing: /home/dwd/Documents/project/esp_ws/install/drive_base_msgs/include/drive_base_msgs/msg/detail/base_info__rosidl_typesupport_introspection_c.h
[69.153s] -- Installing: /home/dwd/Documents/project/esp_ws/install/drive_base_msgs/lib/libdrive_base_msgs__rosidl_typesupport_introspection_c.so
[69.154s] -- Set runtime path of "/home/dwd/Documents/project/esp_ws/install/drive_base_msgs/lib/libdrive_base_msgs__rosidl_typesupport_introspection_c.so" to ""
[69.154s] -- Installing: /home/dwd/Documents/project/esp_ws/install/drive_base_msgs/lib/libdrive_base_msgs__rosidl_typesupport_c.so
[69.155s] -- Set runtime path of "/home/dwd/Documents/project/esp_ws/install/drive_base_msgs/lib/libdrive_base_msgs__rosidl_typesupport_c.so" to ""
[69.155s] -- Up-to-date: /home/dwd/Documents/project/esp_ws/install/drive_base_msgs/include/drive_base_msgs
[69.155s] -- Up-to-date: /home/dwd/Documents/project/esp_ws/install/drive_base_msgs/include/drive_base_msgs/msg
[69.155s] -- Installing: /home/dwd/Documents/project/esp_ws/install/drive_base_msgs/include/drive_base_msgs/msg/command_header.hpp
[69.155s] -- Installing: /home/dwd/Documents/project/esp_ws/install/drive_base_msgs/include/drive_base_msgs/msg/rosidl_generator_cpp__visibility_control.hpp
[69.156s] -- Installing: /home/dwd/Documents/project/esp_ws/install/drive_base_msgs/include/drive_base_msgs/msg/base_info.hpp
[69.156s] -- Installing: /home/dwd/Documents/project/esp_ws/install/drive_base_msgs/include/drive_base_msgs/msg/trv_command.hpp
[69.156s] -- Up-to-date: /home/dwd/Documents/project/esp_ws/install/drive_base_msgs/include/drive_base_msgs/msg/detail
[69.156s] -- Installing: /home/dwd/Documents/project/esp_ws/install/drive_base_msgs/include/drive_base_msgs/msg/detail/command_header__traits.hpp
[69.156s] -- Installing: /home/dwd/Documents/project/esp_ws/install/drive_base_msgs/include/drive_base_msgs/msg/detail/trv_command__struct.hpp
[69.156s] -- Installing: /home/dwd/Documents/project/esp_ws/install/drive_base_msgs/include/drive_base_msgs/msg/detail/command_status__traits.hpp
[69.156s] -- Installing: /home/dwd/Documents/project/esp_ws/install/drive_base_msgs/include/drive_base_msgs/msg/detail/command_status__struct.hpp
[69.156s] -- Installing: /home/dwd/Documents/project/esp_ws/install/drive_base_msgs/include/drive_base_msgs/msg/detail/trv_command__type_support.hpp
[69.157s] -- Installing: /home/dwd/Documents/project/esp_ws/install/drive_base_msgs/include/drive_base_msgs/msg/detail/command_header__type_support.hpp
[69.157s] -- Installing: /home/dwd/Documents/project/esp_ws/install/drive_base_msgs/include/drive_base_msgs/msg/detail/base_info__traits.hpp
[69.157s] -- Installing: /home/dwd/Documents/project/esp_ws/install/drive_base_msgs/include/drive_base_msgs/msg/detail/trv_command__builder.hpp
[69.157s] -- Installing: /home/dwd/Documents/project/esp_ws/install/drive_base_msgs/include/drive_base_msgs/msg/detail/trv_command__traits.hpp
[69.157s] -- Installing: /home/dwd/Documents/project/esp_ws/install/drive_base_msgs/include/drive_base_msgs/msg/detail/command_status__builder.hpp
[69.157s] -- Installing: /home/dwd/Documents/project/esp_ws/install/drive_base_msgs/include/drive_base_msgs/msg/detail/command_header__builder.hpp
[69.157s] -- Installing: /home/dwd/Documents/project/esp_ws/install/drive_base_msgs/include/drive_base_msgs/msg/detail/command_header__struct.hpp
[69.158s] -- Installing: /home/dwd/Documents/project/esp_ws/install/drive_base_msgs/include/drive_base_msgs/msg/detail/base_info__type_support.hpp
[69.158s] -- Installing: /home/dwd/Documents/project/esp_ws/install/drive_base_msgs/include/drive_base_msgs/msg/detail/command_status__type_support.hpp
[69.158s] -- Installing: /home/dwd/Documents/project/esp_ws/install/drive_base_msgs/include/drive_base_msgs/msg/detail/base_info__struct.hpp
[69.158s] -- Installing: /home/dwd/Documents/project/esp_ws/install/drive_base_msgs/include/drive_base_msgs/msg/detail/base_info__builder.hpp
[69.158s] -- Installing: /home/dwd/Documents/project/esp_ws/install/drive_base_msgs/include/drive_base_msgs/msg/command_status.hpp
[69.158s] -- Up-to-date: /home/dwd/Documents/project/esp_ws/install/drive_base_msgs/include/drive_base_msgs
[69.159s] -- Up-to-date: /home/dwd/Documents/project/esp_ws/install/drive_base_msgs/include/drive_base_msgs/msg
[69.159s] -- Up-to-date: /home/dwd/Documents/project/esp_ws/install/drive_base_msgs/include/drive_base_msgs/msg/detail
[69.159s] -- Installing: /home/dwd/Documents/project/esp_ws/install/drive_base_msgs/include/drive_base_msgs/msg/detail/base_info__type_support.cpp
[69.159s] -- Installing: /home/dwd/Documents/project/esp_ws/install/drive_base_msgs/include/drive_base_msgs/msg/detail/trv_command__type_support.cpp
[69.159s] -- Installing: /home/dwd/Documents/project/esp_ws/install/drive_base_msgs/include/drive_base_msgs/msg/detail/trv_command__rosidl_typesupport_introspection_cpp.hpp
[69.159s] -- Installing: /home/dwd/Documents/project/esp_ws/install/drive_base_msgs/include/drive_base_msgs/msg/detail/command_header__type_support.cpp
[69.159s] -- Installing: /home/dwd/Documents/project/esp_ws/install/drive_base_msgs/include/drive_base_msgs/msg/detail/command_header__rosidl_typesupport_introspection_cpp.hpp
[69.159s] -- Installing: /home/dwd/Documents/project/esp_ws/install/drive_base_msgs/include/drive_base_msgs/msg/detail/command_status__type_support.cpp
[69.160s] -- Installing: /home/dwd/Documents/project/esp_ws/install/drive_base_msgs/include/drive_base_msgs/msg/detail/base_info__rosidl_typesupport_introspection_cpp.hpp
[69.160s] -- Installing: /home/dwd/Documents/project/esp_ws/install/drive_base_msgs/include/drive_base_msgs/msg/detail/command_status__rosidl_typesupport_introspection_cpp.hpp
[69.160s] -- Installing: /home/dwd/Documents/project/esp_ws/install/drive_base_msgs/lib/libdrive_base_msgs__rosidl_typesupport_introspection_cpp.so
[69.161s] -- Set runtime path of "/home/dwd/Documents/project/esp_ws/install/drive_base_msgs/lib/libdrive_base_msgs__rosidl_typesupport_introspection_cpp.so" to ""
[69.161s] -- Installing: /home/dwd/Documents/project/esp_ws/install/drive_base_msgs/lib/libdrive_base_msgs__rosidl_typesupport_cpp.so
[69.162s] -- Set runtime path of "/home/dwd/Documents/project/esp_ws/install/drive_base_msgs/lib/libdrive_base_msgs__rosidl_typesupport_cpp.so" to ""
[69.162s] -- Installing: /home/dwd/Documents/project/esp_ws/install/drive_base_msgs/share/drive_base_msgs/environment/pythonpath.sh
[69.162s] -- Installing: /home/dwd/Documents/project/esp_ws/install/drive_base_msgs/share/drive_base_msgs/environment/pythonpath.dsv
[69.162s] -- Installing: /home/dwd/Documents/project/esp_ws/install/drive_base_msgs/lib/python3.8/site-packages/drive_base_msgs/__init__.py
[69.211s] Compiling '/home/dwd/Documents/project/esp_ws/install/drive_base_msgs/lib/python3.8/site-packages/drive_base_msgs/__init__.py'...
[69.211s] -- Installing: /home/dwd/Documents/project/esp_ws/install/drive_base_msgs/lib/python3.8/site-packages/drive_base_msgs/msg
[69.211s] -- Installing: /home/dwd/Documents/project/esp_ws/install/drive_base_msgs/lib/python3.8/site-packages/drive_base_msgs/msg/_command_status.py
[69.212s] -- Installing: /home/dwd/Documents/project/esp_ws/install/drive_base_msgs/lib/python3.8/site-packages/drive_base_msgs/msg/_base_info_s.c
[69.212s] -- Installing: /home/dwd/Documents/project/esp_ws/install/drive_base_msgs/lib/python3.8/site-packages/drive_base_msgs/msg/_command_status_s.c
[69.212s] -- Installing: /home/dwd/Documents/project/esp_ws/install/drive_base_msgs/lib/python3.8/site-packages/drive_base_msgs/msg/_command_header.py
[69.212s] -- Installing: /home/dwd/Documents/project/esp_ws/install/drive_base_msgs/lib/python3.8/site-packages/drive_base_msgs/msg/_trv_command_s.c
[69.212s] -- Installing: /home/dwd/Documents/project/esp_ws/install/drive_base_msgs/lib/python3.8/site-packages/drive_base_msgs/msg/_base_info.py
[69.212s] -- Installing: /home/dwd/Documents/project/esp_ws/install/drive_base_msgs/lib/python3.8/site-packages/drive_base_msgs/msg/__init__.py
[69.213s] -- Installing: /home/dwd/Documents/project/esp_ws/install/drive_base_msgs/lib/python3.8/site-packages/drive_base_msgs/msg/_trv_command.py
[69.213s] -- Installing: /home/dwd/Documents/project/esp_ws/install/drive_base_msgs/lib/python3.8/site-packages/drive_base_msgs/msg/_command_header_s.c
[69.213s] -- Installing: /home/dwd/Documents/project/esp_ws/install/drive_base_msgs/lib/python3.8/site-packages/drive_base_msgs/drive_base_msgs_s__rosidl_typesupport_fastrtps_c.cpython-38-x86_64-linux-gnu.so
[69.214s] -- Set runtime path of "/home/dwd/Documents/project/esp_ws/install/drive_base_msgs/lib/python3.8/site-packages/drive_base_msgs/drive_base_msgs_s__rosidl_typesupport_fastrtps_c.cpython-38-x86_64-linux-gnu.so" to ""
[69.214s] -- Installing: /home/dwd/Documents/project/esp_ws/install/drive_base_msgs/lib/python3.8/site-packages/drive_base_msgs/drive_base_msgs_s__rosidl_typesupport_introspection_c.cpython-38-x86_64-linux-gnu.so
[69.215s] -- Set runtime path of "/home/dwd/Documents/project/esp_ws/install/drive_base_msgs/lib/python3.8/site-packages/drive_base_msgs/drive_base_msgs_s__rosidl_typesupport_introspection_c.cpython-38-x86_64-linux-gnu.so" to ""
[69.215s] -- Installing: /home/dwd/Documents/project/esp_ws/install/drive_base_msgs/lib/python3.8/site-packages/drive_base_msgs/drive_base_msgs_s__rosidl_typesupport_c.cpython-38-x86_64-linux-gnu.so
[69.216s] -- Set runtime path of "/home/dwd/Documents/project/esp_ws/install/drive_base_msgs/lib/python3.8/site-packages/drive_base_msgs/drive_base_msgs_s__rosidl_typesupport_c.cpython-38-x86_64-linux-gnu.so" to ""
[69.216s] -- Installing: /home/dwd/Documents/project/esp_ws/install/drive_base_msgs/lib/libdrive_base_msgs__python.so
[69.217s] -- Set runtime path of "/home/dwd/Documents/project/esp_ws/install/drive_base_msgs/lib/libdrive_base_msgs__python.so" to ""
[69.217s] -- Installing: /home/dwd/Documents/project/esp_ws/install/drive_base_msgs/share/drive_base_msgs/msg/CommandHeader.idl
[69.217s] -- Installing: /home/dwd/Documents/project/esp_ws/install/drive_base_msgs/share/drive_base_msgs/msg/BaseInfo.idl
[69.218s] -- Installing: /home/dwd/Documents/project/esp_ws/install/drive_base_msgs/share/drive_base_msgs/msg/CommandStatus.idl
[69.218s] -- Installing: /home/dwd/Documents/project/esp_ws/install/drive_base_msgs/share/drive_base_msgs/msg/TRVCommand.idl
[69.218s] -- Installing: /home/dwd/Documents/project/esp_ws/install/drive_base_msgs/share/drive_base_msgs/msg/CommandHeader.msg
[69.218s] -- Installing: /home/dwd/Documents/project/esp_ws/install/drive_base_msgs/share/drive_base_msgs/msg/BaseInfo.msg
[69.218s] -- Installing: /home/dwd/Documents/project/esp_ws/install/drive_base_msgs/share/drive_base_msgs/msg/CommandStatus.msg
[69.219s] -- Installing: /home/dwd/Documents/project/esp_ws/install/drive_base_msgs/share/drive_base_msgs/msg/TRVCommand.msg
[69.219s] -- Installing: /home/dwd/Documents/project/esp_ws/install/drive_base_msgs/share/ament_index/resource_index/package_run_dependencies/drive_base_msgs
[69.219s] -- Installing: /home/dwd/Documents/project/esp_ws/install/drive_base_msgs/share/ament_index/resource_index/parent_prefix_path/drive_base_msgs
[69.219s] -- Installing: /home/dwd/Documents/project/esp_ws/install/drive_base_msgs/share/drive_base_msgs/environment/ament_prefix_path.sh
[69.220s] -- Installing: /home/dwd/Documents/project/esp_ws/install/drive_base_msgs/share/drive_base_msgs/environment/ament_prefix_path.dsv
[69.220s] -- Installing: /home/dwd/Documents/project/esp_ws/install/drive_base_msgs/share/drive_base_msgs/environment/path.sh
[69.220s] -- Installing: /home/dwd/Documents/project/esp_ws/install/drive_base_msgs/share/drive_base_msgs/environment/path.dsv
[69.220s] -- Installing: /home/dwd/Documents/project/esp_ws/install/drive_base_msgs/share/drive_base_msgs/local_setup.bash
[69.220s] -- Installing: /home/dwd/Documents/project/esp_ws/install/drive_base_msgs/share/drive_base_msgs/local_setup.sh
[69.221s] -- Installing: /home/dwd/Documents/project/esp_ws/install/drive_base_msgs/share/drive_base_msgs/local_setup.zsh
[69.221s] -- Installing: /home/dwd/Documents/project/esp_ws/install/drive_base_msgs/share/drive_base_msgs/local_setup.dsv
[69.221s] -- Installing: /home/dwd/Documents/project/esp_ws/install/drive_base_msgs/share/drive_base_msgs/package.dsv
[69.221s] -- Installing: /home/dwd/Documents/project/esp_ws/install/drive_base_msgs/share/ament_index/resource_index/packages/drive_base_msgs
[69.222s] -- Installing: /home/dwd/Documents/project/esp_ws/install/drive_base_msgs/share/drive_base_msgs/cmake/drive_base_msgs__rosidl_generator_cExport.cmake
[69.222s] -- Installing: /home/dwd/Documents/project/esp_ws/install/drive_base_msgs/share/drive_base_msgs/cmake/drive_base_msgs__rosidl_generator_cExport-noconfig.cmake
[69.222s] -- Installing: /home/dwd/Documents/project/esp_ws/install/drive_base_msgs/share/drive_base_msgs/cmake/drive_base_msgs__rosidl_typesupport_introspection_cExport.cmake
[69.222s] -- Installing: /home/dwd/Documents/project/esp_ws/install/drive_base_msgs/share/drive_base_msgs/cmake/drive_base_msgs__rosidl_typesupport_introspection_cExport-noconfig.cmake
[69.224s] -- Installing: /home/dwd/Documents/project/esp_ws/install/drive_base_msgs/share/drive_base_msgs/cmake/drive_base_msgs__rosidl_typesupport_cExport.cmake
[69.224s] -- Installing: /home/dwd/Documents/project/esp_ws/install/drive_base_msgs/share/drive_base_msgs/cmake/drive_base_msgs__rosidl_typesupport_cExport-noconfig.cmake
[69.224s] -- Installing: /home/dwd/Documents/project/esp_ws/install/drive_base_msgs/share/drive_base_msgs/cmake/drive_base_msgs__rosidl_generator_cppExport.cmake
[69.224s] -- Installing: /home/dwd/Documents/project/esp_ws/install/drive_base_msgs/share/drive_base_msgs/cmake/drive_base_msgs__rosidl_typesupport_introspection_cppExport.cmake
[69.225s] -- Installing: /home/dwd/Documents/project/esp_ws/install/drive_base_msgs/share/drive_base_msgs/cmake/drive_base_msgs__rosidl_typesupport_introspection_cppExport-noconfig.cmake
[69.225s] -- Installing: /home/dwd/Documents/project/esp_ws/install/drive_base_msgs/share/drive_base_msgs/cmake/drive_base_msgs__rosidl_typesupport_cppExport.cmake
[69.225s] -- Installing: /home/dwd/Documents/project/esp_ws/install/drive_base_msgs/share/drive_base_msgs/cmake/drive_base_msgs__rosidl_typesupport_cppExport-noconfig.cmake
[69.225s] -- Installing: /home/dwd/Documents/project/esp_ws/install/drive_base_msgs/share/drive_base_msgs/cmake/rosidl_cmake-extras.cmake
[69.226s] -- Installing: /home/dwd/Documents/project/esp_ws/install/drive_base_msgs/share/drive_base_msgs/cmake/ament_cmake_export_dependencies-extras.cmake
[69.226s] -- Installing: /home/dwd/Documents/project/esp_ws/install/drive_base_msgs/share/drive_base_msgs/cmake/ament_cmake_export_libraries-extras.cmake
[69.226s] -- Installing: /home/dwd/Documents/project/esp_ws/install/drive_base_msgs/share/drive_base_msgs/cmake/ament_cmake_export_targets-extras.cmake
[69.226s] -- Installing: /home/dwd/Documents/project/esp_ws/install/drive_base_msgs/share/drive_base_msgs/cmake/ament_cmake_export_include_directories-extras.cmake
[69.226s] -- Installing: /home/dwd/Documents/project/esp_ws/install/drive_base_msgs/share/drive_base_msgs/cmake/rosidl_cmake_export_typesupport_libraries-extras.cmake
[69.227s] -- Installing: /home/dwd/Documents/project/esp_ws/install/drive_base_msgs/share/drive_base_msgs/cmake/rosidl_cmake_export_typesupport_targets-extras.cmake
[69.227s] -- Installing: /home/dwd/Documents/project/esp_ws/install/drive_base_msgs/share/drive_base_msgs/cmake/drive_base_msgsConfig.cmake
[69.227s] -- Installing: /home/dwd/Documents/project/esp_ws/install/drive_base_msgs/share/drive_base_msgs/cmake/drive_base_msgsConfig-version.cmake
[69.227s] -- Installing: /home/dwd/Documents/project/esp_ws/install/drive_base_msgs/share/drive_base_msgs/package.xml
[69.235s] Invoked command in '/home/dwd/Documents/project/esp_ws/build/drive_base_msgs' returned '0': CMAKE_PREFIX_PATH=${CMAKE_PREFIX_PATH}:/opt/ros/foxy /bin/cmake --install /home/dwd/Documents/project/esp_ws/build/drive_base_msgs
