[0.016s] Invoking command in '/home/dwd/Documents/project/esp_ws/build/micro_ros_msgs': CMAKE_PREFIX_PATH=${CMAKE_PREFIX_PATH}:/opt/ros/foxy /bin/cmake /home/dwd/Documents/project/esp_ws/src/uros/micro_ros_msgs -DUAGENT_BUILD_EXECUTABLE=OFF -DUAGENT_P2P_PROFILE=OFF --no-warn-unused-cli -DCMAKE_INSTALL_PREFIX=/home/dwd/Documents/project/esp_ws/install/micro_ros_msgs
[0.027s] Not searching for unused variables given on the command line.
[0.091s] -- The C compiler identification is GNU 9.4.0
[0.161s] -- The CXX compiler identification is GNU 9.4.0
[0.167s] -- Check for working C compiler: /bin/cc
[0.261s] -- Check for working C compiler: /bin/cc -- works
[0.262s] -- Detecting C compiler ABI info
[0.355s] -- Detecting C compiler ABI info - done
[0.370s] -- Detecting C compile features
[0.370s] -- Detecting C compile features - done
[0.373s] -- Check for working CXX compiler: /bin/c++
[0.483s] -- Check for working CXX compiler: /bin/c++ -- works
[0.485s] -- Detecting CXX compiler ABI info
[0.639s] -- Detecting CXX compiler ABI info - done
[0.654s] -- Detecting CXX compile features
[0.654s] -- Detecting CXX compile features - done
[0.657s] -- Found ament_cmake: 0.9.12 (/opt/ros/foxy/share/ament_cmake/cmake)
[0.686s] -- Found PythonInterp: /bin/python3 (found suitable version "3.8.10", minimum required is "3") 
[0.686s] -- Using PYTHON_EXECUTABLE: /bin/python3
[0.963s] -- Found rosidl_default_generators: 1.0.1 (/opt/ros/foxy/share/rosidl_default_generators/cmake)
[0.977s] -- Using all available rosidl_typesupport_c: rosidl_typesupport_fastrtps_c;rosidl_typesupport_introspection_c
[0.986s] -- Found rosidl_adapter: 1.3.1 (/opt/ros/foxy/share/rosidl_adapter/cmake)
[1.522s] -- Found OpenSSL: /usr/lib/x86_64-linux-gnu/libcrypto.so (found version "1.1.1f")  
[1.602s] -- Found FastRTPS: /opt/ros/foxy/include  
[1.703s] -- Using all available rosidl_typesupport_cpp: rosidl_typesupport_fastrtps_cpp;rosidl_typesupport_introspection_cpp
[1.751s] -- Found ament_lint_auto: 0.9.8 (/opt/ros/foxy/share/ament_lint_auto/cmake)
[1.862s] -- Found PythonInterp: /bin/python3 (found version "3.8.10") 
[2.150s] -- Found ament_cmake_ros: 0.9.2 (/opt/ros/foxy/share/ament_cmake_ros/cmake)
[4.216s] -- Using all available rosidl_typesupport_c: rosidl_typesupport_fastrtps_c;rosidl_typesupport_introspection_c
[4.688s] -- Using all available rosidl_typesupport_cpp: rosidl_typesupport_fastrtps_cpp;rosidl_typesupport_introspection_cpp
[4.773s] -- Found PythonInterp: /bin/python3 (found suitable version "3.8.10", minimum required is "3.5") 
[4.828s] -- Found python_cmake_module: 0.8.1 (/opt/ros/foxy/share/python_cmake_module/cmake)
[5.351s] -- Found PythonLibs: /usr/lib/x86_64-linux-gnu/libpython3.8.so (found suitable version "3.8.10", minimum required is "3.5") 
[5.351s] -- Using PYTHON_EXECUTABLE: /bin/python3
[5.352s] -- Using PYTHON_INCLUDE_DIRS: /usr/include/python3.8
[5.352s] -- Using PYTHON_LIBRARIES: /usr/lib/x86_64-linux-gnu/libpython3.8.so
[5.400s] -- Found PythonExtra: .so  
[5.755s] -- Added test 'copyright' to check source files copyright and LICENSE
[5.806s] -- Added test 'lint_cmake' to check CMake code style
[5.831s] -- Added test 'xmllint' to check XML markup files
[6.219s] -- Configuring done
[6.378s] -- Generating done
[6.393s] -- Build files have been written to: /home/dwd/Documents/project/esp_ws/build/micro_ros_msgs
[6.422s] Invoked command in '/home/dwd/Documents/project/esp_ws/build/micro_ros_msgs' returned '0': CMAKE_PREFIX_PATH=${CMAKE_PREFIX_PATH}:/opt/ros/foxy /bin/cmake /home/dwd/Documents/project/esp_ws/src/uros/micro_ros_msgs -DUAGENT_BUILD_EXECUTABLE=OFF -DUAGENT_P2P_PROFILE=OFF --no-warn-unused-cli -DCMAKE_INSTALL_PREFIX=/home/dwd/Documents/project/esp_ws/install/micro_ros_msgs
[6.429s] Invoking command in '/home/dwd/Documents/project/esp_ws/build/micro_ros_msgs': CMAKE_PREFIX_PATH=${CMAKE_PREFIX_PATH}:/opt/ros/foxy /bin/cmake --build /home/dwd/Documents/project/esp_ws/build/micro_ros_msgs -- -j4 -l4
[6.470s] [  2%] [34m[1mGenerating C code for ROS interfaces[0m
[6.471s] [35m[1mScanning dependencies of target micro_ros_msgs__cpp[0m
[6.487s] [  4%] [34m[1mGenerating C++ code for ROS interfaces[0m
[7.100s] [  4%] Built target micro_ros_msgs__cpp
[7.109s] [35m[1mScanning dependencies of target micro_ros_msgs__rosidl_generator_c[0m
[7.119s] [  8%] [34m[1mGenerating C++ introspection for ROS interfaces[0m
[7.119s] [  8%] [34m[1mGenerating C++ type support dispatch for ROS interfaces[0m
[7.123s] [ 10%] [34m[1mGenerating C++ type support for eProsima Fast-RTPS[0m
[7.514s] [ 12%] [32mBuilding C object CMakeFiles/micro_ros_msgs__rosidl_generator_c.dir/rosidl_generator_c/micro_ros_msgs/msg/detail/graph__functions.c.o[0m
[7.609s] [35m[1mScanning dependencies of target micro_ros_msgs__rosidl_typesupport_cpp[0m
[7.697s] [35m[1mScanning dependencies of target micro_ros_msgs__rosidl_typesupport_introspection_cpp[0m
[7.745s] [35m[1mScanning dependencies of target micro_ros_msgs__rosidl_typesupport_fastrtps_cpp[0m
[7.795s] [ 14%] [32mBuilding CXX object CMakeFiles/micro_ros_msgs__rosidl_typesupport_cpp.dir/rosidl_typesupport_cpp/micro_ros_msgs/msg/graph__type_support.cpp.o[0m
[7.878s] [ 17%] [32mBuilding CXX object CMakeFiles/micro_ros_msgs__rosidl_typesupport_introspection_cpp.dir/rosidl_typesupport_introspection_cpp/micro_ros_msgs/msg/detail/graph__type_support.cpp.o[0m
[8.045s] [ 19%] [32mBuilding CXX object CMakeFiles/micro_ros_msgs__rosidl_typesupport_fastrtps_cpp.dir/rosidl_typesupport_fastrtps_cpp/micro_ros_msgs/msg/detail/dds_fastrtps/graph__type_support.cpp.o[0m
[8.951s] [ 21%] [32mBuilding C object CMakeFiles/micro_ros_msgs__rosidl_generator_c.dir/rosidl_generator_c/micro_ros_msgs/msg/detail/node__functions.c.o[0m
[9.016s] [ 23%] [32mBuilding C object CMakeFiles/micro_ros_msgs__rosidl_generator_c.dir/rosidl_generator_c/micro_ros_msgs/msg/detail/entity__functions.c.o[0m
[9.078s] [ 25%] [32m[1mLinking C shared library libmicro_ros_msgs__rosidl_generator_c.so[0m
[9.176s] [ 25%] Built target micro_ros_msgs__rosidl_generator_c
[9.188s] [ 27%] [32mBuilding CXX object CMakeFiles/micro_ros_msgs__rosidl_typesupport_cpp.dir/rosidl_typesupport_cpp/micro_ros_msgs/msg/node__type_support.cpp.o[0m
[10.783s] [ 29%] [32mBuilding CXX object CMakeFiles/micro_ros_msgs__rosidl_typesupport_fastrtps_cpp.dir/rosidl_typesupport_fastrtps_cpp/micro_ros_msgs/msg/detail/dds_fastrtps/node__type_support.cpp.o[0m
[10.783s] [ 31%] [32mBuilding CXX object CMakeFiles/micro_ros_msgs__rosidl_typesupport_fastrtps_cpp.dir/rosidl_typesupport_fastrtps_cpp/micro_ros_msgs/msg/detail/dds_fastrtps/entity__type_support.cpp.o[0m
[10.784s] [ 34%] [32mBuilding CXX object CMakeFiles/micro_ros_msgs__rosidl_typesupport_introspection_cpp.dir/rosidl_typesupport_introspection_cpp/micro_ros_msgs/msg/detail/node__type_support.cpp.o[0m
[10.785s] [ 36%] [32mBuilding CXX object CMakeFiles/micro_ros_msgs__rosidl_typesupport_cpp.dir/rosidl_typesupport_cpp/micro_ros_msgs/msg/entity__type_support.cpp.o[0m
[11.158s] [ 38%] [32m[1mLinking CXX shared library libmicro_ros_msgs__rosidl_typesupport_cpp.so[0m
[11.248s] [ 40%] [32mBuilding CXX object CMakeFiles/micro_ros_msgs__rosidl_typesupport_introspection_cpp.dir/rosidl_typesupport_introspection_cpp/micro_ros_msgs/msg/detail/entity__type_support.cpp.o[0m
[11.254s] [ 40%] Built target micro_ros_msgs__rosidl_typesupport_cpp
[11.272s] [ 42%] [34m[1mGenerating C type support dispatch for ROS interfaces[0m
[11.443s] [ 44%] [34m[1mGenerating C introspection for ROS interfaces[0m
[11.449s] [ 46%] [32m[1mLinking CXX shared library libmicro_ros_msgs__rosidl_typesupport_fastrtps_cpp.so[0m
[11.636s] [35m[1mScanning dependencies of target micro_ros_msgs__rosidl_typesupport_c[0m
[11.681s] [ 46%] Built target micro_ros_msgs__rosidl_typesupport_fastrtps_cpp
[11.696s] [ 48%] [34m[1mGenerating C type support for eProsima Fast-RTPS[0m
[11.730s] [ 51%] [32m[1mLinking CXX shared library libmicro_ros_msgs__rosidl_typesupport_introspection_cpp.so[0m
[11.748s] [ 53%] [32mBuilding CXX object CMakeFiles/micro_ros_msgs__rosidl_typesupport_c.dir/rosidl_typesupport_c/micro_ros_msgs/msg/graph__type_support.cpp.o[0m
[11.797s] [ 55%] [32mBuilding CXX object CMakeFiles/micro_ros_msgs__rosidl_typesupport_c.dir/rosidl_typesupport_c/micro_ros_msgs/msg/node__type_support.cpp.o[0m
[11.844s] [ 57%] [32mBuilding CXX object CMakeFiles/micro_ros_msgs__rosidl_typesupport_c.dir/rosidl_typesupport_c/micro_ros_msgs/msg/entity__type_support.cpp.o[0m
[11.863s] [ 57%] Built target micro_ros_msgs__rosidl_typesupport_introspection_cpp
[11.890s] [ 59%] [32m[1mLinking CXX shared library libmicro_ros_msgs__rosidl_typesupport_c.so[0m
[11.967s] [35m[1mScanning dependencies of target micro_ros_msgs__rosidl_typesupport_introspection_c[0m
[11.984s] [ 59%] Built target micro_ros_msgs__rosidl_typesupport_c
[11.990s] [ 61%] [32mBuilding C object CMakeFiles/micro_ros_msgs__rosidl_typesupport_introspection_c.dir/rosidl_typesupport_introspection_c/micro_ros_msgs/msg/detail/graph__type_support.c.o[0m
[11.992s] [ 63%] [32mBuilding C object CMakeFiles/micro_ros_msgs__rosidl_typesupport_introspection_c.dir/rosidl_typesupport_introspection_c/micro_ros_msgs/msg/detail/node__type_support.c.o[0m
[12.004s] [ 65%] [32mBuilding C object CMakeFiles/micro_ros_msgs__rosidl_typesupport_introspection_c.dir/rosidl_typesupport_introspection_c/micro_ros_msgs/msg/detail/entity__type_support.c.o[0m
[12.077s] [ 68%] [32m[1mLinking C shared library libmicro_ros_msgs__rosidl_typesupport_introspection_c.so[0m
[12.120s] [ 68%] Built target micro_ros_msgs__rosidl_typesupport_introspection_c
[12.222s] [35m[1mScanning dependencies of target micro_ros_msgs__rosidl_typesupport_fastrtps_c[0m
[12.298s] [ 70%] [32mBuilding CXX object CMakeFiles/micro_ros_msgs__rosidl_typesupport_fastrtps_c.dir/rosidl_typesupport_fastrtps_c/micro_ros_msgs/msg/detail/graph__type_support_c.cpp.o[0m
[12.315s] [ 72%] [32mBuilding CXX object CMakeFiles/micro_ros_msgs__rosidl_typesupport_fastrtps_c.dir/rosidl_typesupport_fastrtps_c/micro_ros_msgs/msg/detail/entity__type_support_c.cpp.o[0m
[12.316s] [ 74%] [32mBuilding CXX object CMakeFiles/micro_ros_msgs__rosidl_typesupport_fastrtps_c.dir/rosidl_typesupport_fastrtps_c/micro_ros_msgs/msg/detail/node__type_support_c.cpp.o[0m
[12.839s] [ 76%] [32m[1mLinking CXX shared library libmicro_ros_msgs__rosidl_typesupport_fastrtps_c.so[0m
[12.953s] [ 76%] Built target micro_ros_msgs__rosidl_typesupport_fastrtps_c
[12.967s] [35m[1mScanning dependencies of target micro_ros_msgs[0m
[12.982s] [ 76%] Built target micro_ros_msgs
[12.996s] [35m[1mScanning dependencies of target micro_ros_msgs__py[0m
[13.011s] [ 78%] [34m[1mGenerating Python code for ROS interfaces[0m
[14.249s] [ 78%] Built target micro_ros_msgs__py
[14.263s] [35m[1mScanning dependencies of target micro_ros_msgs__python[0m
[14.597s] [ 80%] [32mBuilding C object CMakeFiles/micro_ros_msgs__python.dir/rosidl_generator_py/micro_ros_msgs/msg/_graph_s.c.o[0m
[14.598s] [ 82%] [32mBuilding C object CMakeFiles/micro_ros_msgs__python.dir/rosidl_generator_py/micro_ros_msgs/msg/_node_s.c.o[0m
[14.599s] [ 85%] [32mBuilding C object CMakeFiles/micro_ros_msgs__python.dir/rosidl_generator_py/micro_ros_msgs/msg/_entity_s.c.o[0m
[15.060s] [ 87%] [32m[1mLinking C shared library rosidl_generator_py/micro_ros_msgs/libmicro_ros_msgs__python.so[0m
[15.114s] [ 87%] Built target micro_ros_msgs__python
[15.128s] [35m[1mScanning dependencies of target micro_ros_msgs__rosidl_typesupport_c__pyext[0m
[15.128s] [35m[1mScanning dependencies of target micro_ros_msgs__rosidl_typesupport_introspection_c__pyext[0m
[15.128s] [35m[1mScanning dependencies of target micro_ros_msgs__rosidl_typesupport_fastrtps_c__pyext[0m
[15.221s] [ 89%] [32mBuilding C object CMakeFiles/micro_ros_msgs__rosidl_typesupport_c__pyext.dir/rosidl_generator_py/micro_ros_msgs/_micro_ros_msgs_s.ep.rosidl_typesupport_c.c.o[0m
[15.229s] [ 91%] [32mBuilding C object CMakeFiles/micro_ros_msgs__rosidl_typesupport_fastrtps_c__pyext.dir/rosidl_generator_py/micro_ros_msgs/_micro_ros_msgs_s.ep.rosidl_typesupport_fastrtps_c.c.o[0m
[15.236s] [ 93%] [32mBuilding C object CMakeFiles/micro_ros_msgs__rosidl_typesupport_introspection_c__pyext.dir/rosidl_generator_py/micro_ros_msgs/_micro_ros_msgs_s.ep.rosidl_typesupport_introspection_c.c.o[0m
[15.358s] [ 97%] [32m[1mLinking C shared library rosidl_generator_py/micro_ros_msgs/micro_ros_msgs_s__rosidl_typesupport_introspection_c.cpython-38-x86_64-linux-gnu.so[0m
[15.358s] [ 97%] [32m[1mLinking CXX shared library rosidl_generator_py/micro_ros_msgs/micro_ros_msgs_s__rosidl_typesupport_fastrtps_c.cpython-38-x86_64-linux-gnu.so[0m
[15.362s] [100%] [32m[1mLinking C shared library rosidl_generator_py/micro_ros_msgs/micro_ros_msgs_s__rosidl_typesupport_c.cpython-38-x86_64-linux-gnu.so[0m
[15.411s] [100%] Built target micro_ros_msgs__rosidl_typesupport_introspection_c__pyext
[15.427s] [100%] Built target micro_ros_msgs__rosidl_typesupport_c__pyext
[15.450s] [100%] Built target micro_ros_msgs__rosidl_typesupport_fastrtps_c__pyext
[15.478s] Invoked command in '/home/dwd/Documents/project/esp_ws/build/micro_ros_msgs' returned '0': CMAKE_PREFIX_PATH=${CMAKE_PREFIX_PATH}:/opt/ros/foxy /bin/cmake --build /home/dwd/Documents/project/esp_ws/build/micro_ros_msgs -- -j4 -l4
[15.496s] Invoking command in '/home/dwd/Documents/project/esp_ws/build/micro_ros_msgs': CMAKE_PREFIX_PATH=${CMAKE_PREFIX_PATH}:/opt/ros/foxy /bin/cmake --install /home/dwd/Documents/project/esp_ws/build/micro_ros_msgs
[15.497s] -- Install configuration: ""
[15.497s] -- Installing: /home/dwd/Documents/project/esp_ws/install/micro_ros_msgs/share/ament_index/resource_index/rosidl_interfaces/micro_ros_msgs
[15.497s] -- Installing: /home/dwd/Documents/project/esp_ws/install/micro_ros_msgs/include/micro_ros_msgs
[15.497s] -- Installing: /home/dwd/Documents/project/esp_ws/install/micro_ros_msgs/include/micro_ros_msgs/msg
[15.497s] -- Installing: /home/dwd/Documents/project/esp_ws/install/micro_ros_msgs/include/micro_ros_msgs/msg/node.h
[15.497s] -- Installing: /home/dwd/Documents/project/esp_ws/install/micro_ros_msgs/include/micro_ros_msgs/msg/entity.h
[15.497s] -- Installing: /home/dwd/Documents/project/esp_ws/install/micro_ros_msgs/include/micro_ros_msgs/msg/rosidl_generator_c__visibility_control.h
[15.498s] -- Installing: /home/dwd/Documents/project/esp_ws/install/micro_ros_msgs/include/micro_ros_msgs/msg/detail
[15.498s] -- Installing: /home/dwd/Documents/project/esp_ws/install/micro_ros_msgs/include/micro_ros_msgs/msg/detail/node__type_support.h
[15.498s] -- Installing: /home/dwd/Documents/project/esp_ws/install/micro_ros_msgs/include/micro_ros_msgs/msg/detail/graph__type_support.h
[15.498s] -- Installing: /home/dwd/Documents/project/esp_ws/install/micro_ros_msgs/include/micro_ros_msgs/msg/detail/node__functions.c
[15.498s] -- Installing: /home/dwd/Documents/project/esp_ws/install/micro_ros_msgs/include/micro_ros_msgs/msg/detail/graph__functions.h
[15.498s] -- Installing: /home/dwd/Documents/project/esp_ws/install/micro_ros_msgs/include/micro_ros_msgs/msg/detail/graph__struct.h
[15.498s] -- Installing: /home/dwd/Documents/project/esp_ws/install/micro_ros_msgs/include/micro_ros_msgs/msg/detail/node__struct.h
[15.498s] -- Installing: /home/dwd/Documents/project/esp_ws/install/micro_ros_msgs/include/micro_ros_msgs/msg/detail/node__functions.h
[15.498s] -- Installing: /home/dwd/Documents/project/esp_ws/install/micro_ros_msgs/include/micro_ros_msgs/msg/detail/entity__functions.h
[15.499s] -- Installing: /home/dwd/Documents/project/esp_ws/install/micro_ros_msgs/include/micro_ros_msgs/msg/detail/entity__struct.h
[15.499s] -- Installing: /home/dwd/Documents/project/esp_ws/install/micro_ros_msgs/include/micro_ros_msgs/msg/detail/entity__type_support.h
[15.499s] -- Installing: /home/dwd/Documents/project/esp_ws/install/micro_ros_msgs/include/micro_ros_msgs/msg/detail/entity__functions.c
[15.499s] -- Installing: /home/dwd/Documents/project/esp_ws/install/micro_ros_msgs/include/micro_ros_msgs/msg/detail/graph__functions.c
[15.499s] -- Installing: /home/dwd/Documents/project/esp_ws/install/micro_ros_msgs/include/micro_ros_msgs/msg/graph.h
[15.499s] -- Installing: /home/dwd/Documents/project/esp_ws/install/micro_ros_msgs/share/micro_ros_msgs/environment/library_path.sh
[15.499s] -- Installing: /home/dwd/Documents/project/esp_ws/install/micro_ros_msgs/share/micro_ros_msgs/environment/library_path.dsv
[15.499s] -- Installing: /home/dwd/Documents/project/esp_ws/install/micro_ros_msgs/lib/libmicro_ros_msgs__rosidl_generator_c.so
[15.500s] -- Set runtime path of "/home/dwd/Documents/project/esp_ws/install/micro_ros_msgs/lib/libmicro_ros_msgs__rosidl_generator_c.so" to ""
[15.500s] -- Up-to-date: /home/dwd/Documents/project/esp_ws/install/micro_ros_msgs/include/micro_ros_msgs
[15.500s] -- Up-to-date: /home/dwd/Documents/project/esp_ws/install/micro_ros_msgs/include/micro_ros_msgs/msg
[15.500s] -- Installing: /home/dwd/Documents/project/esp_ws/install/micro_ros_msgs/include/micro_ros_msgs/msg/rosidl_typesupport_fastrtps_c__visibility_control.h
[15.500s] -- Up-to-date: /home/dwd/Documents/project/esp_ws/install/micro_ros_msgs/include/micro_ros_msgs/msg/detail
[15.501s] -- Installing: /home/dwd/Documents/project/esp_ws/install/micro_ros_msgs/include/micro_ros_msgs/msg/detail/entity__rosidl_typesupport_fastrtps_c.h
[15.501s] -- Installing: /home/dwd/Documents/project/esp_ws/install/micro_ros_msgs/include/micro_ros_msgs/msg/detail/graph__rosidl_typesupport_fastrtps_c.h
[15.501s] -- Installing: /home/dwd/Documents/project/esp_ws/install/micro_ros_msgs/include/micro_ros_msgs/msg/detail/node__rosidl_typesupport_fastrtps_c.h
[15.501s] -- Installing: /home/dwd/Documents/project/esp_ws/install/micro_ros_msgs/lib/libmicro_ros_msgs__rosidl_typesupport_fastrtps_c.so
[15.502s] -- Set runtime path of "/home/dwd/Documents/project/esp_ws/install/micro_ros_msgs/lib/libmicro_ros_msgs__rosidl_typesupport_fastrtps_c.so" to ""
[15.502s] -- Up-to-date: /home/dwd/Documents/project/esp_ws/install/micro_ros_msgs/include/micro_ros_msgs
[15.502s] -- Up-to-date: /home/dwd/Documents/project/esp_ws/install/micro_ros_msgs/include/micro_ros_msgs/msg
[15.502s] -- Up-to-date: /home/dwd/Documents/project/esp_ws/install/micro_ros_msgs/include/micro_ros_msgs/msg/detail
[15.502s] -- Installing: /home/dwd/Documents/project/esp_ws/install/micro_ros_msgs/include/micro_ros_msgs/msg/detail/node__rosidl_typesupport_fastrtps_cpp.hpp
[15.503s] -- Installing: /home/dwd/Documents/project/esp_ws/install/micro_ros_msgs/include/micro_ros_msgs/msg/detail/entity__rosidl_typesupport_fastrtps_cpp.hpp
[15.503s] -- Installing: /home/dwd/Documents/project/esp_ws/install/micro_ros_msgs/include/micro_ros_msgs/msg/detail/graph__rosidl_typesupport_fastrtps_cpp.hpp
[15.503s] -- Installing: /home/dwd/Documents/project/esp_ws/install/micro_ros_msgs/include/micro_ros_msgs/msg/detail/dds_fastrtps
[15.503s] -- Installing: /home/dwd/Documents/project/esp_ws/install/micro_ros_msgs/include/micro_ros_msgs/msg/rosidl_typesupport_fastrtps_cpp__visibility_control.h
[15.503s] -- Installing: /home/dwd/Documents/project/esp_ws/install/micro_ros_msgs/lib/libmicro_ros_msgs__rosidl_typesupport_fastrtps_cpp.so
[15.504s] -- Set runtime path of "/home/dwd/Documents/project/esp_ws/install/micro_ros_msgs/lib/libmicro_ros_msgs__rosidl_typesupport_fastrtps_cpp.so" to ""
[15.504s] -- Up-to-date: /home/dwd/Documents/project/esp_ws/install/micro_ros_msgs/include/micro_ros_msgs
[15.504s] -- Up-to-date: /home/dwd/Documents/project/esp_ws/install/micro_ros_msgs/include/micro_ros_msgs/msg
[15.504s] -- Installing: /home/dwd/Documents/project/esp_ws/install/micro_ros_msgs/include/micro_ros_msgs/msg/rosidl_typesupport_introspection_c__visibility_control.h
[15.504s] -- Up-to-date: /home/dwd/Documents/project/esp_ws/install/micro_ros_msgs/include/micro_ros_msgs/msg/detail
[15.504s] -- Installing: /home/dwd/Documents/project/esp_ws/install/micro_ros_msgs/include/micro_ros_msgs/msg/detail/graph__type_support.c
[15.504s] -- Installing: /home/dwd/Documents/project/esp_ws/install/micro_ros_msgs/include/micro_ros_msgs/msg/detail/node__rosidl_typesupport_introspection_c.h
[15.505s] -- Installing: /home/dwd/Documents/project/esp_ws/install/micro_ros_msgs/include/micro_ros_msgs/msg/detail/node__type_support.c
[15.505s] -- Installing: /home/dwd/Documents/project/esp_ws/install/micro_ros_msgs/include/micro_ros_msgs/msg/detail/entity__type_support.c
[15.505s] -- Installing: /home/dwd/Documents/project/esp_ws/install/micro_ros_msgs/include/micro_ros_msgs/msg/detail/graph__rosidl_typesupport_introspection_c.h
[15.505s] -- Installing: /home/dwd/Documents/project/esp_ws/install/micro_ros_msgs/include/micro_ros_msgs/msg/detail/entity__rosidl_typesupport_introspection_c.h
[15.505s] -- Installing: /home/dwd/Documents/project/esp_ws/install/micro_ros_msgs/lib/libmicro_ros_msgs__rosidl_typesupport_introspection_c.so
[15.506s] -- Set runtime path of "/home/dwd/Documents/project/esp_ws/install/micro_ros_msgs/lib/libmicro_ros_msgs__rosidl_typesupport_introspection_c.so" to ""
[15.506s] -- Installing: /home/dwd/Documents/project/esp_ws/install/micro_ros_msgs/lib/libmicro_ros_msgs__rosidl_typesupport_c.so
[15.507s] -- Set runtime path of "/home/dwd/Documents/project/esp_ws/install/micro_ros_msgs/lib/libmicro_ros_msgs__rosidl_typesupport_c.so" to ""
[15.507s] -- Up-to-date: /home/dwd/Documents/project/esp_ws/install/micro_ros_msgs/include/micro_ros_msgs
[15.507s] -- Up-to-date: /home/dwd/Documents/project/esp_ws/install/micro_ros_msgs/include/micro_ros_msgs/msg
[15.507s] -- Installing: /home/dwd/Documents/project/esp_ws/install/micro_ros_msgs/include/micro_ros_msgs/msg/graph.hpp
[15.508s] -- Installing: /home/dwd/Documents/project/esp_ws/install/micro_ros_msgs/include/micro_ros_msgs/msg/rosidl_generator_cpp__visibility_control.hpp
[15.508s] -- Installing: /home/dwd/Documents/project/esp_ws/install/micro_ros_msgs/include/micro_ros_msgs/msg/entity.hpp
[15.508s] -- Installing: /home/dwd/Documents/project/esp_ws/install/micro_ros_msgs/include/micro_ros_msgs/msg/node.hpp
[15.508s] -- Up-to-date: /home/dwd/Documents/project/esp_ws/install/micro_ros_msgs/include/micro_ros_msgs/msg/detail
[15.508s] -- Installing: /home/dwd/Documents/project/esp_ws/install/micro_ros_msgs/include/micro_ros_msgs/msg/detail/graph__type_support.hpp
[15.508s] -- Installing: /home/dwd/Documents/project/esp_ws/install/micro_ros_msgs/include/micro_ros_msgs/msg/detail/entity__type_support.hpp
[15.508s] -- Installing: /home/dwd/Documents/project/esp_ws/install/micro_ros_msgs/include/micro_ros_msgs/msg/detail/entity__struct.hpp
[15.508s] -- Installing: /home/dwd/Documents/project/esp_ws/install/micro_ros_msgs/include/micro_ros_msgs/msg/detail/node__type_support.hpp
[15.508s] -- Installing: /home/dwd/Documents/project/esp_ws/install/micro_ros_msgs/include/micro_ros_msgs/msg/detail/node__traits.hpp
[15.509s] -- Installing: /home/dwd/Documents/project/esp_ws/install/micro_ros_msgs/include/micro_ros_msgs/msg/detail/node__struct.hpp
[15.509s] -- Installing: /home/dwd/Documents/project/esp_ws/install/micro_ros_msgs/include/micro_ros_msgs/msg/detail/graph__traits.hpp
[15.509s] -- Installing: /home/dwd/Documents/project/esp_ws/install/micro_ros_msgs/include/micro_ros_msgs/msg/detail/entity__traits.hpp
[15.509s] -- Installing: /home/dwd/Documents/project/esp_ws/install/micro_ros_msgs/include/micro_ros_msgs/msg/detail/graph__builder.hpp
[15.509s] -- Installing: /home/dwd/Documents/project/esp_ws/install/micro_ros_msgs/include/micro_ros_msgs/msg/detail/node__builder.hpp
[15.509s] -- Installing: /home/dwd/Documents/project/esp_ws/install/micro_ros_msgs/include/micro_ros_msgs/msg/detail/entity__builder.hpp
[15.509s] -- Installing: /home/dwd/Documents/project/esp_ws/install/micro_ros_msgs/include/micro_ros_msgs/msg/detail/graph__struct.hpp
[15.509s] -- Up-to-date: /home/dwd/Documents/project/esp_ws/install/micro_ros_msgs/include/micro_ros_msgs
[15.510s] -- Up-to-date: /home/dwd/Documents/project/esp_ws/install/micro_ros_msgs/include/micro_ros_msgs/msg
[15.510s] -- Up-to-date: /home/dwd/Documents/project/esp_ws/install/micro_ros_msgs/include/micro_ros_msgs/msg/detail
[15.510s] -- Installing: /home/dwd/Documents/project/esp_ws/install/micro_ros_msgs/include/micro_ros_msgs/msg/detail/node__rosidl_typesupport_introspection_cpp.hpp
[15.510s] -- Installing: /home/dwd/Documents/project/esp_ws/install/micro_ros_msgs/include/micro_ros_msgs/msg/detail/entity__rosidl_typesupport_introspection_cpp.hpp
[15.510s] -- Installing: /home/dwd/Documents/project/esp_ws/install/micro_ros_msgs/include/micro_ros_msgs/msg/detail/node__type_support.cpp
[15.510s] -- Installing: /home/dwd/Documents/project/esp_ws/install/micro_ros_msgs/include/micro_ros_msgs/msg/detail/graph__type_support.cpp
[15.510s] -- Installing: /home/dwd/Documents/project/esp_ws/install/micro_ros_msgs/include/micro_ros_msgs/msg/detail/entity__type_support.cpp
[15.510s] -- Installing: /home/dwd/Documents/project/esp_ws/install/micro_ros_msgs/include/micro_ros_msgs/msg/detail/graph__rosidl_typesupport_introspection_cpp.hpp
[15.511s] -- Installing: /home/dwd/Documents/project/esp_ws/install/micro_ros_msgs/lib/libmicro_ros_msgs__rosidl_typesupport_introspection_cpp.so
[15.511s] -- Set runtime path of "/home/dwd/Documents/project/esp_ws/install/micro_ros_msgs/lib/libmicro_ros_msgs__rosidl_typesupport_introspection_cpp.so" to ""
[15.512s] -- Installing: /home/dwd/Documents/project/esp_ws/install/micro_ros_msgs/lib/libmicro_ros_msgs__rosidl_typesupport_cpp.so
[15.512s] -- Set runtime path of "/home/dwd/Documents/project/esp_ws/install/micro_ros_msgs/lib/libmicro_ros_msgs__rosidl_typesupport_cpp.so" to ""
[15.512s] -- Installing: /home/dwd/Documents/project/esp_ws/install/micro_ros_msgs/share/micro_ros_msgs/environment/pythonpath.sh
[15.513s] -- Installing: /home/dwd/Documents/project/esp_ws/install/micro_ros_msgs/share/micro_ros_msgs/environment/pythonpath.dsv
[15.513s] -- Installing: /home/dwd/Documents/project/esp_ws/install/micro_ros_msgs/lib/python3.8/site-packages/micro_ros_msgs/__init__.py
[15.567s] Compiling '/home/dwd/Documents/project/esp_ws/install/micro_ros_msgs/lib/python3.8/site-packages/micro_ros_msgs/__init__.py'...
[15.577s] -- Installing: /home/dwd/Documents/project/esp_ws/install/micro_ros_msgs/lib/python3.8/site-packages/micro_ros_msgs/msg
[15.577s] -- Installing: /home/dwd/Documents/project/esp_ws/install/micro_ros_msgs/lib/python3.8/site-packages/micro_ros_msgs/msg/__init__.py
[15.577s] -- Installing: /home/dwd/Documents/project/esp_ws/install/micro_ros_msgs/lib/python3.8/site-packages/micro_ros_msgs/msg/_entity.py
[15.577s] -- Installing: /home/dwd/Documents/project/esp_ws/install/micro_ros_msgs/lib/python3.8/site-packages/micro_ros_msgs/msg/_graph_s.c
[15.577s] -- Installing: /home/dwd/Documents/project/esp_ws/install/micro_ros_msgs/lib/python3.8/site-packages/micro_ros_msgs/msg/_graph.py
[15.577s] -- Installing: /home/dwd/Documents/project/esp_ws/install/micro_ros_msgs/lib/python3.8/site-packages/micro_ros_msgs/msg/_entity_s.c
[15.578s] -- Installing: /home/dwd/Documents/project/esp_ws/install/micro_ros_msgs/lib/python3.8/site-packages/micro_ros_msgs/msg/_node.py
[15.578s] -- Installing: /home/dwd/Documents/project/esp_ws/install/micro_ros_msgs/lib/python3.8/site-packages/micro_ros_msgs/msg/_node_s.c
[15.578s] -- Installing: /home/dwd/Documents/project/esp_ws/install/micro_ros_msgs/lib/python3.8/site-packages/micro_ros_msgs/micro_ros_msgs_s__rosidl_typesupport_fastrtps_c.cpython-38-x86_64-linux-gnu.so
[15.578s] -- Set runtime path of "/home/dwd/Documents/project/esp_ws/install/micro_ros_msgs/lib/python3.8/site-packages/micro_ros_msgs/micro_ros_msgs_s__rosidl_typesupport_fastrtps_c.cpython-38-x86_64-linux-gnu.so" to ""
[15.578s] -- Installing: /home/dwd/Documents/project/esp_ws/install/micro_ros_msgs/lib/python3.8/site-packages/micro_ros_msgs/micro_ros_msgs_s__rosidl_typesupport_introspection_c.cpython-38-x86_64-linux-gnu.so
[15.578s] -- Set runtime path of "/home/dwd/Documents/project/esp_ws/install/micro_ros_msgs/lib/python3.8/site-packages/micro_ros_msgs/micro_ros_msgs_s__rosidl_typesupport_introspection_c.cpython-38-x86_64-linux-gnu.so" to ""
[15.578s] -- Installing: /home/dwd/Documents/project/esp_ws/install/micro_ros_msgs/lib/python3.8/site-packages/micro_ros_msgs/micro_ros_msgs_s__rosidl_typesupport_c.cpython-38-x86_64-linux-gnu.so
[15.578s] -- Set runtime path of "/home/dwd/Documents/project/esp_ws/install/micro_ros_msgs/lib/python3.8/site-packages/micro_ros_msgs/micro_ros_msgs_s__rosidl_typesupport_c.cpython-38-x86_64-linux-gnu.so" to ""
[15.578s] -- Installing: /home/dwd/Documents/project/esp_ws/install/micro_ros_msgs/lib/libmicro_ros_msgs__python.so
[15.578s] -- Set runtime path of "/home/dwd/Documents/project/esp_ws/install/micro_ros_msgs/lib/libmicro_ros_msgs__python.so" to ""
[15.579s] -- Installing: /home/dwd/Documents/project/esp_ws/install/micro_ros_msgs/share/micro_ros_msgs/msg/Graph.idl
[15.579s] -- Installing: /home/dwd/Documents/project/esp_ws/install/micro_ros_msgs/share/micro_ros_msgs/msg/Node.idl
[15.579s] -- Installing: /home/dwd/Documents/project/esp_ws/install/micro_ros_msgs/share/micro_ros_msgs/msg/Entity.idl
[15.579s] -- Installing: /home/dwd/Documents/project/esp_ws/install/micro_ros_msgs/share/micro_ros_msgs/msg/Graph.msg
[15.579s] -- Installing: /home/dwd/Documents/project/esp_ws/install/micro_ros_msgs/share/micro_ros_msgs/msg/Node.msg
[15.579s] -- Installing: /home/dwd/Documents/project/esp_ws/install/micro_ros_msgs/share/micro_ros_msgs/msg/Entity.msg
[15.579s] -- Installing: /home/dwd/Documents/project/esp_ws/install/micro_ros_msgs/share/ament_index/resource_index/package_run_dependencies/micro_ros_msgs
[15.579s] -- Installing: /home/dwd/Documents/project/esp_ws/install/micro_ros_msgs/share/ament_index/resource_index/parent_prefix_path/micro_ros_msgs
[15.580s] -- Installing: /home/dwd/Documents/project/esp_ws/install/micro_ros_msgs/share/micro_ros_msgs/environment/ament_prefix_path.sh
[15.580s] -- Installing: /home/dwd/Documents/project/esp_ws/install/micro_ros_msgs/share/micro_ros_msgs/environment/ament_prefix_path.dsv
[15.580s] -- Installing: /home/dwd/Documents/project/esp_ws/install/micro_ros_msgs/share/micro_ros_msgs/environment/path.sh
[15.580s] -- Installing: /home/dwd/Documents/project/esp_ws/install/micro_ros_msgs/share/micro_ros_msgs/environment/path.dsv
[15.580s] -- Installing: /home/dwd/Documents/project/esp_ws/install/micro_ros_msgs/share/micro_ros_msgs/local_setup.bash
[15.581s] -- Installing: /home/dwd/Documents/project/esp_ws/install/micro_ros_msgs/share/micro_ros_msgs/local_setup.sh
[15.581s] -- Installing: /home/dwd/Documents/project/esp_ws/install/micro_ros_msgs/share/micro_ros_msgs/local_setup.zsh
[15.581s] -- Installing: /home/dwd/Documents/project/esp_ws/install/micro_ros_msgs/share/micro_ros_msgs/local_setup.dsv
[15.581s] -- Installing: /home/dwd/Documents/project/esp_ws/install/micro_ros_msgs/share/micro_ros_msgs/package.dsv
[15.582s] -- Installing: /home/dwd/Documents/project/esp_ws/install/micro_ros_msgs/share/ament_index/resource_index/packages/micro_ros_msgs
[15.582s] -- Installing: /home/dwd/Documents/project/esp_ws/install/micro_ros_msgs/share/micro_ros_msgs/cmake/micro_ros_msgs__rosidl_generator_cExport.cmake
[15.582s] -- Installing: /home/dwd/Documents/project/esp_ws/install/micro_ros_msgs/share/micro_ros_msgs/cmake/micro_ros_msgs__rosidl_generator_cExport-noconfig.cmake
[15.582s] -- Installing: /home/dwd/Documents/project/esp_ws/install/micro_ros_msgs/share/micro_ros_msgs/cmake/micro_ros_msgs__rosidl_typesupport_introspection_cExport.cmake
[15.583s] -- Installing: /home/dwd/Documents/project/esp_ws/install/micro_ros_msgs/share/micro_ros_msgs/cmake/micro_ros_msgs__rosidl_typesupport_introspection_cExport-noconfig.cmake
[15.583s] -- Installing: /home/dwd/Documents/project/esp_ws/install/micro_ros_msgs/share/micro_ros_msgs/cmake/micro_ros_msgs__rosidl_typesupport_cExport.cmake
[15.583s] -- Installing: /home/dwd/Documents/project/esp_ws/install/micro_ros_msgs/share/micro_ros_msgs/cmake/micro_ros_msgs__rosidl_typesupport_cExport-noconfig.cmake
[15.583s] -- Installing: /home/dwd/Documents/project/esp_ws/install/micro_ros_msgs/share/micro_ros_msgs/cmake/micro_ros_msgs__rosidl_generator_cppExport.cmake
[15.584s] -- Installing: /home/dwd/Documents/project/esp_ws/install/micro_ros_msgs/share/micro_ros_msgs/cmake/micro_ros_msgs__rosidl_typesupport_introspection_cppExport.cmake
[15.584s] -- Installing: /home/dwd/Documents/project/esp_ws/install/micro_ros_msgs/share/micro_ros_msgs/cmake/micro_ros_msgs__rosidl_typesupport_introspection_cppExport-noconfig.cmake
[15.584s] -- Installing: /home/dwd/Documents/project/esp_ws/install/micro_ros_msgs/share/micro_ros_msgs/cmake/micro_ros_msgs__rosidl_typesupport_cppExport.cmake
[15.584s] -- Installing: /home/dwd/Documents/project/esp_ws/install/micro_ros_msgs/share/micro_ros_msgs/cmake/micro_ros_msgs__rosidl_typesupport_cppExport-noconfig.cmake
[15.584s] -- Installing: /home/dwd/Documents/project/esp_ws/install/micro_ros_msgs/share/micro_ros_msgs/cmake/rosidl_cmake-extras.cmake
[15.585s] -- Installing: /home/dwd/Documents/project/esp_ws/install/micro_ros_msgs/share/micro_ros_msgs/cmake/ament_cmake_export_dependencies-extras.cmake
[15.585s] -- Installing: /home/dwd/Documents/project/esp_ws/install/micro_ros_msgs/share/micro_ros_msgs/cmake/ament_cmake_export_libraries-extras.cmake
[15.585s] -- Installing: /home/dwd/Documents/project/esp_ws/install/micro_ros_msgs/share/micro_ros_msgs/cmake/ament_cmake_export_targets-extras.cmake
[15.585s] -- Installing: /home/dwd/Documents/project/esp_ws/install/micro_ros_msgs/share/micro_ros_msgs/cmake/ament_cmake_export_include_directories-extras.cmake
[15.586s] -- Installing: /home/dwd/Documents/project/esp_ws/install/micro_ros_msgs/share/micro_ros_msgs/cmake/rosidl_cmake_export_typesupport_libraries-extras.cmake
[15.586s] -- Installing: /home/dwd/Documents/project/esp_ws/install/micro_ros_msgs/share/micro_ros_msgs/cmake/rosidl_cmake_export_typesupport_targets-extras.cmake
[15.586s] -- Installing: /home/dwd/Documents/project/esp_ws/install/micro_ros_msgs/share/micro_ros_msgs/cmake/micro_ros_msgsConfig.cmake
[15.586s] -- Installing: /home/dwd/Documents/project/esp_ws/install/micro_ros_msgs/share/micro_ros_msgs/cmake/micro_ros_msgsConfig-version.cmake
[15.586s] -- Installing: /home/dwd/Documents/project/esp_ws/install/micro_ros_msgs/share/micro_ros_msgs/package.xml
[15.590s] Invoked command in '/home/dwd/Documents/project/esp_ws/build/micro_ros_msgs' returned '0': CMAKE_PREFIX_PATH=${CMAKE_PREFIX_PATH}:/opt/ros/foxy /bin/cmake --install /home/dwd/Documents/project/esp_ws/build/micro_ros_msgs
