[0.827s] Invoking command in '/home/dwd/Documents/project/esp_ws/build/micro_ros_msgs': CMAKE_PREFIX_PATH=${CMAKE_PREFIX_PATH}:/opt/ros/foxy /bin/cmake /home/dwd/Documents/project/esp_ws/src/uros/micro_ros_msgs -DCMAKE_INSTALL_PREFIX=/home/dwd/Documents/project/esp_ws/install/micro_ros_msgs
[7.167s] -- Found ament_cmake: 0.9.12 (/opt/ros/foxy/share/ament_cmake/cmake)
[7.629s] -- Found PythonInterp: /bin/python3 (found suitable version "3.8.10", minimum required is "3") 
[7.630s] -- Using PYTHON_EXECUTABLE: /bin/python3
[11.131s] -- Found rosidl_default_generators: 1.0.1 (/opt/ros/foxy/share/rosidl_default_generators/cmake)
[11.690s] -- Using all available rosidl_typesupport_c: rosidl_typesupport_fastrtps_c;rosidl_typesupport_introspection_c
[12.468s] -- Found rosidl_adapter: 1.3.1 (/opt/ros/foxy/share/rosidl_adapter/cmake)
[19.589s] -- Using all available rosidl_typesupport_cpp: rosidl_typesupport_fastrtps_cpp;rosidl_typesupport_introspection_cpp
[20.644s] -- Found ament_lint_auto: 0.9.8 (/opt/ros/foxy/share/ament_lint_auto/cmake)
[22.171s] -- Found PythonInterp: /bin/python3 (found version "3.8.10") 
[24.018s] -- Found ament_cmake_ros: 0.9.2 (/opt/ros/foxy/share/ament_cmake_ros/cmake)
[26.461s] -- Using all available rosidl_typesupport_c: rosidl_typesupport_fastrtps_c;rosidl_typesupport_introspection_c
[27.443s] -- Using all available rosidl_typesupport_cpp: rosidl_typesupport_fastrtps_cpp;rosidl_typesupport_introspection_cpp
[27.556s] -- Found PythonInterp: /bin/python3 (found suitable version "3.8.10", minimum required is "3.5") 
[27.615s] -- Found python_cmake_module: 0.8.1 (/opt/ros/foxy/share/python_cmake_module/cmake)
[28.493s] -- Using PYTHON_EXECUTABLE: /bin/python3
[28.493s] -- Using PYTHON_INCLUDE_DIRS: /usr/include/python3.8
[28.493s] -- Using PYTHON_LIBRARIES: /usr/lib/x86_64-linux-gnu/libpython3.8.so
[29.803s] -- Added test 'copyright' to check source files copyright and LICENSE
[37.738s] -- Added test 'lint_cmake' to check CMake code style
[38.118s] -- Added test 'xmllint' to check XML markup files
[39.154s] -- Configuring done
[42.959s] -- Generating done
[43.082s] -- Build files have been written to: /home/dwd/Documents/project/esp_ws/build/micro_ros_msgs
[43.090s] Invoked command in '/home/dwd/Documents/project/esp_ws/build/micro_ros_msgs' returned '0': CMAKE_PREFIX_PATH=${CMAKE_PREFIX_PATH}:/opt/ros/foxy /bin/cmake /home/dwd/Documents/project/esp_ws/src/uros/micro_ros_msgs -DCMAKE_INSTALL_PREFIX=/home/dwd/Documents/project/esp_ws/install/micro_ros_msgs
[43.094s] Invoking command in '/home/dwd/Documents/project/esp_ws/build/micro_ros_msgs': CMAKE_PREFIX_PATH=${CMAKE_PREFIX_PATH}:/opt/ros/foxy /bin/cmake --build /home/dwd/Documents/project/esp_ws/build/micro_ros_msgs -- -j4 -l4
[43.773s] [  2%] Built target micro_ros_msgs__cpp
[44.098s] [ 12%] Built target micro_ros_msgs__rosidl_generator_c
[44.186s] [ 23%] Built target micro_ros_msgs__rosidl_typesupport_cpp
[44.187s] [ 34%] Built target micro_ros_msgs__rosidl_typesupport_fastrtps_cpp
[44.225s] [ 44%] Built target micro_ros_msgs__rosidl_typesupport_introspection_cpp
[44.303s] [ 55%] Built target micro_ros_msgs__rosidl_typesupport_introspection_c
[44.316s] [ 65%] Built target micro_ros_msgs__rosidl_typesupport_c
[44.334s] [ 76%] Built target micro_ros_msgs__rosidl_typesupport_fastrtps_c
[44.449s] [ 76%] Built target micro_ros_msgs
[44.483s] [ 78%] Built target micro_ros_msgs__py
[44.711s] [ 87%] Built target micro_ros_msgs__python
[45.088s] [ 95%] Built target micro_ros_msgs__rosidl_typesupport_c__pyext
[45.089s] [ 95%] Built target micro_ros_msgs__rosidl_typesupport_introspection_c__pyext
[45.089s] [100%] Built target micro_ros_msgs__rosidl_typesupport_fastrtps_c__pyext
[45.108s] Invoked command in '/home/dwd/Documents/project/esp_ws/build/micro_ros_msgs' returned '0': CMAKE_PREFIX_PATH=${CMAKE_PREFIX_PATH}:/opt/ros/foxy /bin/cmake --build /home/dwd/Documents/project/esp_ws/build/micro_ros_msgs -- -j4 -l4
[45.159s] Invoking command in '/home/dwd/Documents/project/esp_ws/build/micro_ros_msgs': CMAKE_PREFIX_PATH=${CMAKE_PREFIX_PATH}:/opt/ros/foxy /bin/cmake --install /home/dwd/Documents/project/esp_ws/build/micro_ros_msgs
[45.172s] -- Install configuration: ""
[45.173s] -- Up-to-date: /home/dwd/Documents/project/esp_ws/install/micro_ros_msgs/share/ament_index/resource_index/rosidl_interfaces/micro_ros_msgs
[45.173s] -- Up-to-date: /home/dwd/Documents/project/esp_ws/install/micro_ros_msgs/include/micro_ros_msgs
[45.173s] -- Up-to-date: /home/dwd/Documents/project/esp_ws/install/micro_ros_msgs/include/micro_ros_msgs/msg
[45.173s] -- Up-to-date: /home/dwd/Documents/project/esp_ws/install/micro_ros_msgs/include/micro_ros_msgs/msg/node.h
[45.173s] -- Up-to-date: /home/dwd/Documents/project/esp_ws/install/micro_ros_msgs/include/micro_ros_msgs/msg/entity.h
[45.173s] -- Up-to-date: /home/dwd/Documents/project/esp_ws/install/micro_ros_msgs/include/micro_ros_msgs/msg/rosidl_generator_c__visibility_control.h
[45.173s] -- Up-to-date: /home/dwd/Documents/project/esp_ws/install/micro_ros_msgs/include/micro_ros_msgs/msg/detail
[45.174s] -- Up-to-date: /home/dwd/Documents/project/esp_ws/install/micro_ros_msgs/include/micro_ros_msgs/msg/detail/node__type_support.h
[45.174s] -- Up-to-date: /home/dwd/Documents/project/esp_ws/install/micro_ros_msgs/include/micro_ros_msgs/msg/detail/graph__type_support.h
[45.174s] -- Up-to-date: /home/dwd/Documents/project/esp_ws/install/micro_ros_msgs/include/micro_ros_msgs/msg/detail/node__functions.c
[45.174s] -- Up-to-date: /home/dwd/Documents/project/esp_ws/install/micro_ros_msgs/include/micro_ros_msgs/msg/detail/graph__functions.h
[45.174s] -- Up-to-date: /home/dwd/Documents/project/esp_ws/install/micro_ros_msgs/include/micro_ros_msgs/msg/detail/graph__struct.h
[45.174s] -- Up-to-date: /home/dwd/Documents/project/esp_ws/install/micro_ros_msgs/include/micro_ros_msgs/msg/detail/node__struct.h
[45.174s] -- Up-to-date: /home/dwd/Documents/project/esp_ws/install/micro_ros_msgs/include/micro_ros_msgs/msg/detail/node__functions.h
[45.174s] -- Up-to-date: /home/dwd/Documents/project/esp_ws/install/micro_ros_msgs/include/micro_ros_msgs/msg/detail/entity__functions.h
[45.174s] -- Up-to-date: /home/dwd/Documents/project/esp_ws/install/micro_ros_msgs/include/micro_ros_msgs/msg/detail/entity__struct.h
[45.174s] -- Up-to-date: /home/dwd/Documents/project/esp_ws/install/micro_ros_msgs/include/micro_ros_msgs/msg/detail/entity__type_support.h
[45.174s] -- Up-to-date: /home/dwd/Documents/project/esp_ws/install/micro_ros_msgs/include/micro_ros_msgs/msg/detail/entity__functions.c
[45.174s] -- Up-to-date: /home/dwd/Documents/project/esp_ws/install/micro_ros_msgs/include/micro_ros_msgs/msg/detail/graph__functions.c
[45.175s] -- Up-to-date: /home/dwd/Documents/project/esp_ws/install/micro_ros_msgs/include/micro_ros_msgs/msg/graph.h
[45.175s] -- Up-to-date: /home/dwd/Documents/project/esp_ws/install/micro_ros_msgs/share/micro_ros_msgs/environment/library_path.sh
[45.175s] -- Installing: /home/dwd/Documents/project/esp_ws/install/micro_ros_msgs/share/micro_ros_msgs/environment/library_path.dsv
[45.282s] -- Up-to-date: /home/dwd/Documents/project/esp_ws/install/micro_ros_msgs/lib/libmicro_ros_msgs__rosidl_generator_c.so
[45.282s] -- Up-to-date: /home/dwd/Documents/project/esp_ws/install/micro_ros_msgs/include/micro_ros_msgs
[45.282s] -- Up-to-date: /home/dwd/Documents/project/esp_ws/install/micro_ros_msgs/include/micro_ros_msgs/msg
[45.282s] -- Up-to-date: /home/dwd/Documents/project/esp_ws/install/micro_ros_msgs/include/micro_ros_msgs/msg/rosidl_typesupport_fastrtps_c__visibility_control.h
[45.282s] -- Up-to-date: /home/dwd/Documents/project/esp_ws/install/micro_ros_msgs/include/micro_ros_msgs/msg/detail
[45.282s] -- Up-to-date: /home/dwd/Documents/project/esp_ws/install/micro_ros_msgs/include/micro_ros_msgs/msg/detail/entity__rosidl_typesupport_fastrtps_c.h
[45.283s] -- Up-to-date: /home/dwd/Documents/project/esp_ws/install/micro_ros_msgs/include/micro_ros_msgs/msg/detail/graph__rosidl_typesupport_fastrtps_c.h
[45.283s] -- Up-to-date: /home/dwd/Documents/project/esp_ws/install/micro_ros_msgs/include/micro_ros_msgs/msg/detail/node__rosidl_typesupport_fastrtps_c.h
[45.393s] -- Up-to-date: /home/dwd/Documents/project/esp_ws/install/micro_ros_msgs/lib/libmicro_ros_msgs__rosidl_typesupport_fastrtps_c.so
[45.393s] -- Up-to-date: /home/dwd/Documents/project/esp_ws/install/micro_ros_msgs/include/micro_ros_msgs
[45.394s] -- Up-to-date: /home/dwd/Documents/project/esp_ws/install/micro_ros_msgs/include/micro_ros_msgs/msg
[45.394s] -- Up-to-date: /home/dwd/Documents/project/esp_ws/install/micro_ros_msgs/include/micro_ros_msgs/msg/detail
[45.394s] -- Up-to-date: /home/dwd/Documents/project/esp_ws/install/micro_ros_msgs/include/micro_ros_msgs/msg/detail/node__rosidl_typesupport_fastrtps_cpp.hpp
[45.394s] -- Up-to-date: /home/dwd/Documents/project/esp_ws/install/micro_ros_msgs/include/micro_ros_msgs/msg/detail/entity__rosidl_typesupport_fastrtps_cpp.hpp
[45.394s] -- Up-to-date: /home/dwd/Documents/project/esp_ws/install/micro_ros_msgs/include/micro_ros_msgs/msg/detail/graph__rosidl_typesupport_fastrtps_cpp.hpp
[45.394s] -- Up-to-date: /home/dwd/Documents/project/esp_ws/install/micro_ros_msgs/include/micro_ros_msgs/msg/detail/dds_fastrtps
[45.395s] -- Up-to-date: /home/dwd/Documents/project/esp_ws/install/micro_ros_msgs/include/micro_ros_msgs/msg/rosidl_typesupport_fastrtps_cpp__visibility_control.h
[45.536s] -- Up-to-date: /home/dwd/Documents/project/esp_ws/install/micro_ros_msgs/lib/libmicro_ros_msgs__rosidl_typesupport_fastrtps_cpp.so
[45.537s] -- Up-to-date: /home/dwd/Documents/project/esp_ws/install/micro_ros_msgs/include/micro_ros_msgs
[45.537s] -- Up-to-date: /home/dwd/Documents/project/esp_ws/install/micro_ros_msgs/include/micro_ros_msgs/msg
[45.537s] -- Up-to-date: /home/dwd/Documents/project/esp_ws/install/micro_ros_msgs/include/micro_ros_msgs/msg/rosidl_typesupport_introspection_c__visibility_control.h
[45.537s] -- Up-to-date: /home/dwd/Documents/project/esp_ws/install/micro_ros_msgs/include/micro_ros_msgs/msg/detail
[45.537s] -- Up-to-date: /home/dwd/Documents/project/esp_ws/install/micro_ros_msgs/include/micro_ros_msgs/msg/detail/graph__type_support.c
[45.537s] -- Up-to-date: /home/dwd/Documents/project/esp_ws/install/micro_ros_msgs/include/micro_ros_msgs/msg/detail/node__rosidl_typesupport_introspection_c.h
[45.537s] -- Up-to-date: /home/dwd/Documents/project/esp_ws/install/micro_ros_msgs/include/micro_ros_msgs/msg/detail/node__type_support.c
[45.537s] -- Up-to-date: /home/dwd/Documents/project/esp_ws/install/micro_ros_msgs/include/micro_ros_msgs/msg/detail/entity__type_support.c
[45.537s] -- Up-to-date: /home/dwd/Documents/project/esp_ws/install/micro_ros_msgs/include/micro_ros_msgs/msg/detail/graph__rosidl_typesupport_introspection_c.h
[45.538s] -- Up-to-date: /home/dwd/Documents/project/esp_ws/install/micro_ros_msgs/include/micro_ros_msgs/msg/detail/entity__rosidl_typesupport_introspection_c.h
[45.570s] -- Up-to-date: /home/dwd/Documents/project/esp_ws/install/micro_ros_msgs/lib/libmicro_ros_msgs__rosidl_typesupport_introspection_c.so
[45.614s] -- Up-to-date: /home/dwd/Documents/project/esp_ws/install/micro_ros_msgs/lib/libmicro_ros_msgs__rosidl_typesupport_c.so
[45.615s] -- Up-to-date: /home/dwd/Documents/project/esp_ws/install/micro_ros_msgs/include/micro_ros_msgs
[45.615s] -- Up-to-date: /home/dwd/Documents/project/esp_ws/install/micro_ros_msgs/include/micro_ros_msgs/msg
[45.615s] -- Up-to-date: /home/dwd/Documents/project/esp_ws/install/micro_ros_msgs/include/micro_ros_msgs/msg/graph.hpp
[45.615s] -- Up-to-date: /home/dwd/Documents/project/esp_ws/install/micro_ros_msgs/include/micro_ros_msgs/msg/rosidl_generator_cpp__visibility_control.hpp
[45.615s] -- Up-to-date: /home/dwd/Documents/project/esp_ws/install/micro_ros_msgs/include/micro_ros_msgs/msg/entity.hpp
[45.616s] -- Up-to-date: /home/dwd/Documents/project/esp_ws/install/micro_ros_msgs/include/micro_ros_msgs/msg/node.hpp
[45.616s] -- Up-to-date: /home/dwd/Documents/project/esp_ws/install/micro_ros_msgs/include/micro_ros_msgs/msg/detail
[45.616s] -- Up-to-date: /home/dwd/Documents/project/esp_ws/install/micro_ros_msgs/include/micro_ros_msgs/msg/detail/graph__type_support.hpp
[45.616s] -- Up-to-date: /home/dwd/Documents/project/esp_ws/install/micro_ros_msgs/include/micro_ros_msgs/msg/detail/entity__type_support.hpp
[45.616s] -- Up-to-date: /home/dwd/Documents/project/esp_ws/install/micro_ros_msgs/include/micro_ros_msgs/msg/detail/entity__struct.hpp
[45.616s] -- Up-to-date: /home/dwd/Documents/project/esp_ws/install/micro_ros_msgs/include/micro_ros_msgs/msg/detail/node__type_support.hpp
[45.616s] -- Up-to-date: /home/dwd/Documents/project/esp_ws/install/micro_ros_msgs/include/micro_ros_msgs/msg/detail/node__traits.hpp
[45.616s] -- Up-to-date: /home/dwd/Documents/project/esp_ws/install/micro_ros_msgs/include/micro_ros_msgs/msg/detail/node__struct.hpp
[45.616s] -- Up-to-date: /home/dwd/Documents/project/esp_ws/install/micro_ros_msgs/include/micro_ros_msgs/msg/detail/graph__traits.hpp
[45.616s] -- Up-to-date: /home/dwd/Documents/project/esp_ws/install/micro_ros_msgs/include/micro_ros_msgs/msg/detail/entity__traits.hpp
[45.616s] -- Up-to-date: /home/dwd/Documents/project/esp_ws/install/micro_ros_msgs/include/micro_ros_msgs/msg/detail/graph__builder.hpp
[45.617s] -- Up-to-date: /home/dwd/Documents/project/esp_ws/install/micro_ros_msgs/include/micro_ros_msgs/msg/detail/node__builder.hpp
[45.617s] -- Up-to-date: /home/dwd/Documents/project/esp_ws/install/micro_ros_msgs/include/micro_ros_msgs/msg/detail/entity__builder.hpp
[45.617s] -- Up-to-date: /home/dwd/Documents/project/esp_ws/install/micro_ros_msgs/include/micro_ros_msgs/msg/detail/graph__struct.hpp
[45.617s] -- Up-to-date: /home/dwd/Documents/project/esp_ws/install/micro_ros_msgs/include/micro_ros_msgs
[45.617s] -- Up-to-date: /home/dwd/Documents/project/esp_ws/install/micro_ros_msgs/include/micro_ros_msgs/msg
[45.617s] -- Up-to-date: /home/dwd/Documents/project/esp_ws/install/micro_ros_msgs/include/micro_ros_msgs/msg/detail
[45.617s] -- Up-to-date: /home/dwd/Documents/project/esp_ws/install/micro_ros_msgs/include/micro_ros_msgs/msg/detail/node__rosidl_typesupport_introspection_cpp.hpp
[45.617s] -- Up-to-date: /home/dwd/Documents/project/esp_ws/install/micro_ros_msgs/include/micro_ros_msgs/msg/detail/entity__rosidl_typesupport_introspection_cpp.hpp
[45.617s] -- Up-to-date: /home/dwd/Documents/project/esp_ws/install/micro_ros_msgs/include/micro_ros_msgs/msg/detail/node__type_support.cpp
[45.618s] -- Up-to-date: /home/dwd/Documents/project/esp_ws/install/micro_ros_msgs/include/micro_ros_msgs/msg/detail/graph__type_support.cpp
[45.618s] -- Up-to-date: /home/dwd/Documents/project/esp_ws/install/micro_ros_msgs/include/micro_ros_msgs/msg/detail/entity__type_support.cpp
[45.618s] -- Up-to-date: /home/dwd/Documents/project/esp_ws/install/micro_ros_msgs/include/micro_ros_msgs/msg/detail/graph__rosidl_typesupport_introspection_cpp.hpp
[45.758s] -- Up-to-date: /home/dwd/Documents/project/esp_ws/install/micro_ros_msgs/lib/libmicro_ros_msgs__rosidl_typesupport_introspection_cpp.so
[45.782s] -- Up-to-date: /home/dwd/Documents/project/esp_ws/install/micro_ros_msgs/lib/libmicro_ros_msgs__rosidl_typesupport_cpp.so
[45.782s] -- Up-to-date: /home/dwd/Documents/project/esp_ws/install/micro_ros_msgs/share/micro_ros_msgs/environment/pythonpath.sh
[45.782s] -- Installing: /home/dwd/Documents/project/esp_ws/install/micro_ros_msgs/share/micro_ros_msgs/environment/pythonpath.dsv
[45.782s] -- Installing: /home/dwd/Documents/project/esp_ws/install/micro_ros_msgs/lib/python3.8/site-packages/micro_ros_msgs/__init__.py
[45.883s] Compiling '/home/dwd/Documents/project/esp_ws/install/micro_ros_msgs/lib/python3.8/site-packages/micro_ros_msgs/__init__.py'...
[45.891s] -- Up-to-date: /home/dwd/Documents/project/esp_ws/install/micro_ros_msgs/lib/python3.8/site-packages/micro_ros_msgs/msg
[45.891s] -- Up-to-date: /home/dwd/Documents/project/esp_ws/install/micro_ros_msgs/lib/python3.8/site-packages/micro_ros_msgs/msg/__init__.py
[45.891s] -- Up-to-date: /home/dwd/Documents/project/esp_ws/install/micro_ros_msgs/lib/python3.8/site-packages/micro_ros_msgs/msg/_entity.py
[45.891s] -- Up-to-date: /home/dwd/Documents/project/esp_ws/install/micro_ros_msgs/lib/python3.8/site-packages/micro_ros_msgs/msg/_graph_s.c
[45.892s] -- Up-to-date: /home/dwd/Documents/project/esp_ws/install/micro_ros_msgs/lib/python3.8/site-packages/micro_ros_msgs/msg/_graph.py
[45.892s] -- Up-to-date: /home/dwd/Documents/project/esp_ws/install/micro_ros_msgs/lib/python3.8/site-packages/micro_ros_msgs/msg/_entity_s.c
[45.892s] -- Up-to-date: /home/dwd/Documents/project/esp_ws/install/micro_ros_msgs/lib/python3.8/site-packages/micro_ros_msgs/msg/_node.py
[45.893s] -- Up-to-date: /home/dwd/Documents/project/esp_ws/install/micro_ros_msgs/lib/python3.8/site-packages/micro_ros_msgs/msg/_node_s.c
[45.949s] -- Up-to-date: /home/dwd/Documents/project/esp_ws/install/micro_ros_msgs/lib/python3.8/site-packages/micro_ros_msgs/micro_ros_msgs_s__rosidl_typesupport_fastrtps_c.cpython-38-x86_64-linux-gnu.so
[46.002s] -- Up-to-date: /home/dwd/Documents/project/esp_ws/install/micro_ros_msgs/lib/python3.8/site-packages/micro_ros_msgs/micro_ros_msgs_s__rosidl_typesupport_introspection_c.cpython-38-x86_64-linux-gnu.so
[46.058s] -- Up-to-date: /home/dwd/Documents/project/esp_ws/install/micro_ros_msgs/lib/python3.8/site-packages/micro_ros_msgs/micro_ros_msgs_s__rosidl_typesupport_c.cpython-38-x86_64-linux-gnu.so
[46.213s] -- Up-to-date: /home/dwd/Documents/project/esp_ws/install/micro_ros_msgs/lib/libmicro_ros_msgs__python.so
[46.214s] -- Up-to-date: /home/dwd/Documents/project/esp_ws/install/micro_ros_msgs/share/micro_ros_msgs/msg/Graph.idl
[46.214s] -- Up-to-date: /home/dwd/Documents/project/esp_ws/install/micro_ros_msgs/share/micro_ros_msgs/msg/Node.idl
[46.215s] -- Up-to-date: /home/dwd/Documents/project/esp_ws/install/micro_ros_msgs/share/micro_ros_msgs/msg/Entity.idl
[46.215s] -- Up-to-date: /home/dwd/Documents/project/esp_ws/install/micro_ros_msgs/share/micro_ros_msgs/msg/Graph.msg
[46.215s] -- Up-to-date: /home/dwd/Documents/project/esp_ws/install/micro_ros_msgs/share/micro_ros_msgs/msg/Node.msg
[46.216s] -- Up-to-date: /home/dwd/Documents/project/esp_ws/install/micro_ros_msgs/share/micro_ros_msgs/msg/Entity.msg
[46.216s] -- Up-to-date: /home/dwd/Documents/project/esp_ws/install/micro_ros_msgs/share/ament_index/resource_index/package_run_dependencies/micro_ros_msgs
[46.216s] -- Installing: /home/dwd/Documents/project/esp_ws/install/micro_ros_msgs/share/ament_index/resource_index/parent_prefix_path/micro_ros_msgs
[46.216s] -- Up-to-date: /home/dwd/Documents/project/esp_ws/install/micro_ros_msgs/share/micro_ros_msgs/environment/ament_prefix_path.sh
[46.217s] -- Installing: /home/dwd/Documents/project/esp_ws/install/micro_ros_msgs/share/micro_ros_msgs/environment/ament_prefix_path.dsv
[46.217s] -- Up-to-date: /home/dwd/Documents/project/esp_ws/install/micro_ros_msgs/share/micro_ros_msgs/environment/path.sh
[46.217s] -- Installing: /home/dwd/Documents/project/esp_ws/install/micro_ros_msgs/share/micro_ros_msgs/environment/path.dsv
[46.218s] -- Up-to-date: /home/dwd/Documents/project/esp_ws/install/micro_ros_msgs/share/micro_ros_msgs/local_setup.bash
[46.218s] -- Up-to-date: /home/dwd/Documents/project/esp_ws/install/micro_ros_msgs/share/micro_ros_msgs/local_setup.sh
[46.218s] -- Up-to-date: /home/dwd/Documents/project/esp_ws/install/micro_ros_msgs/share/micro_ros_msgs/local_setup.zsh
[46.219s] -- Installing: /home/dwd/Documents/project/esp_ws/install/micro_ros_msgs/share/micro_ros_msgs/local_setup.dsv
[46.219s] -- Installing: /home/dwd/Documents/project/esp_ws/install/micro_ros_msgs/share/micro_ros_msgs/package.dsv
[46.219s] -- Up-to-date: /home/dwd/Documents/project/esp_ws/install/micro_ros_msgs/share/ament_index/resource_index/packages/micro_ros_msgs
[46.250s] -- Up-to-date: /home/dwd/Documents/project/esp_ws/install/micro_ros_msgs/share/micro_ros_msgs/cmake/micro_ros_msgs__rosidl_generator_cExport.cmake
[46.252s] -- Installing: /home/dwd/Documents/project/esp_ws/install/micro_ros_msgs/share/micro_ros_msgs/cmake/micro_ros_msgs__rosidl_generator_cExport-noconfig.cmake
[46.333s] -- Up-to-date: /home/dwd/Documents/project/esp_ws/install/micro_ros_msgs/share/micro_ros_msgs/cmake/micro_ros_msgs__rosidl_typesupport_introspection_cExport.cmake
[46.333s] -- Installing: /home/dwd/Documents/project/esp_ws/install/micro_ros_msgs/share/micro_ros_msgs/cmake/micro_ros_msgs__rosidl_typesupport_introspection_cExport-noconfig.cmake
[46.371s] -- Up-to-date: /home/dwd/Documents/project/esp_ws/install/micro_ros_msgs/share/micro_ros_msgs/cmake/micro_ros_msgs__rosidl_typesupport_cExport.cmake
[46.372s] -- Installing: /home/dwd/Documents/project/esp_ws/install/micro_ros_msgs/share/micro_ros_msgs/cmake/micro_ros_msgs__rosidl_typesupport_cExport-noconfig.cmake
[46.521s] -- Up-to-date: /home/dwd/Documents/project/esp_ws/install/micro_ros_msgs/share/micro_ros_msgs/cmake/micro_ros_msgs__rosidl_generator_cppExport.cmake
[46.575s] -- Up-to-date: /home/dwd/Documents/project/esp_ws/install/micro_ros_msgs/share/micro_ros_msgs/cmake/micro_ros_msgs__rosidl_typesupport_introspection_cppExport.cmake
[46.576s] -- Installing: /home/dwd/Documents/project/esp_ws/install/micro_ros_msgs/share/micro_ros_msgs/cmake/micro_ros_msgs__rosidl_typesupport_introspection_cppExport-noconfig.cmake
[46.774s] -- Up-to-date: /home/dwd/Documents/project/esp_ws/install/micro_ros_msgs/share/micro_ros_msgs/cmake/micro_ros_msgs__rosidl_typesupport_cppExport.cmake
[46.775s] -- Installing: /home/dwd/Documents/project/esp_ws/install/micro_ros_msgs/share/micro_ros_msgs/cmake/micro_ros_msgs__rosidl_typesupport_cppExport-noconfig.cmake
[46.775s] -- Up-to-date: /home/dwd/Documents/project/esp_ws/install/micro_ros_msgs/share/micro_ros_msgs/cmake/rosidl_cmake-extras.cmake
[46.776s] -- Up-to-date: /home/dwd/Documents/project/esp_ws/install/micro_ros_msgs/share/micro_ros_msgs/cmake/ament_cmake_export_dependencies-extras.cmake
[46.776s] -- Up-to-date: /home/dwd/Documents/project/esp_ws/install/micro_ros_msgs/share/micro_ros_msgs/cmake/ament_cmake_export_libraries-extras.cmake
[46.776s] -- Up-to-date: /home/dwd/Documents/project/esp_ws/install/micro_ros_msgs/share/micro_ros_msgs/cmake/ament_cmake_export_targets-extras.cmake
[46.776s] -- Up-to-date: /home/dwd/Documents/project/esp_ws/install/micro_ros_msgs/share/micro_ros_msgs/cmake/ament_cmake_export_include_directories-extras.cmake
[46.777s] -- Up-to-date: /home/dwd/Documents/project/esp_ws/install/micro_ros_msgs/share/micro_ros_msgs/cmake/rosidl_cmake_export_typesupport_libraries-extras.cmake
[46.777s] -- Up-to-date: /home/dwd/Documents/project/esp_ws/install/micro_ros_msgs/share/micro_ros_msgs/cmake/rosidl_cmake_export_typesupport_targets-extras.cmake
[46.777s] -- Up-to-date: /home/dwd/Documents/project/esp_ws/install/micro_ros_msgs/share/micro_ros_msgs/cmake/micro_ros_msgsConfig.cmake
[46.777s] -- Up-to-date: /home/dwd/Documents/project/esp_ws/install/micro_ros_msgs/share/micro_ros_msgs/cmake/micro_ros_msgsConfig-version.cmake
[46.778s] -- Up-to-date: /home/dwd/Documents/project/esp_ws/install/micro_ros_msgs/share/micro_ros_msgs/package.xml
[46.783s] Invoked command in '/home/dwd/Documents/project/esp_ws/build/micro_ros_msgs' returned '0': CMAKE_PREFIX_PATH=${CMAKE_PREFIX_PATH}:/opt/ros/foxy /bin/cmake --install /home/dwd/Documents/project/esp_ws/build/micro_ros_msgs
