running egg_info
creating ../build/car_description/car_description.egg-info
writing ../build/car_description/car_description.egg-info/PKG-INFO
writing dependency_links to ../build/car_description/car_description.egg-info/dependency_links.txt
writing entry points to ../build/car_description/car_description.egg-info/entry_points.txt
writing requirements to ../build/car_description/car_description.egg-info/requires.txt
writing top-level names to ../build/car_description/car_description.egg-info/top_level.txt
writing manifest file '../build/car_description/car_description.egg-info/SOURCES.txt'
reading manifest file '../build/car_description/car_description.egg-info/SOURCES.txt'
writing manifest file '../build/car_description/car_description.egg-info/SOURCES.txt'
running build
running build_py
creating /home/dwd/Documents/project/esp_ws/build/car_description/build
creating /home/dwd/Documents/project/esp_ws/build/car_description/build/lib
creating /home/dwd/Documents/project/esp_ws/build/car_description/build/lib/car_description
copying car_description/__init__.py -> /home/dwd/Documents/project/esp_ws/build/car_description/build/lib/car_description
running install
running install_lib
creating /home/dwd/Documents/project/esp_ws/install/car_description/lib/python3.8/site-packages/car_description
copying /home/dwd/Documents/project/esp_ws/build/car_description/build/lib/car_description/__init__.py -> /home/dwd/Documents/project/esp_ws/install/car_description/lib/python3.8/site-packages/car_description
byte-compiling /home/dwd/Documents/project/esp_ws/install/car_description/lib/python3.8/site-packages/car_description/__init__.py to __init__.cpython-38.pyc
running install_data
creating /home/dwd/Documents/project/esp_ws/install/car_description/share
creating /home/dwd/Documents/project/esp_ws/install/car_description/share/ament_index
creating /home/dwd/Documents/project/esp_ws/install/car_description/share/ament_index/resource_index
creating /home/dwd/Documents/project/esp_ws/install/car_description/share/ament_index/resource_index/packages
copying resource/car_description -> /home/dwd/Documents/project/esp_ws/install/car_description/share/ament_index/resource_index/packages
creating /home/dwd/Documents/project/esp_ws/install/car_description/share/car_description
copying package.xml -> /home/dwd/Documents/project/esp_ws/install/car_description/share/car_description
creating /home/dwd/Documents/project/esp_ws/install/car_description/share/car_description/launch
creating /home/dwd/Documents/project/esp_ws/install/car_description/share/car_description/urdf
copying urdf/car_base.urdf -> /home/dwd/Documents/project/esp_ws/install/car_description/share/car_description/urdf
running install_egg_info
Copying ../build/car_description/car_description.egg-info to /home/dwd/Documents/project/esp_ws/install/car_description/lib/python3.8/site-packages/car_description-0.0.0-py3.8.egg-info
running install_scripts
writing list of installed files to '/home/dwd/Documents/project/esp_ws/build/car_description/install.log'
