[12.953s] Invoking command in '/home/dwd/Documents/project/esp_ws/car_description': PYTHONPATH=/home/dwd/Documents/project/esp_ws/build/car_description/prefix_override:/usr/lib/python3/dist-packages/colcon_core/task/python/colcon_distutils_commands:/home/dwd/Documents/project/esp_ws/install/car_description/lib/python3.8/site-packages:${PYTHONPATH} /usr/bin/python3 -W ignore:setup.py install is deprecated -W ignore:easy_install command is deprecated setup.py egg_info --egg-base ../build/car_description build --build-base /home/dwd/Documents/project/esp_ws/build/car_description/build install --record /home/dwd/Documents/project/esp_ws/build/car_description/install.log --install-scripts $base/lib/car_description --single-version-externally-managed install_data
[13.280s] running egg_info
[13.280s] creating ../build/car_description/car_description.egg-info
[13.280s] writing ../build/car_description/car_description.egg-info/PKG-INFO
[13.281s] writing dependency_links to ../build/car_description/car_description.egg-info/dependency_links.txt
[13.281s] writing entry points to ../build/car_description/car_description.egg-info/entry_points.txt
[13.281s] writing requirements to ../build/car_description/car_description.egg-info/requires.txt
[13.281s] writing top-level names to ../build/car_description/car_description.egg-info/top_level.txt
[13.341s] writing manifest file '../build/car_description/car_description.egg-info/SOURCES.txt'
[13.399s] reading manifest file '../build/car_description/car_description.egg-info/SOURCES.txt'
[13.400s] writing manifest file '../build/car_description/car_description.egg-info/SOURCES.txt'
[13.400s] running build
[13.400s] running build_py
[13.400s] creating /home/dwd/Documents/project/esp_ws/build/car_description/build
[13.400s] creating /home/dwd/Documents/project/esp_ws/build/car_description/build/lib
[13.400s] creating /home/dwd/Documents/project/esp_ws/build/car_description/build/lib/car_description
[13.401s] copying car_description/__init__.py -> /home/dwd/Documents/project/esp_ws/build/car_description/build/lib/car_description
[13.401s] running install
[13.401s] running install_lib
[13.402s] creating /home/dwd/Documents/project/esp_ws/install/car_description/lib/python3.8/site-packages/car_description
[13.403s] copying /home/dwd/Documents/project/esp_ws/build/car_description/build/lib/car_description/__init__.py -> /home/dwd/Documents/project/esp_ws/install/car_description/lib/python3.8/site-packages/car_description
[13.403s] byte-compiling /home/dwd/Documents/project/esp_ws/install/car_description/lib/python3.8/site-packages/car_description/__init__.py to __init__.cpython-38.pyc
[13.404s] running install_data
[13.405s] creating /home/dwd/Documents/project/esp_ws/install/car_description/share
[13.405s] creating /home/dwd/Documents/project/esp_ws/install/car_description/share/ament_index
[13.405s] creating /home/dwd/Documents/project/esp_ws/install/car_description/share/ament_index/resource_index
[13.405s] creating /home/dwd/Documents/project/esp_ws/install/car_description/share/ament_index/resource_index/packages
[13.405s] copying resource/car_description -> /home/dwd/Documents/project/esp_ws/install/car_description/share/ament_index/resource_index/packages
[13.405s] creating /home/dwd/Documents/project/esp_ws/install/car_description/share/car_description
[13.405s] copying package.xml -> /home/dwd/Documents/project/esp_ws/install/car_description/share/car_description
[13.405s] creating /home/dwd/Documents/project/esp_ws/install/car_description/share/car_description/launch
[13.405s] creating /home/dwd/Documents/project/esp_ws/install/car_description/share/car_description/urdf
[13.405s] copying urdf/car_base.urdf -> /home/dwd/Documents/project/esp_ws/install/car_description/share/car_description/urdf
[13.434s] running install_egg_info
[13.439s] Copying ../build/car_description/car_description.egg-info to /home/dwd/Documents/project/esp_ws/install/car_description/lib/python3.8/site-packages/car_description-0.0.0-py3.8.egg-info
[13.442s] running install_scripts
[13.474s] writing list of installed files to '/home/dwd/Documents/project/esp_ws/build/car_description/install.log'
[13.497s] Invoked command in '/home/dwd/Documents/project/esp_ws/car_description' returned '0': PYTHONPATH=/home/dwd/Documents/project/esp_ws/build/car_description/prefix_override:/usr/lib/python3/dist-packages/colcon_core/task/python/colcon_distutils_commands:/home/dwd/Documents/project/esp_ws/install/car_description/lib/python3.8/site-packages:${PYTHONPATH} /usr/bin/python3 -W ignore:setup.py install is deprecated -W ignore:easy_install command is deprecated setup.py egg_info --egg-base ../build/car_description build --build-base /home/dwd/Documents/project/esp_ws/build/car_description/build install --record /home/dwd/Documents/project/esp_ws/build/car_description/install.log --install-scripts $base/lib/car_description --single-version-externally-managed install_data
