[1.446s] Invoking command in '/home/dwd/Documents/project/esp_ws/build/micro_ros_setup': CMAKE_PREFIX_PATH=${CMAKE_PREFIX_PATH}:/opt/ros/foxy /bin/cmake --build /home/dwd/Documents/project/esp_ws/build/micro_ros_setup -- -j4 -l4
[7.359s] Invoked command in '/home/dwd/Documents/project/esp_ws/build/micro_ros_setup' returned '0': CMAKE_PREFIX_PATH=${CMAKE_PREFIX_PATH}:/opt/ros/foxy /bin/cmake --build /home/dwd/Documents/project/esp_ws/build/micro_ros_setup -- -j4 -l4
[7.418s] Invoking command in '/home/dwd/Documents/project/esp_ws/build/micro_ros_setup': CMAKE_PREFIX_PATH=${CMAKE_PREFIX_PATH}:/opt/ros/foxy /bin/cmake --install /home/dwd/Documents/project/esp_ws/build/micro_ros_setup
[7.463s] -- Install configuration: ""
[7.463s] -- Up-to-date: /home/dwd/Documents/project/esp_ws/install/micro_ros_setup/share/ament_index/resource_index/package_run_dependencies/micro_ros_setup
[7.463s] -- Up-to-date: /home/dwd/Documents/project/esp_ws/install/micro_ros_setup/share/ament_index/resource_index/parent_prefix_path/micro_ros_setup
[7.464s] -- Up-to-date: /home/dwd/Documents/project/esp_ws/install/micro_ros_setup/share/micro_ros_setup/environment/ament_prefix_path.sh
[7.464s] -- Up-to-date: /home/dwd/Documents/project/esp_ws/install/micro_ros_setup/share/micro_ros_setup/environment/ament_prefix_path.dsv
[7.464s] -- Up-to-date: /home/dwd/Documents/project/esp_ws/install/micro_ros_setup/share/micro_ros_setup/environment/path.sh
[7.464s] -- Up-to-date: /home/dwd/Documents/project/esp_ws/install/micro_ros_setup/share/micro_ros_setup/environment/path.dsv
[7.464s] -- Up-to-date: /home/dwd/Documents/project/esp_ws/install/micro_ros_setup/share/micro_ros_setup/local_setup.bash
[7.464s] -- Up-to-date: /home/dwd/Documents/project/esp_ws/install/micro_ros_setup/share/micro_ros_setup/local_setup.sh
[7.464s] -- Up-to-date: /home/dwd/Documents/project/esp_ws/install/micro_ros_setup/share/micro_ros_setup/local_setup.zsh
[7.464s] -- Up-to-date: /home/dwd/Documents/project/esp_ws/install/micro_ros_setup/share/micro_ros_setup/local_setup.dsv
[7.464s] -- Installing: /home/dwd/Documents/project/esp_ws/install/micro_ros_setup/share/micro_ros_setup/package.dsv
[7.473s] -- Up-to-date: /home/dwd/Documents/project/esp_ws/install/micro_ros_setup/share/ament_index/resource_index/packages/micro_ros_setup
[7.473s] -- Up-to-date: /home/dwd/Documents/project/esp_ws/install/micro_ros_setup/share/micro_ros_setup/cmake/micro_ros_setupConfig.cmake
[7.474s] -- Up-to-date: /home/dwd/Documents/project/esp_ws/install/micro_ros_setup/share/micro_ros_setup/cmake/micro_ros_setupConfig-version.cmake
[7.474s] -- Up-to-date: /home/dwd/Documents/project/esp_ws/install/micro_ros_setup/share/micro_ros_setup/package.xml
[7.474s] -- Up-to-date: /home/dwd/Documents/project/esp_ws/install/micro_ros_setup/./config
[7.474s] -- Up-to-date: /home/dwd/Documents/project/esp_ws/install/micro_ros_setup/./config/nuttx
[7.474s] -- Up-to-date: /home/dwd/Documents/project/esp_ws/install/micro_ros_setup/./config/nuttx/dev_ros2_packages.txt
[7.474s] -- Up-to-date: /home/dwd/Documents/project/esp_ws/install/micro_ros_setup/./config/nuttx/dev_uros_packages.repos
[7.474s] -- Up-to-date: /home/dwd/Documents/project/esp_ws/install/micro_ros_setup/./config/nuttx/generic
[7.475s] -- Up-to-date: /home/dwd/Documents/project/esp_ws/install/micro_ros_setup/./config/nuttx/generic/client-colcon.meta
[7.475s] -- Up-to-date: /home/dwd/Documents/project/esp_ws/install/micro_ros_setup/./config/nuttx/generic/create.sh
[7.475s] -- Up-to-date: /home/dwd/Documents/project/esp_ws/install/micro_ros_setup/./config/nuttx/generic/configure.sh
[7.475s] -- Up-to-date: /home/dwd/Documents/project/esp_ws/install/micro_ros_setup/./config/nuttx/generic/package.xml
[7.475s] -- Up-to-date: /home/dwd/Documents/project/esp_ws/install/micro_ros_setup/./config/nuttx/generic/reset.sh
[7.475s] -- Up-to-date: /home/dwd/Documents/project/esp_ws/install/micro_ros_setup/./config/nuttx/generic/client_uros_packages.repos
[7.476s] -- Up-to-date: /home/dwd/Documents/project/esp_ws/install/micro_ros_setup/./config/nuttx/generic/supported_platforms
[7.476s] -- Up-to-date: /home/dwd/Documents/project/esp_ws/install/micro_ros_setup/./config/nuttx/generic/uros_packages.repos
[7.476s] -- Up-to-date: /home/dwd/Documents/project/esp_ws/install/micro_ros_setup/./config/nuttx/generic/flash.sh
[7.476s] -- Up-to-date: /home/dwd/Documents/project/esp_ws/install/micro_ros_setup/./config/nuttx/generic/build.sh
[7.476s] -- Up-to-date: /home/dwd/Documents/project/esp_ws/install/micro_ros_setup/./config/host
[7.476s] -- Up-to-date: /home/dwd/Documents/project/esp_ws/install/micro_ros_setup/./config/host/client_ros2_packages.txt
[7.476s] -- Up-to-date: /home/dwd/Documents/project/esp_ws/install/micro_ros_setup/./config/host/dev_ros2_packages.txt
[7.477s] -- Up-to-date: /home/dwd/Documents/project/esp_ws/install/micro_ros_setup/./config/host/dev_uros_packages.repos
[7.477s] -- Up-to-date: /home/dwd/Documents/project/esp_ws/install/micro_ros_setup/./config/host/generic
[7.477s] -- Up-to-date: /home/dwd/Documents/project/esp_ws/install/micro_ros_setup/./config/host/generic/client_host_packages.repos
[7.477s] -- Up-to-date: /home/dwd/Documents/project/esp_ws/install/micro_ros_setup/./config/host/generic/client-host-colcon.meta
[7.477s] -- Up-to-date: /home/dwd/Documents/project/esp_ws/install/micro_ros_setup/./config/host/generic/create.sh
[7.477s] -- Up-to-date: /home/dwd/Documents/project/esp_ws/install/micro_ros_setup/./config/host/generic/package.xml
[7.478s] -- Up-to-date: /home/dwd/Documents/project/esp_ws/install/micro_ros_setup/./config/host/generic/reset.sh
[7.478s] -- Up-to-date: /home/dwd/Documents/project/esp_ws/install/micro_ros_setup/./config/host/generic/flash.sh
[7.478s] -- Up-to-date: /home/dwd/Documents/project/esp_ws/install/micro_ros_setup/./config/host/generic/build.sh
[7.478s] -- Up-to-date: /home/dwd/Documents/project/esp_ws/install/micro_ros_setup/./config/generate_lib
[7.478s] -- Up-to-date: /home/dwd/Documents/project/esp_ws/install/micro_ros_setup/./config/generate_lib/dev_ros2_packages.txt
[7.478s] -- Up-to-date: /home/dwd/Documents/project/esp_ws/install/micro_ros_setup/./config/generate_lib/dev_uros_packages.repos
[7.478s] -- Up-to-date: /home/dwd/Documents/project/esp_ws/install/micro_ros_setup/./config/generate_lib/generic
[7.479s] -- Up-to-date: /home/dwd/Documents/project/esp_ws/install/micro_ros_setup/./config/generate_lib/generic/client-colcon.meta
[7.479s] -- Up-to-date: /home/dwd/Documents/project/esp_ws/install/micro_ros_setup/./config/generate_lib/generic/create.sh
[7.479s] -- Up-to-date: /home/dwd/Documents/project/esp_ws/install/micro_ros_setup/./config/generate_lib/generic/package.xml
[7.479s] -- Up-to-date: /home/dwd/Documents/project/esp_ws/install/micro_ros_setup/./config/generate_lib/generic/demo_toolchain.cmake
[7.479s] -- Up-to-date: /home/dwd/Documents/project/esp_ws/install/micro_ros_setup/./config/generate_lib/generic/client_uros_packages.repos
[7.479s] -- Up-to-date: /home/dwd/Documents/project/esp_ws/install/micro_ros_setup/./config/generate_lib/generic/flash.sh
[7.479s] -- Up-to-date: /home/dwd/Documents/project/esp_ws/install/micro_ros_setup/./config/generate_lib/generic/build.sh
[7.479s] -- Up-to-date: /home/dwd/Documents/project/esp_ws/install/micro_ros_setup/./config/freertos
[7.479s] -- Up-to-date: /home/dwd/Documents/project/esp_ws/install/micro_ros_setup/./config/freertos/esp32
[7.479s] -- Up-to-date: /home/dwd/Documents/project/esp_ws/install/micro_ros_setup/./config/freertos/esp32/client-colcon.meta
[7.480s] -- Up-to-date: /home/dwd/Documents/project/esp_ws/install/micro_ros_setup/./config/freertos/esp32/create.sh
[7.480s] -- Up-to-date: /home/dwd/Documents/project/esp_ws/install/micro_ros_setup/./config/freertos/esp32/configure.sh
[7.480s] -- Up-to-date: /home/dwd/Documents/project/esp_ws/install/micro_ros_setup/./config/freertos/esp32/package.xml
[7.480s] -- Up-to-date: /home/dwd/Documents/project/esp_ws/install/micro_ros_setup/./config/freertos/esp32/client_uros_packages.repos
[7.480s] -- Up-to-date: /home/dwd/Documents/project/esp_ws/install/micro_ros_setup/./config/freertos/esp32/board.repos
[7.480s] -- Up-to-date: /home/dwd/Documents/project/esp_ws/install/micro_ros_setup/./config/freertos/esp32/README.md
[7.480s] -- Up-to-date: /home/dwd/Documents/project/esp_ws/install/micro_ros_setup/./config/freertos/esp32/flash.sh
[7.480s] -- Up-to-date: /home/dwd/Documents/project/esp_ws/install/micro_ros_setup/./config/freertos/esp32/build.sh
[7.480s] -- Up-to-date: /home/dwd/Documents/project/esp_ws/install/micro_ros_setup/./config/freertos/crazyflie21
[7.480s] -- Up-to-date: /home/dwd/Documents/project/esp_ws/install/micro_ros_setup/./config/freertos/crazyflie21/client-colcon.meta
[7.481s] -- Up-to-date: /home/dwd/Documents/project/esp_ws/install/micro_ros_setup/./config/freertos/crazyflie21/create.sh
[7.481s] -- Up-to-date: /home/dwd/Documents/project/esp_ws/install/micro_ros_setup/./config/freertos/crazyflie21/configure.sh
[7.481s] -- Up-to-date: /home/dwd/Documents/project/esp_ws/install/micro_ros_setup/./config/freertos/crazyflie21/package.xml
[7.482s] -- Up-to-date: /home/dwd/Documents/project/esp_ws/install/micro_ros_setup/./config/freertos/crazyflie21/client_uros_packages.repos
[7.482s] -- Up-to-date: /home/dwd/Documents/project/esp_ws/install/micro_ros_setup/./config/freertos/crazyflie21/board.repos
[7.483s] -- Up-to-date: /home/dwd/Documents/project/esp_ws/install/micro_ros_setup/./config/freertos/crazyflie21/flash.sh
[7.483s] -- Up-to-date: /home/dwd/Documents/project/esp_ws/install/micro_ros_setup/./config/freertos/crazyflie21/build.sh
[7.483s] -- Up-to-date: /home/dwd/Documents/project/esp_ws/install/micro_ros_setup/./config/freertos/list_apps.sh
[7.483s] -- Up-to-date: /home/dwd/Documents/project/esp_ws/install/micro_ros_setup/./config/freertos/nucleo_f767zi
[7.483s] -- Up-to-date: /home/dwd/Documents/project/esp_ws/install/micro_ros_setup/./config/freertos/nucleo_f767zi/client-colcon.meta
[7.484s] -- Up-to-date: /home/dwd/Documents/project/esp_ws/install/micro_ros_setup/./config/freertos/nucleo_f767zi/create.sh
[7.484s] -- Up-to-date: /home/dwd/Documents/project/esp_ws/install/micro_ros_setup/./config/freertos/nucleo_f767zi/configure.sh
[7.484s] -- Up-to-date: /home/dwd/Documents/project/esp_ws/install/micro_ros_setup/./config/freertos/nucleo_f767zi/package.xml
[7.484s] -- Up-to-date: /home/dwd/Documents/project/esp_ws/install/micro_ros_setup/./config/freertos/nucleo_f767zi/reset.sh
[7.484s] -- Up-to-date: /home/dwd/Documents/project/esp_ws/install/micro_ros_setup/./config/freertos/nucleo_f767zi/client_uros_packages.repos
[7.484s] -- Up-to-date: /home/dwd/Documents/project/esp_ws/install/micro_ros_setup/./config/freertos/nucleo_f767zi/board.repos
[7.484s] -- Up-to-date: /home/dwd/Documents/project/esp_ws/install/micro_ros_setup/./config/freertos/nucleo_f767zi/flash.sh
[7.484s] -- Up-to-date: /home/dwd/Documents/project/esp_ws/install/micro_ros_setup/./config/freertos/nucleo_f767zi/build.sh
[7.484s] -- Up-to-date: /home/dwd/Documents/project/esp_ws/install/micro_ros_setup/./config/freertos/nucleo_f446re
[7.484s] -- Up-to-date: /home/dwd/Documents/project/esp_ws/install/micro_ros_setup/./config/freertos/nucleo_f446re/client-colcon.meta
[7.484s] -- Up-to-date: /home/dwd/Documents/project/esp_ws/install/micro_ros_setup/./config/freertos/nucleo_f446re/create.sh
[7.484s] -- Up-to-date: /home/dwd/Documents/project/esp_ws/install/micro_ros_setup/./config/freertos/nucleo_f446re/configure.sh
[7.485s] -- Up-to-date: /home/dwd/Documents/project/esp_ws/install/micro_ros_setup/./config/freertos/nucleo_f446re/package.xml
[7.485s] -- Up-to-date: /home/dwd/Documents/project/esp_ws/install/micro_ros_setup/./config/freertos/nucleo_f446re/reset.sh
[7.485s] -- Up-to-date: /home/dwd/Documents/project/esp_ws/install/micro_ros_setup/./config/freertos/nucleo_f446re/client_uros_packages.repos
[7.485s] -- Up-to-date: /home/dwd/Documents/project/esp_ws/install/micro_ros_setup/./config/freertos/nucleo_f446re/board.repos
[7.485s] -- Up-to-date: /home/dwd/Documents/project/esp_ws/install/micro_ros_setup/./config/freertos/nucleo_f446re/flash.sh
[7.485s] -- Up-to-date: /home/dwd/Documents/project/esp_ws/install/micro_ros_setup/./config/freertos/nucleo_f446re/build.sh
[7.485s] -- Up-to-date: /home/dwd/Documents/project/esp_ws/install/micro_ros_setup/./config/freertos/dev_ros2_packages.txt
[7.485s] -- Up-to-date: /home/dwd/Documents/project/esp_ws/install/micro_ros_setup/./config/freertos/nucleo_f746zg
[7.485s] -- Up-to-date: /home/dwd/Documents/project/esp_ws/install/micro_ros_setup/./config/freertos/nucleo_f746zg/client-colcon.meta
[7.485s] -- Up-to-date: /home/dwd/Documents/project/esp_ws/install/micro_ros_setup/./config/freertos/nucleo_f746zg/create.sh
[7.485s] -- Up-to-date: /home/dwd/Documents/project/esp_ws/install/micro_ros_setup/./config/freertos/nucleo_f746zg/configure.sh
[7.485s] -- Up-to-date: /home/dwd/Documents/project/esp_ws/install/micro_ros_setup/./config/freertos/nucleo_f746zg/package.xml
[7.485s] -- Up-to-date: /home/dwd/Documents/project/esp_ws/install/micro_ros_setup/./config/freertos/nucleo_f746zg/reset.sh
[7.486s] -- Up-to-date: /home/dwd/Documents/project/esp_ws/install/micro_ros_setup/./config/freertos/nucleo_f746zg/client_uros_packages.repos
[7.486s] -- Up-to-date: /home/dwd/Documents/project/esp_ws/install/micro_ros_setup/./config/freertos/nucleo_f746zg/board.repos
[7.486s] -- Up-to-date: /home/dwd/Documents/project/esp_ws/install/micro_ros_setup/./config/freertos/nucleo_f746zg/flash.sh
[7.486s] -- Up-to-date: /home/dwd/Documents/project/esp_ws/install/micro_ros_setup/./config/freertos/nucleo_f746zg/build.sh
[7.486s] -- Up-to-date: /home/dwd/Documents/project/esp_ws/install/micro_ros_setup/./config/freertos/dev_uros_packages.repos
[7.486s] -- Up-to-date: /home/dwd/Documents/project/esp_ws/install/micro_ros_setup/./config/freertos/nucleo_f446ze
[7.486s] -- Up-to-date: /home/dwd/Documents/project/esp_ws/install/micro_ros_setup/./config/freertos/nucleo_f446ze/client-colcon.meta
[7.486s] -- Up-to-date: /home/dwd/Documents/project/esp_ws/install/micro_ros_setup/./config/freertos/nucleo_f446ze/create.sh
[7.486s] -- Up-to-date: /home/dwd/Documents/project/esp_ws/install/micro_ros_setup/./config/freertos/nucleo_f446ze/configure.sh
[7.486s] -- Up-to-date: /home/dwd/Documents/project/esp_ws/install/micro_ros_setup/./config/freertos/nucleo_f446ze/package.xml
[7.486s] -- Up-to-date: /home/dwd/Documents/project/esp_ws/install/micro_ros_setup/./config/freertos/nucleo_f446ze/reset.sh
[7.487s] -- Up-to-date: /home/dwd/Documents/project/esp_ws/install/micro_ros_setup/./config/freertos/nucleo_f446ze/client_uros_packages.repos
[7.487s] -- Up-to-date: /home/dwd/Documents/project/esp_ws/install/micro_ros_setup/./config/freertos/nucleo_f446ze/board.repos
[7.487s] -- Up-to-date: /home/dwd/Documents/project/esp_ws/install/micro_ros_setup/./config/freertos/nucleo_f446ze/flash.sh
[7.487s] -- Up-to-date: /home/dwd/Documents/project/esp_ws/install/micro_ros_setup/./config/freertos/nucleo_f446ze/build.sh
[7.487s] -- Up-to-date: /home/dwd/Documents/project/esp_ws/install/micro_ros_setup/./config/freertos/olimex-stm32-e407
[7.487s] -- Up-to-date: /home/dwd/Documents/project/esp_ws/install/micro_ros_setup/./config/freertos/olimex-stm32-e407/client-colcon.meta
[7.487s] -- Up-to-date: /home/dwd/Documents/project/esp_ws/install/micro_ros_setup/./config/freertos/olimex-stm32-e407/create.sh
[7.487s] -- Up-to-date: /home/dwd/Documents/project/esp_ws/install/micro_ros_setup/./config/freertos/olimex-stm32-e407/configure.sh
[7.487s] -- Up-to-date: /home/dwd/Documents/project/esp_ws/install/micro_ros_setup/./config/freertos/olimex-stm32-e407/package.xml
[7.487s] -- Up-to-date: /home/dwd/Documents/project/esp_ws/install/micro_ros_setup/./config/freertos/olimex-stm32-e407/reset.sh
[7.487s] -- Up-to-date: /home/dwd/Documents/project/esp_ws/install/micro_ros_setup/./config/freertos/olimex-stm32-e407/client_uros_packages.repos
[7.487s] -- Up-to-date: /home/dwd/Documents/project/esp_ws/install/micro_ros_setup/./config/freertos/olimex-stm32-e407/board.repos
[7.488s] -- Up-to-date: /home/dwd/Documents/project/esp_ws/install/micro_ros_setup/./config/freertos/olimex-stm32-e407/flash.sh
[7.488s] -- Up-to-date: /home/dwd/Documents/project/esp_ws/install/micro_ros_setup/./config/freertos/olimex-stm32-e407/build.sh
[7.488s] -- Up-to-date: /home/dwd/Documents/project/esp_ws/install/micro_ros_setup/./config/utils.sh
[7.488s] -- Up-to-date: /home/dwd/Documents/project/esp_ws/install/micro_ros_setup/./config/client_ros2_packages.txt
[7.488s] -- Up-to-date: /home/dwd/Documents/project/esp_ws/install/micro_ros_setup/./config/client_uros_packages.repos
[7.488s] -- Up-to-date: /home/dwd/Documents/project/esp_ws/install/micro_ros_setup/./config/zephyr
[7.488s] -- Up-to-date: /home/dwd/Documents/project/esp_ws/install/micro_ros_setup/./config/zephyr/list_apps.sh
[7.488s] -- Up-to-date: /home/dwd/Documents/project/esp_ws/install/micro_ros_setup/./config/zephyr/dev_ros2_packages.txt
[7.488s] -- Up-to-date: /home/dwd/Documents/project/esp_ws/install/micro_ros_setup/./config/zephyr/dev_uros_packages.repos
[7.488s] -- Up-to-date: /home/dwd/Documents/project/esp_ws/install/micro_ros_setup/./config/zephyr/generic
[7.489s] -- Up-to-date: /home/dwd/Documents/project/esp_ws/install/micro_ros_setup/./config/zephyr/generic/client-colcon.meta
[7.489s] -- Up-to-date: /home/dwd/Documents/project/esp_ws/install/micro_ros_setup/./config/zephyr/generic/create.sh
[7.489s] -- Up-to-date: /home/dwd/Documents/project/esp_ws/install/micro_ros_setup/./config/zephyr/generic/configure.sh
[7.489s] -- Up-to-date: /home/dwd/Documents/project/esp_ws/install/micro_ros_setup/./config/zephyr/generic/package.xml
[7.489s] -- Up-to-date: /home/dwd/Documents/project/esp_ws/install/micro_ros_setup/./config/zephyr/generic/reset.sh
[7.489s] -- Up-to-date: /home/dwd/Documents/project/esp_ws/install/micro_ros_setup/./config/zephyr/generic/client_uros_packages.repos
[7.489s] -- Up-to-date: /home/dwd/Documents/project/esp_ws/install/micro_ros_setup/./config/zephyr/generic/board.repos
[7.489s] -- Up-to-date: /home/dwd/Documents/project/esp_ws/install/micro_ros_setup/./config/zephyr/generic/supported_platforms
[7.489s] -- Up-to-date: /home/dwd/Documents/project/esp_ws/install/micro_ros_setup/./config/zephyr/generic/flash.sh
[7.489s] -- Up-to-date: /home/dwd/Documents/project/esp_ws/install/micro_ros_setup/./config/zephyr/generic/build.sh
[7.489s] -- Up-to-date: /home/dwd/Documents/project/esp_ws/install/micro_ros_setup/./config/raspbian
[7.490s] -- Up-to-date: /home/dwd/Documents/project/esp_ws/install/micro_ros_setup/./config/raspbian/dev_ros2_packages.txt
[7.490s] -- Up-to-date: /home/dwd/Documents/project/esp_ws/install/micro_ros_setup/./config/raspbian/dev_uros_packages.repos
[7.490s] -- Up-to-date: /home/dwd/Documents/project/esp_ws/install/micro_ros_setup/./config/raspbian/generic
[7.490s] -- Up-to-date: /home/dwd/Documents/project/esp_ws/install/micro_ros_setup/./config/raspbian/generic/client-colcon.meta
[7.490s] -- Up-to-date: /home/dwd/Documents/project/esp_ws/install/micro_ros_setup/./config/raspbian/generic/create.sh
[7.490s] -- Up-to-date: /home/dwd/Documents/project/esp_ws/install/micro_ros_setup/./config/raspbian/generic/configure.sh
[7.490s] -- Up-to-date: /home/dwd/Documents/project/esp_ws/install/micro_ros_setup/./config/raspbian/generic/client_uros_packages.repos
[7.490s] -- Up-to-date: /home/dwd/Documents/project/esp_ws/install/micro_ros_setup/./config/raspbian/generic/supported_platforms
[7.490s] -- Up-to-date: /home/dwd/Documents/project/esp_ws/install/micro_ros_setup/./config/raspbian/generic/flash.sh
[7.490s] -- Up-to-date: /home/dwd/Documents/project/esp_ws/install/micro_ros_setup/./config/raspbian/generic/build.sh
[7.490s] -- Up-to-date: /home/dwd/Documents/project/esp_ws/install/micro_ros_setup/./config/agent_uros_packages.repos
[7.490s] -- Up-to-date: /home/dwd/Documents/project/esp_ws/install/micro_ros_setup/./config/renesas_ra
[7.491s] -- Up-to-date: /home/dwd/Documents/project/esp_ws/install/micro_ros_setup/./config/renesas_ra/list_apps.sh
[7.491s] -- Up-to-date: /home/dwd/Documents/project/esp_ws/install/micro_ros_setup/./config/renesas_ra/ra6m5
[7.491s] -- Up-to-date: /home/dwd/Documents/project/esp_ws/install/micro_ros_setup/./config/renesas_ra/ra6m5/client-colcon.meta
[7.491s] -- Up-to-date: /home/dwd/Documents/project/esp_ws/install/micro_ros_setup/./config/renesas_ra/ra6m5/create.sh
[7.491s] -- Up-to-date: /home/dwd/Documents/project/esp_ws/install/micro_ros_setup/./config/renesas_ra/ra6m5/configure.sh
[7.491s] -- Up-to-date: /home/dwd/Documents/project/esp_ws/install/micro_ros_setup/./config/renesas_ra/ra6m5/client_uros_packages.repos
[7.491s] -- Up-to-date: /home/dwd/Documents/project/esp_ws/install/micro_ros_setup/./config/renesas_ra/ra6m5/board.repos
[7.491s] -- Up-to-date: /home/dwd/Documents/project/esp_ws/install/micro_ros_setup/./config/renesas_ra/ra6m5/flash.sh
[7.491s] -- Up-to-date: /home/dwd/Documents/project/esp_ws/install/micro_ros_setup/./config/renesas_ra/ra6m5/build.sh
[7.491s] -- Up-to-date: /home/dwd/Documents/project/esp_ws/install/micro_ros_setup/./config/renesas_ra/dev_ros2_packages.txt
[7.491s] -- Up-to-date: /home/dwd/Documents/project/esp_ws/install/micro_ros_setup/./config/renesas_ra/dev_uros_packages.repos
[7.491s] -- Up-to-date: /home/dwd/Documents/project/esp_ws/install/micro_ros_setup/./config/agent_ros2_packages.txt
[7.492s] -- Up-to-date: /home/dwd/Documents/project/esp_ws/install/micro_ros_setup/lib/micro_ros_setup/create_ws.sh
[7.492s] -- Up-to-date: /home/dwd/Documents/project/esp_ws/install/micro_ros_setup/lib/micro_ros_setup/create_agent_ws.sh
[7.492s] -- Up-to-date: /home/dwd/Documents/project/esp_ws/install/micro_ros_setup/lib/micro_ros_setup/create_firmware_ws.sh
[7.492s] -- Up-to-date: /home/dwd/Documents/project/esp_ws/install/micro_ros_setup/lib/micro_ros_setup/configure_firmware.sh
[7.492s] -- Up-to-date: /home/dwd/Documents/project/esp_ws/install/micro_ros_setup/lib/micro_ros_setup/flash_firmware.sh
[7.492s] -- Up-to-date: /home/dwd/Documents/project/esp_ws/install/micro_ros_setup/lib/micro_ros_setup/reset_firmware.sh
[7.492s] -- Up-to-date: /home/dwd/Documents/project/esp_ws/install/micro_ros_setup/lib/micro_ros_setup/build_firmware.sh
[7.492s] -- Up-to-date: /home/dwd/Documents/project/esp_ws/install/micro_ros_setup/lib/micro_ros_setup/build_agent.sh
[7.492s] -- Up-to-date: /home/dwd/Documents/project/esp_ws/install/micro_ros_setup/lib/micro_ros_setup/yaml_filter.py
[7.492s] -- Up-to-date: /home/dwd/Documents/project/esp_ws/install/micro_ros_setup/lib/micro_ros_setup/clean_env.sh
[7.493s] Invoked command in '/home/dwd/Documents/project/esp_ws/build/micro_ros_setup' returned '0': CMAKE_PREFIX_PATH=${CMAKE_PREFIX_PATH}:/opt/ros/foxy /bin/cmake --install /home/dwd/Documents/project/esp_ws/build/micro_ros_setup
